{"/Users/22282216/Desktop/BackEnd-Costurie/controller/usuarioController.js": {"path":"/Users/22282216/Desktop/BackEnd-Costurie/controller/usuarioController.js","statementMap":{"0":{"start":{"line":9,"column":14},"end":{"line":9,"column":55}},"1":{"start":{"line":12,"column":12},"end":{"line":12,"column":53}},"2":{"start":{"line":15,"column":21},"end":{"line":15,"column":56}},"3":{"start":{"line":16,"column":17},"end":{"line":16,"column":48}},"4":{"start":{"line":17,"column":24},"end":{"line":17,"column":62}},"5":{"start":{"line":19,"column":24},"end":{"line":19,"column":62}},"6":{"start":{"line":21,"column":22},"end":{"line":61,"column":1}},"7":{"start":{"line":22,"column":2},"end":{"line":60,"column":3}},"8":{"start":{"line":33,"column":4},"end":{"line":33,"column":41}},"9":{"start":{"line":35,"column":22},"end":{"line":35,"column":83}},"10":{"start":{"line":37,"column":4},"end":{"line":59,"column":5}},"11":{"start":{"line":38,"column":6},"end":{"line":38,"column":48}},"12":{"start":{"line":40,"column":31},"end":{"line":40,"column":82}},"13":{"start":{"line":43,"column":6},"end":{"line":58,"column":7}},"14":{"start":{"line":45,"column":26},"end":{"line":45,"column":71}},"15":{"start":{"line":48,"column":24},"end":{"line":48,"column":62}},"16":{"start":{"line":50,"column":31},"end":{"line":50,"column":33}},"17":{"start":{"line":51,"column":8},"end":{"line":51,"column":70}},"18":{"start":{"line":52,"column":8},"end":{"line":52,"column":48}},"19":{"start":{"line":53,"column":8},"end":{"line":53,"column":42}},"20":{"start":{"line":55,"column":8},"end":{"line":55,"column":32}},"21":{"start":{"line":57,"column":8},"end":{"line":57,"column":45}},"22":{"start":{"line":63,"column":26},"end":{"line":90,"column":1}},"23":{"start":{"line":64,"column":2},"end":{"line":89,"column":3}},"24":{"start":{"line":72,"column":4},"end":{"line":72,"column":41}},"25":{"start":{"line":75,"column":16},"end":{"line":75,"column":69}},"26":{"start":{"line":77,"column":4},"end":{"line":88,"column":5}},"27":{"start":{"line":79,"column":22},"end":{"line":79,"column":54}},"28":{"start":{"line":81,"column":27},"end":{"line":81,"column":29}},"29":{"start":{"line":82,"column":6},"end":{"line":82,"column":38}},"30":{"start":{"line":83,"column":6},"end":{"line":83,"column":34}},"31":{"start":{"line":84,"column":6},"end":{"line":84,"column":39}},"32":{"start":{"line":85,"column":6},"end":{"line":85,"column":28}},"33":{"start":{"line":87,"column":6},"end":{"line":87,"column":42}},"34":{"start":{"line":92,"column":23},"end":{"line":103,"column":1}},"35":{"start":{"line":93,"column":20},"end":{"line":93,"column":68}},"36":{"start":{"line":94,"column":2},"end":{"line":102,"column":3}},"37":{"start":{"line":95,"column":25},"end":{"line":95,"column":27}},"38":{"start":{"line":96,"column":4},"end":{"line":96,"column":39}},"39":{"start":{"line":97,"column":4},"end":{"line":97,"column":69}},"40":{"start":{"line":98,"column":4},"end":{"line":98,"column":71}},"41":{"start":{"line":99,"column":4},"end":{"line":99,"column":26}},"42":{"start":{"line":101,"column":4},"end":{"line":101,"column":41}},"43":{"start":{"line":105,"column":34},"end":{"line":124,"column":1}},"44":{"start":{"line":107,"column":23},"end":{"line":107,"column":65}},"45":{"start":{"line":109,"column":2},"end":{"line":123,"column":3}},"46":{"start":{"line":110,"column":29},"end":{"line":110,"column":106}},"47":{"start":{"line":112,"column":4},"end":{"line":120,"column":5}},"48":{"start":{"line":113,"column":29},"end":{"line":113,"column":31}},"49":{"start":{"line":114,"column":6},"end":{"line":114,"column":52}},"50":{"start":{"line":115,"column":6},"end":{"line":115,"column":41}},"51":{"start":{"line":117,"column":6},"end":{"line":117,"column":30}},"52":{"start":{"line":119,"column":6},"end":{"line":119,"column":43}},"53":{"start":{"line":122,"column":4},"end":{"line":122,"column":41}},"54":{"start":{"line":126,"column":24},"end":{"line":163,"column":1}},"55":{"start":{"line":127,"column":2},"end":{"line":162,"column":3}},"56":{"start":{"line":129,"column":4},"end":{"line":129,"column":45}},"57":{"start":{"line":132,"column":21},"end":{"line":132,"column":73}},"58":{"start":{"line":134,"column":4},"end":{"line":161,"column":5}},"59":{"start":{"line":136,"column":24},"end":{"line":136,"column":75}},"60":{"start":{"line":138,"column":22},"end":{"line":138,"column":52}},"61":{"start":{"line":140,"column":22},"end":{"line":140,"column":50}},"62":{"start":{"line":144,"column":16},"end":{"line":144,"column":26}},"63":{"start":{"line":146,"column":26},"end":{"line":146,"column":85}},"64":{"start":{"line":148,"column":6},"end":{"line":158,"column":7}},"65":{"start":{"line":150,"column":29},"end":{"line":150,"column":31}},"66":{"start":{"line":151,"column":8},"end":{"line":151,"column":47}},"67":{"start":{"line":152,"column":8},"end":{"line":152,"column":83}},"68":{"start":{"line":153,"column":8},"end":{"line":153,"column":35}},"69":{"start":{"line":155,"column":8},"end":{"line":155,"column":29}},"70":{"start":{"line":157,"column":8},"end":{"line":157,"column":42}},"71":{"start":{"line":160,"column":6},"end":{"line":160,"column":41}},"72":{"start":{"line":165,"column":27},"end":{"line":188,"column":1}},"73":{"start":{"line":167,"column":2},"end":{"line":187,"column":3}},"74":{"start":{"line":168,"column":4},"end":{"line":168,"column":45}},"75":{"start":{"line":169,"column":9},"end":{"line":187,"column":3}},"76":{"start":{"line":170,"column":4},"end":{"line":170,"column":35}},"77":{"start":{"line":173,"column":27},"end":{"line":173,"column":80}},"78":{"start":{"line":175,"column":4},"end":{"line":186,"column":5}},"79":{"start":{"line":177,"column":30},"end":{"line":177,"column":82}},"80":{"start":{"line":179,"column":26},"end":{"line":179,"column":28}},"81":{"start":{"line":180,"column":6},"end":{"line":180,"column":47}},"82":{"start":{"line":181,"column":6},"end":{"line":181,"column":32}},"83":{"start":{"line":182,"column":6},"end":{"line":182,"column":63}},"84":{"start":{"line":183,"column":6},"end":{"line":183,"column":26}},"85":{"start":{"line":185,"column":6},"end":{"line":185,"column":41}},"86":{"start":{"line":190,"column":26},"end":{"line":210,"column":1}},"87":{"start":{"line":192,"column":2},"end":{"line":209,"column":3}},"88":{"start":{"line":194,"column":4},"end":{"line":194,"column":35}},"89":{"start":{"line":196,"column":40},"end":{"line":196,"column":98}},"90":{"start":{"line":198,"column":4},"end":{"line":208,"column":5}},"91":{"start":{"line":199,"column":30},"end":{"line":199,"column":82}},"92":{"start":{"line":201,"column":29},"end":{"line":201,"column":31}},"93":{"start":{"line":202,"column":6},"end":{"line":202,"column":50}},"94":{"start":{"line":203,"column":6},"end":{"line":203,"column":35}},"95":{"start":{"line":204,"column":6},"end":{"line":204,"column":66}},"96":{"start":{"line":205,"column":6},"end":{"line":205,"column":29}},"97":{"start":{"line":207,"column":6},"end":{"line":207,"column":41}},"98":{"start":{"line":212,"column":33},"end":{"line":233,"column":1}},"99":{"start":{"line":213,"column":18},"end":{"line":213,"column":20}},"100":{"start":{"line":214,"column":2},"end":{"line":232,"column":3}},"101":{"start":{"line":217,"column":4},"end":{"line":217,"column":40}},"102":{"start":{"line":219,"column":33},"end":{"line":219,"column":92}},"103":{"start":{"line":221,"column":4},"end":{"line":231,"column":5}},"104":{"start":{"line":222,"column":6},"end":{"line":222,"column":62}},"105":{"start":{"line":223,"column":6},"end":{"line":223,"column":28}},"106":{"start":{"line":225,"column":6},"end":{"line":225,"column":22}},"107":{"start":{"line":228,"column":6},"end":{"line":228,"column":63}},"108":{"start":{"line":229,"column":6},"end":{"line":229,"column":28}},"109":{"start":{"line":230,"column":6},"end":{"line":230,"column":22}},"110":{"start":{"line":235,"column":26},"end":{"line":341,"column":1}},"111":{"start":{"line":238,"column":25},"end":{"line":238,"column":27}},"112":{"start":{"line":239,"column":29},"end":{"line":239,"column":31}},"113":{"start":{"line":240,"column":17},"end":{"line":240,"column":19}},"114":{"start":{"line":242,"column":2},"end":{"line":340,"column":3}},"115":{"start":{"line":243,"column":4},"end":{"line":243,"column":35}},"116":{"start":{"line":246,"column":27},"end":{"line":246,"column":81}},"117":{"start":{"line":250,"column":4},"end":{"line":338,"column":5}},"118":{"start":{"line":252,"column":31},"end":{"line":252,"column":76}},"119":{"start":{"line":256,"column":6},"end":{"line":317,"column":7}},"120":{"start":{"line":257,"column":8},"end":{"line":268,"column":10}},"121":{"start":{"line":259,"column":29},"end":{"line":259,"column":31}},"122":{"start":{"line":261,"column":10},"end":{"line":261,"column":46}},"123":{"start":{"line":262,"column":10},"end":{"line":262,"column":50}},"124":{"start":{"line":263,"column":10},"end":{"line":263,"column":54}},"125":{"start":{"line":264,"column":10},"end":{"line":264,"column":58}},"126":{"start":{"line":265,"column":10},"end":{"line":265,"column":62}},"127":{"start":{"line":267,"column":10},"end":{"line":267,"column":37}},"128":{"start":{"line":270,"column":8},"end":{"line":283,"column":10}},"129":{"start":{"line":271,"column":10},"end":{"line":271,"column":62}},"130":{"start":{"line":272,"column":10},"end":{"line":272,"column":50}},"131":{"start":{"line":273,"column":10},"end":{"line":273,"column":60}},"132":{"start":{"line":274,"column":10},"end":{"line":274,"column":72}},"133":{"start":{"line":275,"column":10},"end":{"line":275,"column":50}},"134":{"start":{"line":276,"column":10},"end":{"line":276,"column":54}},"135":{"start":{"line":277,"column":10},"end":{"line":277,"column":54}},"136":{"start":{"line":278,"column":10},"end":{"line":278,"column":54}},"137":{"start":{"line":279,"column":10},"end":{"line":279,"column":52}},"138":{"start":{"line":280,"column":10},"end":{"line":280,"column":52}},"139":{"start":{"line":282,"column":10},"end":{"line":282,"column":70}},"140":{"start":{"line":288,"column":33},"end":{"line":288,"column":120}},"141":{"start":{"line":290,"column":8},"end":{"line":295,"column":9}},"142":{"start":{"line":292,"column":10},"end":{"line":292,"column":63}},"143":{"start":{"line":294,"column":10},"end":{"line":294,"column":86}},"144":{"start":{"line":298,"column":8},"end":{"line":298,"column":44}},"145":{"start":{"line":301,"column":8},"end":{"line":301,"column":55}},"146":{"start":{"line":303,"column":8},"end":{"line":313,"column":9}},"147":{"start":{"line":304,"column":10},"end":{"line":304,"column":39}},"148":{"start":{"line":305,"column":10},"end":{"line":305,"column":69}},"149":{"start":{"line":307,"column":10},"end":{"line":307,"column":33}},"150":{"start":{"line":309,"column":10},"end":{"line":309,"column":78}},"151":{"start":{"line":310,"column":10},"end":{"line":310,"column":39}},"152":{"start":{"line":312,"column":10},"end":{"line":312,"column":33}},"153":{"start":{"line":316,"column":8},"end":{"line":316,"column":44}},"154":{"start":{"line":320,"column":25},"end":{"line":320,"column":73}},"155":{"start":{"line":323,"column":6},"end":{"line":323,"column":48}},"156":{"start":{"line":324,"column":6},"end":{"line":337,"column":7}},"157":{"start":{"line":326,"column":8},"end":{"line":326,"column":37}},"158":{"start":{"line":327,"column":8},"end":{"line":327,"column":67}},"159":{"start":{"line":331,"column":8},"end":{"line":331,"column":31}},"160":{"start":{"line":333,"column":8},"end":{"line":333,"column":76}},"161":{"start":{"line":334,"column":8},"end":{"line":334,"column":37}},"162":{"start":{"line":336,"column":8},"end":{"line":336,"column":31}},"163":{"start":{"line":343,"column":33},"end":{"line":436,"column":1}},"164":{"start":{"line":344,"column":31},"end":{"line":344,"column":33}},"165":{"start":{"line":346,"column":31},"end":{"line":346,"column":103}},"166":{"start":{"line":352,"column":2},"end":{"line":435,"column":3}},"167":{"start":{"line":363,"column":4},"end":{"line":363,"column":45}},"168":{"start":{"line":366,"column":9},"end":{"line":435,"column":3}},"169":{"start":{"line":370,"column":4},"end":{"line":403,"column":5}},"170":{"start":{"line":372,"column":32},"end":{"line":372,"column":104}},"171":{"start":{"line":374,"column":6},"end":{"line":388,"column":7}},"172":{"start":{"line":376,"column":8},"end":{"line":376,"column":67}},"173":{"start":{"line":378,"column":32},"end":{"line":378,"column":95}},"174":{"start":{"line":380,"column":8},"end":{"line":380,"column":69}},"175":{"start":{"line":382,"column":8},"end":{"line":382,"column":77}},"176":{"start":{"line":383,"column":8},"end":{"line":383,"column":75}},"177":{"start":{"line":385,"column":8},"end":{"line":385,"column":37}},"178":{"start":{"line":387,"column":8},"end":{"line":387,"column":44}},"179":{"start":{"line":391,"column":6},"end":{"line":391,"column":65}},"180":{"start":{"line":393,"column":30},"end":{"line":393,"column":90}},"181":{"start":{"line":397,"column":6},"end":{"line":397,"column":70}},"182":{"start":{"line":399,"column":6},"end":{"line":399,"column":75}},"183":{"start":{"line":400,"column":6},"end":{"line":400,"column":73}},"184":{"start":{"line":402,"column":6},"end":{"line":402,"column":35}},"185":{"start":{"line":406,"column":9},"end":{"line":435,"column":3}},"186":{"start":{"line":407,"column":30},"end":{"line":407,"column":102}},"187":{"start":{"line":409,"column":4},"end":{"line":423,"column":5}},"188":{"start":{"line":410,"column":32},"end":{"line":410,"column":58}},"189":{"start":{"line":412,"column":6},"end":{"line":419,"column":7}},"190":{"start":{"line":413,"column":8},"end":{"line":413,"column":69}},"191":{"start":{"line":414,"column":8},"end":{"line":414,"column":77}},"192":{"start":{"line":415,"column":8},"end":{"line":415,"column":75}},"193":{"start":{"line":416,"column":8},"end":{"line":416,"column":37}},"194":{"start":{"line":418,"column":8},"end":{"line":418,"column":45}},"195":{"start":{"line":422,"column":6},"end":{"line":422,"column":42}},"196":{"start":{"line":425,"column":30},"end":{"line":425,"column":56}},"197":{"start":{"line":427,"column":4},"end":{"line":434,"column":5}},"198":{"start":{"line":428,"column":6},"end":{"line":428,"column":67}},"199":{"start":{"line":429,"column":6},"end":{"line":429,"column":75}},"200":{"start":{"line":430,"column":6},"end":{"line":430,"column":73}},"201":{"start":{"line":431,"column":6},"end":{"line":431,"column":35}},"202":{"start":{"line":433,"column":6},"end":{"line":433,"column":43}},"203":{"start":{"line":438,"column":18},"end":{"line":465,"column":1}},"204":{"start":{"line":439,"column":31},"end":{"line":439,"column":33}},"205":{"start":{"line":440,"column":24},"end":{"line":440,"column":26}},"206":{"start":{"line":444,"column":2},"end":{"line":454,"column":3}},"207":{"start":{"line":444,"column":15},"end":{"line":444,"column":16}},"208":{"start":{"line":445,"column":14},"end":{"line":445,"column":31}},"209":{"start":{"line":447,"column":4},"end":{"line":447,"column":76}},"210":{"start":{"line":449,"column":31},"end":{"line":449,"column":77}},"211":{"start":{"line":451,"column":24},"end":{"line":451,"column":89}},"212":{"start":{"line":453,"column":4},"end":{"line":453,"column":42}},"213":{"start":{"line":456,"column":2},"end":{"line":456,"column":59}},"214":{"start":{"line":458,"column":2},"end":{"line":458,"column":61}},"215":{"start":{"line":460,"column":26},"end":{"line":460,"column":89}},"216":{"start":{"line":462,"column":2},"end":{"line":462,"column":55}},"217":{"start":{"line":464,"column":2},"end":{"line":464,"column":31}},"218":{"start":{"line":467,"column":23},"end":{"line":482,"column":1}},"219":{"start":{"line":469,"column":21},"end":{"line":469,"column":61}},"220":{"start":{"line":471,"column":2},"end":{"line":481,"column":3}},"221":{"start":{"line":472,"column":27},"end":{"line":472,"column":29}},"222":{"start":{"line":474,"column":4},"end":{"line":474,"column":44}},"223":{"start":{"line":475,"column":4},"end":{"line":475,"column":33}},"224":{"start":{"line":476,"column":4},"end":{"line":476,"column":66}},"225":{"start":{"line":478,"column":4},"end":{"line":478,"column":27}},"226":{"start":{"line":480,"column":4},"end":{"line":480,"column":40}},"227":{"start":{"line":484,"column":31},"end":{"line":515,"column":1}},"228":{"start":{"line":485,"column":26},"end":{"line":485,"column":28}},"229":{"start":{"line":486,"column":22},"end":{"line":486,"column":24}},"230":{"start":{"line":488,"column":2},"end":{"line":514,"column":3}},"231":{"start":{"line":489,"column":4},"end":{"line":489,"column":35}},"232":{"start":{"line":490,"column":9},"end":{"line":514,"column":3}},"233":{"start":{"line":491,"column":4},"end":{"line":491,"column":45}},"234":{"start":{"line":494,"column":24},"end":{"line":494,"column":73}},"235":{"start":{"line":496,"column":4},"end":{"line":513,"column":5}},"236":{"start":{"line":498,"column":6},"end":{"line":504,"column":7}},"237":{"start":{"line":498,"column":19},"end":{"line":498,"column":20}},"238":{"start":{"line":499,"column":27},"end":{"line":499,"column":43}},"239":{"start":{"line":501,"column":22},"end":{"line":501,"column":85}},"240":{"start":{"line":503,"column":8},"end":{"line":503,"column":38}},"241":{"start":{"line":506,"column":6},"end":{"line":506,"column":48}},"242":{"start":{"line":507,"column":6},"end":{"line":507,"column":68}},"243":{"start":{"line":508,"column":6},"end":{"line":508,"column":66}},"244":{"start":{"line":510,"column":6},"end":{"line":510,"column":30}},"245":{"start":{"line":512,"column":6},"end":{"line":512,"column":42}},"246":{"start":{"line":517,"column":23},"end":{"line":541,"column":1}},"247":{"start":{"line":519,"column":2},"end":{"line":540,"column":3}},"248":{"start":{"line":520,"column":4},"end":{"line":520,"column":35}},"249":{"start":{"line":523,"column":26},"end":{"line":523,"column":68}},"250":{"start":{"line":525,"column":24},"end":{"line":525,"column":66}},"251":{"start":{"line":527,"column":4},"end":{"line":539,"column":5}},"252":{"start":{"line":528,"column":6},"end":{"line":528,"column":39}},"253":{"start":{"line":529,"column":11},"end":{"line":539,"column":5}},"254":{"start":{"line":530,"column":29},"end":{"line":530,"column":31}},"255":{"start":{"line":532,"column":6},"end":{"line":532,"column":57}},"256":{"start":{"line":533,"column":6},"end":{"line":533,"column":69}},"257":{"start":{"line":534,"column":6},"end":{"line":534,"column":67}},"258":{"start":{"line":536,"column":6},"end":{"line":536,"column":29}},"259":{"start":{"line":538,"column":6},"end":{"line":538,"column":42}},"260":{"start":{"line":543,"column":25},"end":{"line":581,"column":1}},"261":{"start":{"line":545,"column":30},"end":{"line":545,"column":86}},"262":{"start":{"line":546,"column":28},"end":{"line":546,"column":98}},"263":{"start":{"line":550,"column":2},"end":{"line":580,"column":3}},"264":{"start":{"line":554,"column":4},"end":{"line":554,"column":40}},"265":{"start":{"line":555,"column":9},"end":{"line":580,"column":3}},"266":{"start":{"line":556,"column":4},"end":{"line":556,"column":45}},"267":{"start":{"line":557,"column":9},"end":{"line":580,"column":3}},"268":{"start":{"line":558,"column":4},"end":{"line":558,"column":48}},"269":{"start":{"line":561,"column":29},"end":{"line":561,"column":77}},"270":{"start":{"line":563,"column":4},"end":{"line":579,"column":5}},"271":{"start":{"line":565,"column":24},"end":{"line":565,"column":69}},"272":{"start":{"line":567,"column":29},"end":{"line":567,"column":31}},"273":{"start":{"line":569,"column":22},"end":{"line":569,"column":60}},"274":{"start":{"line":571,"column":6},"end":{"line":571,"column":47}},"275":{"start":{"line":572,"column":6},"end":{"line":572,"column":69}},"276":{"start":{"line":573,"column":6},"end":{"line":573,"column":67}},"277":{"start":{"line":574,"column":6},"end":{"line":574,"column":40}},"278":{"start":{"line":576,"column":6},"end":{"line":576,"column":29}},"279":{"start":{"line":578,"column":6},"end":{"line":578,"column":38}},"280":{"start":{"line":583,"column":0},"end":{"line":599,"column":2}}},"fnMap":{"0":{"name":"(anonymous_0)","decl":{"start":{"line":21,"column":22},"end":{"line":21,"column":23}},"loc":{"start":{"line":21,"column":46},"end":{"line":61,"column":1}},"line":21},"1":{"name":"(anonymous_1)","decl":{"start":{"line":63,"column":26},"end":{"line":63,"column":27}},"loc":{"start":{"line":63,"column":48},"end":{"line":90,"column":1}},"line":63},"2":{"name":"(anonymous_2)","decl":{"start":{"line":92,"column":23},"end":{"line":92,"column":24}},"loc":{"start":{"line":92,"column":40},"end":{"line":103,"column":1}},"line":92},"3":{"name":"(anonymous_3)","decl":{"start":{"line":105,"column":34},"end":{"line":105,"column":35}},"loc":{"start":{"line":105,"column":72},"end":{"line":124,"column":1}},"line":105},"4":{"name":"(anonymous_4)","decl":{"start":{"line":126,"column":24},"end":{"line":126,"column":25}},"loc":{"start":{"line":126,"column":45},"end":{"line":163,"column":1}},"line":126},"5":{"name":"(anonymous_5)","decl":{"start":{"line":165,"column":27},"end":{"line":165,"column":28}},"loc":{"start":{"line":165,"column":48},"end":{"line":188,"column":1}},"line":165},"6":{"name":"(anonymous_6)","decl":{"start":{"line":190,"column":26},"end":{"line":190,"column":27}},"loc":{"start":{"line":190,"column":47},"end":{"line":210,"column":1}},"line":190},"7":{"name":"(anonymous_7)","decl":{"start":{"line":212,"column":33},"end":{"line":212,"column":34}},"loc":{"start":{"line":212,"column":54},"end":{"line":233,"column":1}},"line":212},"8":{"name":"(anonymous_8)","decl":{"start":{"line":235,"column":26},"end":{"line":235,"column":27}},"loc":{"start":{"line":235,"column":40},"end":{"line":341,"column":1}},"line":235},"9":{"name":"(anonymous_9)","decl":{"start":{"line":257,"column":35},"end":{"line":257,"column":36}},"loc":{"start":{"line":257,"column":48},"end":{"line":268,"column":9}},"line":257},"10":{"name":"(anonymous_10)","decl":{"start":{"line":270,"column":35},"end":{"line":270,"column":36}},"loc":{"start":{"line":270,"column":48},"end":{"line":283,"column":9}},"line":270},"11":{"name":"(anonymous_11)","decl":{"start":{"line":343,"column":33},"end":{"line":343,"column":34}},"loc":{"start":{"line":343,"column":54},"end":{"line":436,"column":1}},"line":343},"12":{"name":"(anonymous_12)","decl":{"start":{"line":438,"column":18},"end":{"line":438,"column":19}},"loc":{"start":{"line":438,"column":39},"end":{"line":465,"column":1}},"line":438},"13":{"name":"(anonymous_13)","decl":{"start":{"line":467,"column":23},"end":{"line":467,"column":24}},"loc":{"start":{"line":467,"column":35},"end":{"line":482,"column":1}},"line":467},"14":{"name":"(anonymous_14)","decl":{"start":{"line":484,"column":31},"end":{"line":484,"column":32}},"loc":{"start":{"line":484,"column":46},"end":{"line":515,"column":1}},"line":484},"15":{"name":"(anonymous_15)","decl":{"start":{"line":517,"column":23},"end":{"line":517,"column":24}},"loc":{"start":{"line":517,"column":37},"end":{"line":541,"column":1}},"line":517},"16":{"name":"(anonymous_16)","decl":{"start":{"line":543,"column":25},"end":{"line":543,"column":26}},"loc":{"start":{"line":543,"column":46},"end":{"line":581,"column":1}},"line":543}},"branchMap":{"0":{"loc":{"start":{"line":22,"column":2},"end":{"line":60,"column":3}},"type":"if","locations":[{"start":{"line":22,"column":2},"end":{"line":60,"column":3}},{"start":{"line":34,"column":9},"end":{"line":60,"column":3}}],"line":22},"1":{"loc":{"start":{"line":23,"column":4},"end":{"line":31,"column":35}},"type":"binary-expr","locations":[{"start":{"line":23,"column":4},"end":{"line":23,"column":38}},{"start":{"line":24,"column":4},"end":{"line":24,"column":45}},{"start":{"line":25,"column":4},"end":{"line":25,"column":45}},{"start":{"line":26,"column":4},"end":{"line":26,"column":28}},{"start":{"line":27,"column":4},"end":{"line":27,"column":35}},{"start":{"line":28,"column":4},"end":{"line":28,"column":35}},{"start":{"line":29,"column":4},"end":{"line":29,"column":28}},{"start":{"line":30,"column":4},"end":{"line":30,"column":35}},{"start":{"line":31,"column":4},"end":{"line":31,"column":35}}],"line":23},"2":{"loc":{"start":{"line":37,"column":4},"end":{"line":59,"column":5}},"type":"if","locations":[{"start":{"line":37,"column":4},"end":{"line":59,"column":5}},{"start":{"line":39,"column":11},"end":{"line":59,"column":5}}],"line":37},"3":{"loc":{"start":{"line":43,"column":6},"end":{"line":58,"column":7}},"type":"if","locations":[{"start":{"line":43,"column":6},"end":{"line":58,"column":7}},{"start":{"line":56,"column":13},"end":{"line":58,"column":7}}],"line":43},"4":{"loc":{"start":{"line":64,"column":2},"end":{"line":89,"column":3}},"type":"if","locations":[{"start":{"line":64,"column":2},"end":{"line":89,"column":3}},{"start":{"line":73,"column":9},"end":{"line":89,"column":3}}],"line":64},"5":{"loc":{"start":{"line":65,"column":4},"end":{"line":70,"column":33}},"type":"binary-expr","locations":[{"start":{"line":65,"column":4},"end":{"line":65,"column":26}},{"start":{"line":66,"column":4},"end":{"line":66,"column":33}},{"start":{"line":67,"column":4},"end":{"line":67,"column":33}},{"start":{"line":68,"column":4},"end":{"line":68,"column":26}},{"start":{"line":69,"column":4},"end":{"line":69,"column":33}},{"start":{"line":70,"column":4},"end":{"line":70,"column":33}}],"line":65},"6":{"loc":{"start":{"line":77,"column":4},"end":{"line":88,"column":5}},"type":"if","locations":[{"start":{"line":77,"column":4},"end":{"line":88,"column":5}},{"start":{"line":86,"column":11},"end":{"line":88,"column":5}}],"line":77},"7":{"loc":{"start":{"line":94,"column":2},"end":{"line":102,"column":3}},"type":"if","locations":[{"start":{"line":94,"column":2},"end":{"line":102,"column":3}},{"start":{"line":100,"column":9},"end":{"line":102,"column":3}}],"line":94},"8":{"loc":{"start":{"line":109,"column":2},"end":{"line":123,"column":3}},"type":"if","locations":[{"start":{"line":109,"column":2},"end":{"line":123,"column":3}},{"start":{"line":121,"column":9},"end":{"line":123,"column":3}}],"line":109},"9":{"loc":{"start":{"line":112,"column":4},"end":{"line":120,"column":5}},"type":"if","locations":[{"start":{"line":112,"column":4},"end":{"line":120,"column":5}},{"start":{"line":118,"column":11},"end":{"line":120,"column":5}}],"line":112},"10":{"loc":{"start":{"line":127,"column":2},"end":{"line":162,"column":3}},"type":"if","locations":[{"start":{"line":127,"column":2},"end":{"line":162,"column":3}},{"start":{"line":130,"column":9},"end":{"line":162,"column":3}}],"line":127},"11":{"loc":{"start":{"line":127,"column":6},"end":{"line":128,"column":114}},"type":"binary-expr","locations":[{"start":{"line":127,"column":6},"end":{"line":127,"column":24}},{"start":{"line":127,"column":28},"end":{"line":127,"column":53}},{"start":{"line":127,"column":57},"end":{"line":127,"column":76}},{"start":{"line":128,"column":4},"end":{"line":128,"column":25}},{"start":{"line":128,"column":29},"end":{"line":128,"column":57}},{"start":{"line":128,"column":61},"end":{"line":128,"column":83}},{"start":{"line":128,"column":87},"end":{"line":128,"column":114}}],"line":127},"12":{"loc":{"start":{"line":134,"column":4},"end":{"line":161,"column":5}},"type":"if","locations":[{"start":{"line":134,"column":4},"end":{"line":161,"column":5}},{"start":{"line":159,"column":11},"end":{"line":161,"column":5}}],"line":134},"13":{"loc":{"start":{"line":148,"column":6},"end":{"line":158,"column":7}},"type":"if","locations":[{"start":{"line":148,"column":6},"end":{"line":158,"column":7}},{"start":{"line":156,"column":13},"end":{"line":158,"column":7}}],"line":148},"14":{"loc":{"start":{"line":167,"column":2},"end":{"line":187,"column":3}},"type":"if","locations":[{"start":{"line":167,"column":2},"end":{"line":187,"column":3}},{"start":{"line":169,"column":9},"end":{"line":187,"column":3}}],"line":167},"15":{"loc":{"start":{"line":167,"column":6},"end":{"line":167,"column":118}},"type":"binary-expr","locations":[{"start":{"line":167,"column":6},"end":{"line":167,"column":27}},{"start":{"line":167,"column":31},"end":{"line":167,"column":59}},{"start":{"line":167,"column":63},"end":{"line":167,"column":91}},{"start":{"line":167,"column":95},"end":{"line":167,"column":118}}],"line":167},"16":{"loc":{"start":{"line":169,"column":9},"end":{"line":187,"column":3}},"type":"if","locations":[{"start":{"line":169,"column":9},"end":{"line":187,"column":3}},{"start":{"line":171,"column":9},"end":{"line":187,"column":3}}],"line":169},"17":{"loc":{"start":{"line":169,"column":13},"end":{"line":169,"column":83}},"type":"binary-expr","locations":[{"start":{"line":169,"column":13},"end":{"line":169,"column":31}},{"start":{"line":169,"column":35},"end":{"line":169,"column":60}},{"start":{"line":169,"column":64},"end":{"line":169,"column":83}}],"line":169},"18":{"loc":{"start":{"line":175,"column":4},"end":{"line":186,"column":5}},"type":"if","locations":[{"start":{"line":175,"column":4},"end":{"line":186,"column":5}},{"start":{"line":184,"column":11},"end":{"line":186,"column":5}}],"line":175},"19":{"loc":{"start":{"line":192,"column":2},"end":{"line":209,"column":3}},"type":"if","locations":[{"start":{"line":192,"column":2},"end":{"line":209,"column":3}},{"start":{"line":195,"column":9},"end":{"line":209,"column":3}}],"line":192},"20":{"loc":{"start":{"line":192,"column":6},"end":{"line":192,"column":76}},"type":"binary-expr","locations":[{"start":{"line":192,"column":6},"end":{"line":192,"column":24}},{"start":{"line":192,"column":28},"end":{"line":192,"column":53}},{"start":{"line":192,"column":57},"end":{"line":192,"column":76}}],"line":192},"21":{"loc":{"start":{"line":198,"column":4},"end":{"line":208,"column":5}},"type":"if","locations":[{"start":{"line":198,"column":4},"end":{"line":208,"column":5}},{"start":{"line":206,"column":11},"end":{"line":208,"column":5}}],"line":198},"22":{"loc":{"start":{"line":214,"column":2},"end":{"line":232,"column":3}},"type":"if","locations":[{"start":{"line":214,"column":2},"end":{"line":232,"column":3}},{"start":{"line":218,"column":9},"end":{"line":232,"column":3}}],"line":214},"23":{"loc":{"start":{"line":214,"column":6},"end":{"line":216,"column":84}},"type":"binary-expr","locations":[{"start":{"line":214,"column":6},"end":{"line":214,"column":37}},{"start":{"line":214,"column":41},"end":{"line":214,"column":79}},{"start":{"line":214,"column":83},"end":{"line":214,"column":116}},{"start":{"line":215,"column":4},"end":{"line":215,"column":25}},{"start":{"line":215,"column":29},"end":{"line":215,"column":57}},{"start":{"line":215,"column":61},"end":{"line":215,"column":84}},{"start":{"line":216,"column":4},"end":{"line":216,"column":25}},{"start":{"line":216,"column":29},"end":{"line":216,"column":57}},{"start":{"line":216,"column":61},"end":{"line":216,"column":84}}],"line":214},"24":{"loc":{"start":{"line":221,"column":4},"end":{"line":231,"column":5}},"type":"if","locations":[{"start":{"line":221,"column":4},"end":{"line":231,"column":5}},{"start":{"line":226,"column":11},"end":{"line":231,"column":5}}],"line":221},"25":{"loc":{"start":{"line":242,"column":2},"end":{"line":340,"column":3}},"type":"if","locations":[{"start":{"line":242,"column":2},"end":{"line":340,"column":3}},{"start":{"line":244,"column":9},"end":{"line":340,"column":3}}],"line":242},"26":{"loc":{"start":{"line":242,"column":6},"end":{"line":242,"column":46}},"type":"binary-expr","locations":[{"start":{"line":242,"column":6},"end":{"line":242,"column":14}},{"start":{"line":242,"column":18},"end":{"line":242,"column":33}},{"start":{"line":242,"column":37},"end":{"line":242,"column":46}}],"line":242},"27":{"loc":{"start":{"line":250,"column":4},"end":{"line":338,"column":5}},"type":"if","locations":[{"start":{"line":250,"column":4},"end":{"line":338,"column":5}},{"start":{"line":318,"column":11},"end":{"line":338,"column":5}}],"line":250},"28":{"loc":{"start":{"line":256,"column":6},"end":{"line":317,"column":7}},"type":"if","locations":[{"start":{"line":256,"column":6},"end":{"line":317,"column":7}},{"start":{"line":314,"column":13},"end":{"line":317,"column":7}}],"line":256},"29":{"loc":{"start":{"line":290,"column":8},"end":{"line":295,"column":9}},"type":"if","locations":[{"start":{"line":290,"column":8},"end":{"line":295,"column":9}},{"start":{"line":293,"column":15},"end":{"line":295,"column":9}}],"line":290},"30":{"loc":{"start":{"line":303,"column":8},"end":{"line":313,"column":9}},"type":"if","locations":[{"start":{"line":303,"column":8},"end":{"line":313,"column":9}},{"start":{"line":308,"column":15},"end":{"line":313,"column":9}}],"line":303},"31":{"loc":{"start":{"line":324,"column":6},"end":{"line":337,"column":7}},"type":"if","locations":[{"start":{"line":324,"column":6},"end":{"line":337,"column":7}},{"start":{"line":332,"column":13},"end":{"line":337,"column":7}}],"line":324},"32":{"loc":{"start":{"line":352,"column":2},"end":{"line":435,"column":3}},"type":"if","locations":[{"start":{"line":352,"column":2},"end":{"line":435,"column":3}},{"start":{"line":366,"column":9},"end":{"line":435,"column":3}}],"line":352},"33":{"loc":{"start":{"line":352,"column":6},"end":{"line":360,"column":156}},"type":"binary-expr","locations":[{"start":{"line":352,"column":6},"end":{"line":352,"column":32}},{"start":{"line":352,"column":36},"end":{"line":352,"column":69}},{"start":{"line":352,"column":73},"end":{"line":352,"column":100}},{"start":{"line":353,"column":4},"end":{"line":353,"column":34}},{"start":{"line":353,"column":38},"end":{"line":353,"column":75}},{"start":{"line":353,"column":79},"end":{"line":353,"column":110}},{"start":{"line":354,"column":4},"end":{"line":354,"column":26}},{"start":{"line":354,"column":30},"end":{"line":354,"column":59}},{"start":{"line":354,"column":63},"end":{"line":354,"column":87}},{"start":{"line":354,"column":91},"end":{"line":354,"column":120}},{"start":{"line":355,"column":4},"end":{"line":355,"column":26}},{"start":{"line":355,"column":30},"end":{"line":355,"column":59}},{"start":{"line":355,"column":63},"end":{"line":355,"column":87}},{"start":{"line":355,"column":91},"end":{"line":355,"column":120}},{"start":{"line":356,"column":4},"end":{"line":356,"column":26}},{"start":{"line":356,"column":30},"end":{"line":356,"column":59}},{"start":{"line":356,"column":63},"end":{"line":356,"column":87}},{"start":{"line":356,"column":91},"end":{"line":356,"column":120}},{"start":{"line":357,"column":4},"end":{"line":357,"column":24}},{"start":{"line":357,"column":28},"end":{"line":357,"column":55}},{"start":{"line":357,"column":59},"end":{"line":357,"column":81}},{"start":{"line":357,"column":85},"end":{"line":357,"column":112}},{"start":{"line":358,"column":4},"end":{"line":358,"column":29}},{"start":{"line":358,"column":33},"end":{"line":358,"column":65}},{"start":{"line":358,"column":69},"end":{"line":358,"column":96}},{"start":{"line":358,"column":100},"end":{"line":358,"column":132}},{"start":{"line":359,"column":4},"end":{"line":359,"column":24}},{"start":{"line":359,"column":28},"end":{"line":359,"column":55}},{"start":{"line":359,"column":59},"end":{"line":359,"column":81}},{"start":{"line":360,"column":4},"end":{"line":360,"column":35}},{"start":{"line":360,"column":39},"end":{"line":360,"column":77}},{"start":{"line":360,"column":81},"end":{"line":360,"column":114}},{"start":{"line":360,"column":118},"end":{"line":360,"column":156}}],"line":352},"34":{"loc":{"start":{"line":366,"column":9},"end":{"line":435,"column":3}},"type":"if","locations":[{"start":{"line":366,"column":9},"end":{"line":435,"column":3}},{"start":{"line":406,"column":9},"end":{"line":435,"column":3}}],"line":366},"35":{"loc":{"start":{"line":370,"column":4},"end":{"line":403,"column":5}},"type":"if","locations":[{"start":{"line":370,"column":4},"end":{"line":403,"column":5}},{"start":{"line":390,"column":11},"end":{"line":403,"column":5}}],"line":370},"36":{"loc":{"start":{"line":374,"column":6},"end":{"line":388,"column":7}},"type":"if","locations":[{"start":{"line":374,"column":6},"end":{"line":388,"column":7}},{"start":{"line":386,"column":13},"end":{"line":388,"column":7}}],"line":374},"37":{"loc":{"start":{"line":406,"column":9},"end":{"line":435,"column":3}},"type":"if","locations":[{"start":{"line":406,"column":9},"end":{"line":435,"column":3}},{"start":{"line":424,"column":9},"end":{"line":435,"column":3}}],"line":406},"38":{"loc":{"start":{"line":409,"column":4},"end":{"line":423,"column":5}},"type":"if","locations":[{"start":{"line":409,"column":4},"end":{"line":423,"column":5}},{"start":{"line":420,"column":11},"end":{"line":423,"column":5}}],"line":409},"39":{"loc":{"start":{"line":412,"column":6},"end":{"line":419,"column":7}},"type":"if","locations":[{"start":{"line":412,"column":6},"end":{"line":419,"column":7}},{"start":{"line":417,"column":13},"end":{"line":419,"column":7}}],"line":412},"40":{"loc":{"start":{"line":427,"column":4},"end":{"line":434,"column":5}},"type":"if","locations":[{"start":{"line":427,"column":4},"end":{"line":434,"column":5}},{"start":{"line":432,"column":11},"end":{"line":434,"column":5}}],"line":427},"41":{"loc":{"start":{"line":471,"column":2},"end":{"line":481,"column":3}},"type":"if","locations":[{"start":{"line":471,"column":2},"end":{"line":481,"column":3}},{"start":{"line":479,"column":9},"end":{"line":481,"column":3}}],"line":471},"42":{"loc":{"start":{"line":488,"column":2},"end":{"line":514,"column":3}},"type":"if","locations":[{"start":{"line":488,"column":2},"end":{"line":514,"column":3}},{"start":{"line":490,"column":9},"end":{"line":514,"column":3}}],"line":488},"43":{"loc":{"start":{"line":488,"column":6},"end":{"line":488,"column":70}},"type":"binary-expr","locations":[{"start":{"line":488,"column":6},"end":{"line":488,"column":22}},{"start":{"line":488,"column":26},"end":{"line":488,"column":49}},{"start":{"line":488,"column":53},"end":{"line":488,"column":70}}],"line":488},"44":{"loc":{"start":{"line":490,"column":9},"end":{"line":514,"column":3}},"type":"if","locations":[{"start":{"line":490,"column":9},"end":{"line":514,"column":3}},{"start":{"line":492,"column":9},"end":{"line":514,"column":3}}],"line":490},"45":{"loc":{"start":{"line":490,"column":13},"end":{"line":490,"column":113}},"type":"binary-expr","locations":[{"start":{"line":490,"column":13},"end":{"line":490,"column":31}},{"start":{"line":490,"column":35},"end":{"line":490,"column":60}},{"start":{"line":490,"column":64},"end":{"line":490,"column":84}},{"start":{"line":490,"column":88},"end":{"line":490,"column":113}}],"line":490},"46":{"loc":{"start":{"line":496,"column":4},"end":{"line":513,"column":5}},"type":"if","locations":[{"start":{"line":496,"column":4},"end":{"line":513,"column":5}},{"start":{"line":511,"column":11},"end":{"line":513,"column":5}}],"line":496},"47":{"loc":{"start":{"line":519,"column":2},"end":{"line":540,"column":3}},"type":"if","locations":[{"start":{"line":519,"column":2},"end":{"line":540,"column":3}},{"start":{"line":521,"column":9},"end":{"line":540,"column":3}}],"line":519},"48":{"loc":{"start":{"line":519,"column":6},"end":{"line":519,"column":46}},"type":"binary-expr","locations":[{"start":{"line":519,"column":6},"end":{"line":519,"column":14}},{"start":{"line":519,"column":18},"end":{"line":519,"column":33}},{"start":{"line":519,"column":37},"end":{"line":519,"column":46}}],"line":519},"49":{"loc":{"start":{"line":527,"column":4},"end":{"line":539,"column":5}},"type":"if","locations":[{"start":{"line":527,"column":4},"end":{"line":539,"column":5}},{"start":{"line":529,"column":11},"end":{"line":539,"column":5}}],"line":527},"50":{"loc":{"start":{"line":529,"column":11},"end":{"line":539,"column":5}},"type":"if","locations":[{"start":{"line":529,"column":11},"end":{"line":539,"column":5}},{"start":{"line":537,"column":11},"end":{"line":539,"column":5}}],"line":529},"51":{"loc":{"start":{"line":550,"column":2},"end":{"line":580,"column":3}},"type":"if","locations":[{"start":{"line":550,"column":2},"end":{"line":580,"column":3}},{"start":{"line":555,"column":9},"end":{"line":580,"column":3}}],"line":550},"52":{"loc":{"start":{"line":550,"column":6},"end":{"line":552,"column":116}},"type":"binary-expr","locations":[{"start":{"line":550,"column":6},"end":{"line":550,"column":37}},{"start":{"line":550,"column":41},"end":{"line":550,"column":79}},{"start":{"line":550,"column":83},"end":{"line":550,"column":116}},{"start":{"line":550,"column":120},"end":{"line":550,"column":158}},{"start":{"line":551,"column":4},"end":{"line":551,"column":25}},{"start":{"line":551,"column":29},"end":{"line":551,"column":57}},{"start":{"line":551,"column":61},"end":{"line":551,"column":84}},{"start":{"line":551,"column":88},"end":{"line":551,"column":116}},{"start":{"line":552,"column":4},"end":{"line":552,"column":25}},{"start":{"line":552,"column":29},"end":{"line":552,"column":57}},{"start":{"line":552,"column":61},"end":{"line":552,"column":84}},{"start":{"line":552,"column":88},"end":{"line":552,"column":116}}],"line":550},"53":{"loc":{"start":{"line":555,"column":9},"end":{"line":580,"column":3}},"type":"if","locations":[{"start":{"line":555,"column":9},"end":{"line":580,"column":3}},{"start":{"line":557,"column":9},"end":{"line":580,"column":3}}],"line":555},"54":{"loc":{"start":{"line":557,"column":9},"end":{"line":580,"column":3}},"type":"if","locations":[{"start":{"line":557,"column":9},"end":{"line":580,"column":3}},{"start":{"line":559,"column":9},"end":{"line":580,"column":3}}],"line":557},"55":{"loc":{"start":{"line":563,"column":4},"end":{"line":579,"column":5}},"type":"if","locations":[{"start":{"line":563,"column":4},"end":{"line":579,"column":5}},{"start":{"line":577,"column":11},"end":{"line":579,"column":5}}],"line":563}},"s":{"0":1,"1":1,"2":1,"3":1,"4":1,"5":1,"6":1,"7":0,"8":0,"9":0,"10":0,"11":0,"12":0,"13":0,"14":0,"15":0,"16":0,"17":0,"18":0,"19":0,"20":0,"21":0,"22":1,"23":3,"24":1,"25":2,"26":2,"27":2,"28":2,"29":2,"30":2,"31":2,"32":2,"33":0,"34":1,"35":2,"36":2,"37":1,"38":1,"39":1,"40":1,"41":1,"42":1,"43":1,"44":1,"45":1,"46":1,"47":1,"48":1,"49":1,"50":1,"51":1,"52":0,"53":0,"54":1,"55":0,"56":0,"57":0,"58":0,"59":0,"60":0,"61":0,"62":0,"63":0,"64":0,"65":0,"66":0,"67":0,"68":0,"69":0,"70":0,"71":0,"72":1,"73":2,"74":0,"75":2,"76":1,"77":1,"78":1,"79":1,"80":1,"81":1,"82":1,"83":1,"84":1,"85":0,"86":1,"87":2,"88":1,"89":1,"90":1,"91":1,"92":1,"93":1,"94":1,"95":1,"96":1,"97":0,"98":1,"99":2,"100":2,"101":1,"102":1,"103":1,"104":1,"105":1,"106":1,"107":0,"108":0,"109":0,"110":1,"111":4,"112":4,"113":4,"114":4,"115":1,"116":3,"117":3,"118":3,"119":3,"120":3,"121":9,"122":9,"123":9,"124":9,"125":9,"126":9,"127":9,"128":3,"129":9,"130":9,"131":9,"132":9,"133":9,"134":9,"135":9,"136":9,"137":9,"138":9,"139":9,"140":3,"141":3,"142":2,"143":1,"144":3,"145":3,"146":3,"147":3,"148":3,"149":3,"150":0,"151":0,"152":0,"153":0,"154":0,"155":0,"156":0,"157":0,"158":0,"159":0,"160":0,"161":0,"162":0,"163":1,"164":2,"165":2,"166":2,"167":0,"168":2,"169":0,"170":0,"171":0,"172":0,"173":0,"174":0,"175":0,"176":0,"177":0,"178":0,"179":0,"180":0,"181":0,"182":0,"183":0,"184":0,"185":2,"186":2,"187":2,"188":2,"189":2,"190":2,"191":2,"192":2,"193":2,"194":0,"195":0,"196":0,"197":0,"198":0,"199":0,"200":0,"201":0,"202":0,"203":1,"204":4,"205":4,"206":4,"207":4,"208":8,"209":8,"210":8,"211":8,"212":8,"213":4,"214":4,"215":4,"216":4,"217":4,"218":1,"219":1,"220":1,"221":1,"222":1,"223":1,"224":1,"225":1,"226":0,"227":1,"228":1,"229":1,"230":1,"231":0,"232":1,"233":0,"234":1,"235":1,"236":1,"237":1,"238":3,"239":3,"240":3,"241":1,"242":1,"243":1,"244":1,"245":0,"246":1,"247":0,"248":0,"249":0,"250":0,"251":0,"252":0,"253":0,"254":0,"255":0,"256":0,"257":0,"258":0,"259":0,"260":1,"261":1,"262":1,"263":1,"264":1,"265":0,"266":0,"267":0,"268":0,"269":0,"270":0,"271":0,"272":0,"273":0,"274":0,"275":0,"276":0,"277":0,"278":0,"279":0,"280":1},"f":{"0":0,"1":3,"2":2,"3":1,"4":0,"5":2,"6":2,"7":2,"8":4,"9":9,"10":9,"11":2,"12":4,"13":1,"14":1,"15":0,"16":1},"b":{"0":[0,0],"1":[0,0,0,0,0,0,0,0,0],"2":[0,0],"3":[0,0],"4":[1,2],"5":[3,2,2,2,2,2],"6":[2,0],"7":[1,1],"8":[1,0],"9":[1,0],"10":[0,0],"11":[0,0,0,0,0,0,0],"12":[0,0],"13":[0,0],"14":[0,2],"15":[2,2,2,2],"16":[1,1],"17":[2,1,1],"18":[1,0],"19":[1,1],"20":[2,1,1],"21":[1,0],"22":[1,1],"23":[2,1,1,1,1,1,1,1,1],"24":[1,0],"25":[1,3],"26":[4,3,3],"27":[3,0],"28":[3,0],"29":[2,1],"30":[3,0],"31":[0,0],"32":[0,2],"33":[2,2,2,2,2,2,2,2,2,2,2,2,2,2,2,2,2,2,2,2,2,2,2,2,2,2,2,2,2,2,2,2,2],"34":[0,2],"35":[0,0],"36":[0,0],"37":[2,0],"38":[2,0],"39":[2,0],"40":[0,0],"41":[1,0],"42":[0,1],"43":[1,1,1],"44":[0,1],"45":[1,1,1,1],"46":[1,0],"47":[0,0],"48":[0,0,0],"49":[0,0],"50":[0,0],"51":[1,0],"52":[1,0,0,0,0,0,0,0,0,0,0,0],"53":[0,0],"54":[0,0],"55":[0,0]},"_coverageSchema":"1a1c01bbd47fc00a2c39e90264f33305004495a9","hash":"7e46b068657eb299237afabbab85648cb46e5f05"}
,"/Users/22282216/Desktop/BackEnd-Costurie/controller/modulo/config.js": {"path":"/Users/22282216/Desktop/BackEnd-Costurie/controller/modulo/config.js","statementMap":{"0":{"start":{"line":9,"column":30},"end":{"line":9,"column":98}},"1":{"start":{"line":11,"column":35},"end":{"line":11,"column":106}},"2":{"start":{"line":13,"column":30},"end":{"line":13,"column":129}},"3":{"start":{"line":15,"column":35},"end":{"line":15,"column":161}},"4":{"start":{"line":17,"column":25},"end":{"line":17,"column":116}},"5":{"start":{"line":19,"column":27},"end":{"line":19,"column":110}},"6":{"start":{"line":21,"column":29},"end":{"line":21,"column":100}},"7":{"start":{"line":23,"column":29},"end":{"line":23,"column":83}},"8":{"start":{"line":25,"column":35},"end":{"line":25,"column":95}},"9":{"start":{"line":27,"column":30},"end":{"line":27,"column":99}},"10":{"start":{"line":29,"column":32},"end":{"line":29,"column":110}},"11":{"start":{"line":31,"column":31},"end":{"line":31,"column":106}},"12":{"start":{"line":33,"column":28},"end":{"line":33,"column":103}},"13":{"start":{"line":35,"column":33},"end":{"line":35,"column":106}},"14":{"start":{"line":37,"column":35},"end":{"line":37,"column":110}},"15":{"start":{"line":39,"column":39},"end":{"line":39,"column":108}},"16":{"start":{"line":41,"column":27},"end":{"line":41,"column":141}},"17":{"start":{"line":43,"column":47},"end":{"line":43,"column":119}},"18":{"start":{"line":45,"column":38},"end":{"line":45,"column":111}},"19":{"start":{"line":47,"column":26},"end":{"line":47,"column":88}},"20":{"start":{"line":49,"column":38},"end":{"line":49,"column":108}},"21":{"start":{"line":51,"column":46},"end":{"line":51,"column":107}},"22":{"start":{"line":53,"column":44},"end":{"line":53,"column":116}},"23":{"start":{"line":55,"column":39},"end":{"line":55,"column":100}},"24":{"start":{"line":58,"column":29},"end":{"line":58,"column":79}},"25":{"start":{"line":60,"column":29},"end":{"line":60,"column":83}},"26":{"start":{"line":62,"column":29},"end":{"line":62,"column":81}},"27":{"start":{"line":64,"column":23},"end":{"line":64,"column":72}},"28":{"start":{"line":66,"column":28},"end":{"line":66,"column":83}},"29":{"start":{"line":68,"column":31},"end":{"line":68,"column":85}},"30":{"start":{"line":70,"column":33},"end":{"line":70,"column":94}},"31":{"start":{"line":72,"column":27},"end":{"line":72,"column":76}},"32":{"start":{"line":76,"column":0},"end":{"line":109,"column":1}}},"fnMap":{},"branchMap":{},"s":{"0":1,"1":1,"2":1,"3":1,"4":1,"5":1,"6":1,"7":1,"8":1,"9":1,"10":1,"11":1,"12":1,"13":1,"14":1,"15":1,"16":1,"17":1,"18":1,"19":1,"20":1,"21":1,"22":1,"23":1,"24":1,"25":1,"26":1,"27":1,"28":1,"29":1,"30":1,"31":1,"32":1},"f":{},"b":{},"_coverageSchema":"1a1c01bbd47fc00a2c39e90264f33305004495a9","hash":"6aac4fce255b63b8769a78f966f691040adddd5a"}
,"/Users/22282216/Desktop/BackEnd-Costurie/middleware/middlewareJWT.js": {"path":"/Users/22282216/Desktop/BackEnd-Costurie/middleware/middlewareJWT.js","statementMap":{"0":{"start":{"line":9,"column":12},"end":{"line":9,"column":35}},"1":{"start":{"line":11,"column":25},"end":{"line":11,"column":55}},"2":{"start":{"line":14,"column":18},"end":{"line":19,"column":1}},"3":{"start":{"line":16,"column":18},"end":{"line":16,"column":74}},"4":{"start":{"line":18,"column":4},"end":{"line":18,"column":16}},"5":{"start":{"line":22,"column":20},"end":{"line":33,"column":1}},"6":{"start":{"line":25,"column":4},"end":{"line":31,"column":6}},"7":{"start":{"line":26,"column":8},"end":{"line":30,"column":9}},"8":{"start":{"line":27,"column":12},"end":{"line":27,"column":26}},"9":{"start":{"line":29,"column":12},"end":{"line":29,"column":25}},"10":{"start":{"line":32,"column":4},"end":{"line":32,"column":17}},"11":{"start":{"line":35,"column":0},"end":{"line":38,"column":1}}},"fnMap":{"0":{"name":"(anonymous_0)","decl":{"start":{"line":14,"column":18},"end":{"line":14,"column":19}},"loc":{"start":{"line":14,"column":37},"end":{"line":19,"column":1}},"line":14},"1":{"name":"(anonymous_1)","decl":{"start":{"line":22,"column":20},"end":{"line":22,"column":21}},"loc":{"start":{"line":22,"column":37},"end":{"line":33,"column":1}},"line":22},"2":{"name":"(anonymous_2)","decl":{"start":{"line":25,"column":30},"end":{"line":25,"column":31}},"loc":{"start":{"line":25,"column":53},"end":{"line":31,"column":5}},"line":25}},"branchMap":{"0":{"loc":{"start":{"line":26,"column":8},"end":{"line":30,"column":9}},"type":"if","locations":[{"start":{"line":26,"column":8},"end":{"line":30,"column":9}},{"start":{"line":28,"column":15},"end":{"line":30,"column":9}}],"line":26}},"s":{"0":1,"1":1,"2":1,"3":2,"4":2,"5":1,"6":0,"7":0,"8":0,"9":0,"10":0,"11":1},"f":{"0":2,"1":0,"2":0},"b":{"0":[0,0]},"_coverageSchema":"1a1c01bbd47fc00a2c39e90264f33305004495a9","hash":"e6b957ad38928b813ee3b3c30439817b24b06fe0"}
,"/Users/22282216/Desktop/BackEnd-Costurie/model/publicacaoModel.js": {"path":"/Users/22282216/Desktop/BackEnd-Costurie/model/publicacaoModel.js","statementMap":{"0":{"start":{"line":9,"column":23},"end":{"line":9,"column":48}},"1":{"start":{"line":11,"column":13},"end":{"line":11,"column":31}},"2":{"start":{"line":13,"column":31},"end":{"line":39,"column":1}},"3":{"start":{"line":15,"column":14},"end":{"line":27,"column":47}},"4":{"start":{"line":30,"column":23},"end":{"line":30,"column":58}},"5":{"start":{"line":34,"column":4},"end":{"line":38,"column":5}},"6":{"start":{"line":35,"column":8},"end":{"line":35,"column":27}},"7":{"start":{"line":37,"column":8},"end":{"line":37,"column":20}},"8":{"start":{"line":41,"column":36},"end":{"line":51,"column":1}},"9":{"start":{"line":42,"column":14},"end":{"line":42,"column":70}},"10":{"start":{"line":44,"column":19},"end":{"line":44,"column":52}},"11":{"start":{"line":46,"column":4},"end":{"line":50,"column":5}},"12":{"start":{"line":47,"column":8},"end":{"line":47,"column":23}},"13":{"start":{"line":49,"column":8},"end":{"line":49,"column":20}},"14":{"start":{"line":53,"column":35},"end":{"line":63,"column":1}},"15":{"start":{"line":54,"column":14},"end":{"line":54,"column":44}},"16":{"start":{"line":56,"column":19},"end":{"line":56,"column":52}},"17":{"start":{"line":58,"column":4},"end":{"line":62,"column":5}},"18":{"start":{"line":59,"column":8},"end":{"line":59,"column":23}},"19":{"start":{"line":61,"column":8},"end":{"line":61,"column":20}},"20":{"start":{"line":65,"column":34},"end":{"line":77,"column":1}},"21":{"start":{"line":66,"column":14},"end":{"line":66,"column":72}},"22":{"start":{"line":70,"column":19},"end":{"line":70,"column":52}},"23":{"start":{"line":72,"column":4},"end":{"line":76,"column":5}},"24":{"start":{"line":73,"column":8},"end":{"line":73,"column":23}},"25":{"start":{"line":75,"column":8},"end":{"line":75,"column":20}},"26":{"start":{"line":79,"column":30},"end":{"line":98,"column":1}},"27":{"start":{"line":81,"column":14},"end":{"line":86,"column":65}},"28":{"start":{"line":91,"column":23},"end":{"line":91,"column":58}},"29":{"start":{"line":93,"column":4},"end":{"line":97,"column":5}},"30":{"start":{"line":94,"column":8},"end":{"line":94,"column":27}},"31":{"start":{"line":96,"column":8},"end":{"line":96,"column":20}},"32":{"start":{"line":100,"column":30},"end":{"line":112,"column":1}},"33":{"start":{"line":101,"column":14},"end":{"line":101,"column":70}},"34":{"start":{"line":105,"column":19},"end":{"line":105,"column":54}},"35":{"start":{"line":107,"column":4},"end":{"line":111,"column":5}},"36":{"start":{"line":108,"column":8},"end":{"line":108,"column":19}},"37":{"start":{"line":110,"column":8},"end":{"line":110,"column":20}},"38":{"start":{"line":114,"column":41},"end":{"line":126,"column":1}},"39":{"start":{"line":115,"column":14},"end":{"line":115,"column":78}},"40":{"start":{"line":119,"column":19},"end":{"line":119,"column":52}},"41":{"start":{"line":121,"column":4},"end":{"line":125,"column":5}},"42":{"start":{"line":122,"column":8},"end":{"line":122,"column":23}},"43":{"start":{"line":124,"column":8},"end":{"line":124,"column":20}},"44":{"start":{"line":128,"column":0},"end":{"line":136,"column":1}}},"fnMap":{"0":{"name":"(anonymous_0)","decl":{"start":{"line":13,"column":31},"end":{"line":13,"column":32}},"loc":{"start":{"line":13,"column":52},"end":{"line":39,"column":1}},"line":13},"1":{"name":"(anonymous_1)","decl":{"start":{"line":41,"column":36},"end":{"line":41,"column":37}},"loc":{"start":{"line":41,"column":48},"end":{"line":51,"column":1}},"line":41},"2":{"name":"(anonymous_2)","decl":{"start":{"line":53,"column":35},"end":{"line":53,"column":36}},"loc":{"start":{"line":53,"column":47},"end":{"line":63,"column":1}},"line":53},"3":{"name":"(anonymous_3)","decl":{"start":{"line":65,"column":34},"end":{"line":65,"column":35}},"loc":{"start":{"line":65,"column":59},"end":{"line":77,"column":1}},"line":65},"4":{"name":"(anonymous_4)","decl":{"start":{"line":79,"column":30},"end":{"line":79,"column":31}},"loc":{"start":{"line":79,"column":51},"end":{"line":98,"column":1}},"line":79},"5":{"name":"(anonymous_5)","decl":{"start":{"line":100,"column":30},"end":{"line":100,"column":31}},"loc":{"start":{"line":100,"column":55},"end":{"line":112,"column":1}},"line":100},"6":{"name":"(anonymous_6)","decl":{"start":{"line":114,"column":41},"end":{"line":114,"column":42}},"loc":{"start":{"line":114,"column":63},"end":{"line":126,"column":1}},"line":114}},"branchMap":{"0":{"loc":{"start":{"line":34,"column":4},"end":{"line":38,"column":5}},"type":"if","locations":[{"start":{"line":34,"column":4},"end":{"line":38,"column":5}},{"start":{"line":36,"column":11},"end":{"line":38,"column":5}}],"line":34},"1":{"loc":{"start":{"line":46,"column":4},"end":{"line":50,"column":5}},"type":"if","locations":[{"start":{"line":46,"column":4},"end":{"line":50,"column":5}},{"start":{"line":48,"column":11},"end":{"line":50,"column":5}}],"line":46},"2":{"loc":{"start":{"line":58,"column":4},"end":{"line":62,"column":5}},"type":"if","locations":[{"start":{"line":58,"column":4},"end":{"line":62,"column":5}},{"start":{"line":60,"column":11},"end":{"line":62,"column":5}}],"line":58},"3":{"loc":{"start":{"line":72,"column":4},"end":{"line":76,"column":5}},"type":"if","locations":[{"start":{"line":72,"column":4},"end":{"line":76,"column":5}},{"start":{"line":74,"column":11},"end":{"line":76,"column":5}}],"line":72},"4":{"loc":{"start":{"line":93,"column":4},"end":{"line":97,"column":5}},"type":"if","locations":[{"start":{"line":93,"column":4},"end":{"line":97,"column":5}},{"start":{"line":95,"column":11},"end":{"line":97,"column":5}}],"line":93},"5":{"loc":{"start":{"line":107,"column":4},"end":{"line":111,"column":5}},"type":"if","locations":[{"start":{"line":107,"column":4},"end":{"line":111,"column":5}},{"start":{"line":109,"column":11},"end":{"line":111,"column":5}}],"line":107},"6":{"loc":{"start":{"line":121,"column":4},"end":{"line":125,"column":5}},"type":"if","locations":[{"start":{"line":121,"column":4},"end":{"line":125,"column":5}},{"start":{"line":123,"column":11},"end":{"line":125,"column":5}}],"line":121}},"s":{"0":1,"1":1,"2":1,"3":0,"4":0,"5":0,"6":0,"7":0,"8":1,"9":0,"10":0,"11":0,"12":0,"13":0,"14":1,"15":0,"16":0,"17":0,"18":0,"19":0,"20":1,"21":0,"22":0,"23":0,"24":0,"25":0,"26":1,"27":0,"28":0,"29":0,"30":0,"31":0,"32":1,"33":0,"34":0,"35":0,"36":0,"37":0,"38":1,"39":3,"40":3,"41":3,"42":2,"43":1,"44":1},"f":{"0":0,"1":0,"2":0,"3":0,"4":0,"5":0,"6":3},"b":{"0":[0,0],"1":[0,0],"2":[0,0],"3":[0,0],"4":[0,0],"5":[0,0],"6":[2,1]},"_coverageSchema":"1a1c01bbd47fc00a2c39e90264f33305004495a9","hash":"7d308bdff3cd322859ba6ed09538fee4630e8e0b"}
,"/Users/22282216/Desktop/BackEnd-Costurie/model/tagModel.js": {"path":"/Users/22282216/Desktop/BackEnd-Costurie/model/tagModel.js","statementMap":{"0":{"start":{"line":9,"column":23},"end":{"line":9,"column":48}},"1":{"start":{"line":11,"column":13},"end":{"line":11,"column":31}},"2":{"start":{"line":13,"column":27},"end":{"line":32,"column":1}},"3":{"start":{"line":14,"column":14},"end":{"line":18,"column":33}},"4":{"start":{"line":22,"column":19},"end":{"line":22,"column":52}},"5":{"start":{"line":27,"column":4},"end":{"line":31,"column":5}},"6":{"start":{"line":28,"column":8},"end":{"line":28,"column":24}},"7":{"start":{"line":30,"column":8},"end":{"line":30,"column":21}},"8":{"start":{"line":34,"column":38},"end":{"line":53,"column":1}},"9":{"start":{"line":35,"column":14},"end":{"line":39,"column":47}},"10":{"start":{"line":43,"column":19},"end":{"line":43,"column":52}},"11":{"start":{"line":48,"column":4},"end":{"line":52,"column":5}},"12":{"start":{"line":49,"column":8},"end":{"line":49,"column":24}},"13":{"start":{"line":51,"column":8},"end":{"line":51,"column":21}},"14":{"start":{"line":55,"column":40},"end":{"line":74,"column":1}},"15":{"start":{"line":56,"column":14},"end":{"line":60,"column":36}},"16":{"start":{"line":64,"column":19},"end":{"line":64,"column":52}},"17":{"start":{"line":69,"column":4},"end":{"line":73,"column":5}},"18":{"start":{"line":70,"column":8},"end":{"line":70,"column":24}},"19":{"start":{"line":72,"column":8},"end":{"line":72,"column":21}},"20":{"start":{"line":76,"column":27},"end":{"line":94,"column":1}},"21":{"start":{"line":77,"column":14},"end":{"line":80,"column":92}},"22":{"start":{"line":84,"column":19},"end":{"line":84,"column":52}},"23":{"start":{"line":89,"column":4},"end":{"line":93,"column":5}},"24":{"start":{"line":90,"column":8},"end":{"line":90,"column":24}},"25":{"start":{"line":92,"column":8},"end":{"line":92,"column":21}},"26":{"start":{"line":96,"column":23},"end":{"line":116,"column":1}},"27":{"start":{"line":98,"column":14},"end":{"line":106,"column":39}},"28":{"start":{"line":109,"column":23},"end":{"line":109,"column":58}},"29":{"start":{"line":111,"column":4},"end":{"line":115,"column":5}},"30":{"start":{"line":112,"column":8},"end":{"line":112,"column":20}},"31":{"start":{"line":114,"column":8},"end":{"line":114,"column":21}},"32":{"start":{"line":118,"column":24},"end":{"line":128,"column":1}},"33":{"start":{"line":119,"column":14},"end":{"line":119,"column":63}},"34":{"start":{"line":121,"column":20},"end":{"line":121,"column":53}},"35":{"start":{"line":123,"column":4},"end":{"line":127,"column":5}},"36":{"start":{"line":124,"column":8},"end":{"line":124,"column":25}},"37":{"start":{"line":126,"column":8},"end":{"line":126,"column":21}},"38":{"start":{"line":130,"column":38},"end":{"line":148,"column":1}},"39":{"start":{"line":131,"column":14},"end":{"line":134,"column":55}},"40":{"start":{"line":138,"column":19},"end":{"line":138,"column":52}},"41":{"start":{"line":143,"column":4},"end":{"line":147,"column":5}},"42":{"start":{"line":144,"column":8},"end":{"line":144,"column":24}},"43":{"start":{"line":146,"column":8},"end":{"line":146,"column":21}},"44":{"start":{"line":150,"column":0},"end":{"line":158,"column":1}}},"fnMap":{"0":{"name":"(anonymous_0)","decl":{"start":{"line":13,"column":27},"end":{"line":13,"column":28}},"loc":{"start":{"line":13,"column":45},"end":{"line":32,"column":1}},"line":13},"1":{"name":"(anonymous_1)","decl":{"start":{"line":34,"column":38},"end":{"line":34,"column":39}},"loc":{"start":{"line":34,"column":59},"end":{"line":53,"column":1}},"line":34},"2":{"name":"(anonymous_2)","decl":{"start":{"line":55,"column":40},"end":{"line":55,"column":41}},"loc":{"start":{"line":55,"column":54},"end":{"line":74,"column":1}},"line":55},"3":{"name":"(anonymous_3)","decl":{"start":{"line":76,"column":27},"end":{"line":76,"column":28}},"loc":{"start":{"line":76,"column":39},"end":{"line":94,"column":1}},"line":76},"4":{"name":"(anonymous_4)","decl":{"start":{"line":96,"column":23},"end":{"line":96,"column":24}},"loc":{"start":{"line":96,"column":44},"end":{"line":116,"column":1}},"line":96},"5":{"name":"(anonymous_5)","decl":{"start":{"line":118,"column":24},"end":{"line":118,"column":25}},"loc":{"start":{"line":118,"column":36},"end":{"line":128,"column":1}},"line":118},"6":{"name":"(anonymous_6)","decl":{"start":{"line":130,"column":38},"end":{"line":130,"column":39}},"loc":{"start":{"line":130,"column":50},"end":{"line":148,"column":1}},"line":130}},"branchMap":{"0":{"loc":{"start":{"line":27,"column":4},"end":{"line":31,"column":5}},"type":"if","locations":[{"start":{"line":27,"column":4},"end":{"line":31,"column":5}},{"start":{"line":29,"column":11},"end":{"line":31,"column":5}}],"line":27},"1":{"loc":{"start":{"line":48,"column":4},"end":{"line":52,"column":5}},"type":"if","locations":[{"start":{"line":48,"column":4},"end":{"line":52,"column":5}},{"start":{"line":50,"column":11},"end":{"line":52,"column":5}}],"line":48},"2":{"loc":{"start":{"line":69,"column":4},"end":{"line":73,"column":5}},"type":"if","locations":[{"start":{"line":69,"column":4},"end":{"line":73,"column":5}},{"start":{"line":71,"column":11},"end":{"line":73,"column":5}}],"line":69},"3":{"loc":{"start":{"line":89,"column":4},"end":{"line":93,"column":5}},"type":"if","locations":[{"start":{"line":89,"column":4},"end":{"line":93,"column":5}},{"start":{"line":91,"column":11},"end":{"line":93,"column":5}}],"line":89},"4":{"loc":{"start":{"line":111,"column":4},"end":{"line":115,"column":5}},"type":"if","locations":[{"start":{"line":111,"column":4},"end":{"line":115,"column":5}},{"start":{"line":113,"column":11},"end":{"line":115,"column":5}}],"line":111},"5":{"loc":{"start":{"line":123,"column":4},"end":{"line":127,"column":5}},"type":"if","locations":[{"start":{"line":123,"column":4},"end":{"line":127,"column":5}},{"start":{"line":125,"column":11},"end":{"line":127,"column":5}}],"line":123},"6":{"loc":{"start":{"line":143,"column":4},"end":{"line":147,"column":5}},"type":"if","locations":[{"start":{"line":143,"column":4},"end":{"line":147,"column":5}},{"start":{"line":145,"column":11},"end":{"line":147,"column":5}}],"line":143}},"s":{"0":1,"1":1,"2":1,"3":8,"4":8,"5":8,"6":8,"7":0,"8":1,"9":0,"10":0,"11":0,"12":0,"13":0,"14":1,"15":0,"16":0,"17":0,"18":0,"19":0,"20":1,"21":0,"22":0,"23":0,"24":0,"25":0,"26":1,"27":0,"28":0,"29":0,"30":0,"31":0,"32":1,"33":0,"34":0,"35":0,"36":0,"37":0,"38":1,"39":0,"40":0,"41":0,"42":0,"43":0,"44":1},"f":{"0":8,"1":0,"2":0,"3":0,"4":0,"5":0,"6":0},"b":{"0":[8,0],"1":[0,0],"2":[0,0],"3":[0,0],"4":[0,0],"5":[0,0],"6":[0,0]},"_coverageSchema":"1a1c01bbd47fc00a2c39e90264f33305004495a9","hash":"c220bb57a5b04e55d6b453fe0253a8297b7a8c77"}
,"/Users/22282216/Desktop/BackEnd-Costurie/model/tagUsuarioModel.js": {"path":"/Users/22282216/Desktop/BackEnd-Costurie/model/tagUsuarioModel.js","statementMap":{"0":{"start":{"line":9,"column":23},"end":{"line":9,"column":48}},"1":{"start":{"line":11,"column":13},"end":{"line":11,"column":31}},"2":{"start":{"line":13,"column":37},"end":{"line":27,"column":1}},"3":{"start":{"line":14,"column":12},"end":{"line":14,"column":90}},"4":{"start":{"line":18,"column":21},"end":{"line":18,"column":56}},"5":{"start":{"line":22,"column":2},"end":{"line":26,"column":3}},"6":{"start":{"line":23,"column":4},"end":{"line":23,"column":16}},"7":{"start":{"line":25,"column":4},"end":{"line":25,"column":17}},"8":{"start":{"line":29,"column":31},"end":{"line":39,"column":1}},"9":{"start":{"line":30,"column":12},"end":{"line":30,"column":69}},"10":{"start":{"line":32,"column":18},"end":{"line":32,"column":51}},"11":{"start":{"line":34,"column":2},"end":{"line":38,"column":3}},"12":{"start":{"line":35,"column":4},"end":{"line":35,"column":21}},"13":{"start":{"line":37,"column":4},"end":{"line":37,"column":17}},"14":{"start":{"line":41,"column":25},"end":{"line":53,"column":1}},"15":{"start":{"line":43,"column":12},"end":{"line":43,"column":94}},"16":{"start":{"line":46,"column":21},"end":{"line":46,"column":56}},"17":{"start":{"line":48,"column":2},"end":{"line":52,"column":3}},"18":{"start":{"line":49,"column":4},"end":{"line":49,"column":16}},"19":{"start":{"line":51,"column":4},"end":{"line":51,"column":17}},"20":{"start":{"line":55,"column":37},"end":{"line":66,"column":1}},"21":{"start":{"line":56,"column":12},"end":{"line":56,"column":92}},"22":{"start":{"line":58,"column":18},"end":{"line":58,"column":51}},"23":{"start":{"line":61,"column":2},"end":{"line":65,"column":3}},"24":{"start":{"line":62,"column":4},"end":{"line":62,"column":21}},"25":{"start":{"line":64,"column":4},"end":{"line":64,"column":17}},"26":{"start":{"line":68,"column":31},"end":{"line":79,"column":1}},"27":{"start":{"line":69,"column":12},"end":{"line":69,"column":89}},"28":{"start":{"line":71,"column":17},"end":{"line":71,"column":50}},"29":{"start":{"line":74,"column":2},"end":{"line":78,"column":3}},"30":{"start":{"line":75,"column":4},"end":{"line":75,"column":20}},"31":{"start":{"line":77,"column":4},"end":{"line":77,"column":17}},"32":{"start":{"line":81,"column":0},"end":{"line":87,"column":2}}},"fnMap":{"0":{"name":"(anonymous_0)","decl":{"start":{"line":13,"column":37},"end":{"line":13,"column":38}},"loc":{"start":{"line":13,"column":59},"end":{"line":27,"column":1}},"line":13},"1":{"name":"(anonymous_1)","decl":{"start":{"line":29,"column":31},"end":{"line":29,"column":32}},"loc":{"start":{"line":29,"column":43},"end":{"line":39,"column":1}},"line":29},"2":{"name":"(anonymous_2)","decl":{"start":{"line":41,"column":25},"end":{"line":41,"column":26}},"loc":{"start":{"line":41,"column":52},"end":{"line":53,"column":1}},"line":41},"3":{"name":"(anonymous_3)","decl":{"start":{"line":55,"column":37},"end":{"line":55,"column":38}},"loc":{"start":{"line":55,"column":59},"end":{"line":66,"column":1}},"line":55},"4":{"name":"(anonymous_4)","decl":{"start":{"line":68,"column":31},"end":{"line":68,"column":32}},"loc":{"start":{"line":68,"column":46},"end":{"line":79,"column":1}},"line":68}},"branchMap":{"0":{"loc":{"start":{"line":22,"column":2},"end":{"line":26,"column":3}},"type":"if","locations":[{"start":{"line":22,"column":2},"end":{"line":26,"column":3}},{"start":{"line":24,"column":9},"end":{"line":26,"column":3}}],"line":22},"1":{"loc":{"start":{"line":34,"column":2},"end":{"line":38,"column":3}},"type":"if","locations":[{"start":{"line":34,"column":2},"end":{"line":38,"column":3}},{"start":{"line":36,"column":9},"end":{"line":38,"column":3}}],"line":34},"2":{"loc":{"start":{"line":48,"column":2},"end":{"line":52,"column":3}},"type":"if","locations":[{"start":{"line":48,"column":2},"end":{"line":52,"column":3}},{"start":{"line":50,"column":9},"end":{"line":52,"column":3}}],"line":48},"3":{"loc":{"start":{"line":61,"column":2},"end":{"line":65,"column":3}},"type":"if","locations":[{"start":{"line":61,"column":2},"end":{"line":65,"column":3}},{"start":{"line":63,"column":9},"end":{"line":65,"column":3}}],"line":61},"4":{"loc":{"start":{"line":74,"column":2},"end":{"line":78,"column":3}},"type":"if","locations":[{"start":{"line":74,"column":2},"end":{"line":78,"column":3}},{"start":{"line":76,"column":9},"end":{"line":78,"column":3}}],"line":74}},"s":{"0":1,"1":1,"2":1,"3":2,"4":2,"5":2,"6":2,"7":0,"8":1,"9":8,"10":8,"11":8,"12":8,"13":0,"14":1,"15":8,"16":8,"17":8,"18":8,"19":0,"20":1,"21":5,"22":5,"23":5,"24":5,"25":0,"26":1,"27":1,"28":1,"29":1,"30":1,"31":0,"32":1},"f":{"0":2,"1":8,"2":8,"3":5,"4":1},"b":{"0":[2,0],"1":[8,0],"2":[8,0],"3":[5,0],"4":[1,0]},"_coverageSchema":"1a1c01bbd47fc00a2c39e90264f33305004495a9","hash":"589e1367c89ec99900457223a85d5749f8d9f8cb"}
,"/Users/22282216/Desktop/BackEnd-Costurie/model/usuarioModel.js": {"path":"/Users/22282216/Desktop/BackEnd-Costurie/model/usuarioModel.js","statementMap":{"0":{"start":{"line":9,"column":23},"end":{"line":9,"column":48}},"1":{"start":{"line":11,"column":13},"end":{"line":11,"column":31}},"2":{"start":{"line":13,"column":27},"end":{"line":32,"column":1}},"3":{"start":{"line":14,"column":14},"end":{"line":22,"column":15}},"4":{"start":{"line":25,"column":23},"end":{"line":25,"column":58}},"5":{"start":{"line":27,"column":4},"end":{"line":31,"column":5}},"6":{"start":{"line":28,"column":8},"end":{"line":28,"column":19}},"7":{"start":{"line":30,"column":8},"end":{"line":30,"column":20}},"8":{"start":{"line":35,"column":33},"end":{"line":51,"column":1}},"9":{"start":{"line":37,"column":14},"end":{"line":41,"column":59}},"10":{"start":{"line":43,"column":19},"end":{"line":43,"column":52}},"11":{"start":{"line":45,"column":4},"end":{"line":49,"column":5}},"12":{"start":{"line":46,"column":8},"end":{"line":46,"column":23}},"13":{"start":{"line":48,"column":8},"end":{"line":48,"column":20}},"14":{"start":{"line":53,"column":31},"end":{"line":63,"column":1}},"15":{"start":{"line":54,"column":14},"end":{"line":54,"column":196}},"16":{"start":{"line":56,"column":19},"end":{"line":56,"column":52}},"17":{"start":{"line":58,"column":4},"end":{"line":62,"column":5}},"18":{"start":{"line":59,"column":8},"end":{"line":59,"column":23}},"19":{"start":{"line":61,"column":8},"end":{"line":61,"column":20}},"20":{"start":{"line":65,"column":31},"end":{"line":80,"column":1}},"21":{"start":{"line":71,"column":14},"end":{"line":71,"column":146}},"22":{"start":{"line":74,"column":19},"end":{"line":74,"column":52}},"23":{"start":{"line":75,"column":4},"end":{"line":79,"column":5}},"24":{"start":{"line":76,"column":8},"end":{"line":76,"column":23}},"25":{"start":{"line":78,"column":8},"end":{"line":78,"column":20}},"26":{"start":{"line":82,"column":28},"end":{"line":114,"column":1}},"27":{"start":{"line":84,"column":14},"end":{"line":102,"column":50}},"28":{"start":{"line":104,"column":19},"end":{"line":104,"column":52}},"29":{"start":{"line":109,"column":4},"end":{"line":113,"column":5}},"30":{"start":{"line":110,"column":8},"end":{"line":110,"column":23}},"31":{"start":{"line":112,"column":8},"end":{"line":112,"column":20}},"32":{"start":{"line":116,"column":39},"end":{"line":128,"column":1}},"33":{"start":{"line":118,"column":14},"end":{"line":118,"column":115}},"34":{"start":{"line":121,"column":23},"end":{"line":121,"column":58}},"35":{"start":{"line":123,"column":4},"end":{"line":127,"column":5}},"36":{"start":{"line":124,"column":8},"end":{"line":124,"column":19}},"37":{"start":{"line":126,"column":8},"end":{"line":126,"column":20}},"38":{"start":{"line":130,"column":30},"end":{"line":147,"column":1}},"39":{"start":{"line":131,"column":14},"end":{"line":137,"column":107}},"40":{"start":{"line":139,"column":19},"end":{"line":139,"column":52}},"41":{"start":{"line":142,"column":4},"end":{"line":146,"column":5}},"42":{"start":{"line":143,"column":8},"end":{"line":143,"column":23}},"43":{"start":{"line":145,"column":8},"end":{"line":145,"column":20}},"44":{"start":{"line":149,"column":32},"end":{"line":161,"column":1}},"45":{"start":{"line":151,"column":14},"end":{"line":151,"column":95}},"46":{"start":{"line":154,"column":23},"end":{"line":154,"column":58}},"47":{"start":{"line":156,"column":4},"end":{"line":160,"column":5}},"48":{"start":{"line":157,"column":8},"end":{"line":157,"column":27}},"49":{"start":{"line":159,"column":8},"end":{"line":159,"column":20}},"50":{"start":{"line":163,"column":43},"end":{"line":177,"column":1}},"51":{"start":{"line":165,"column":14},"end":{"line":165,"column":159}},"52":{"start":{"line":170,"column":23},"end":{"line":170,"column":58}},"53":{"start":{"line":172,"column":4},"end":{"line":176,"column":5}},"54":{"start":{"line":173,"column":8},"end":{"line":173,"column":27}},"55":{"start":{"line":175,"column":8},"end":{"line":175,"column":20}},"56":{"start":{"line":179,"column":38},"end":{"line":192,"column":1}},"57":{"start":{"line":180,"column":14},"end":{"line":183,"column":86}},"58":{"start":{"line":185,"column":19},"end":{"line":185,"column":52}},"59":{"start":{"line":187,"column":4},"end":{"line":191,"column":5}},"60":{"start":{"line":188,"column":8},"end":{"line":188,"column":23}},"61":{"start":{"line":190,"column":8},"end":{"line":190,"column":20}},"62":{"start":{"line":194,"column":31},"end":{"line":206,"column":1}},"63":{"start":{"line":195,"column":14},"end":{"line":195,"column":68}},"64":{"start":{"line":198,"column":19},"end":{"line":198,"column":52}},"65":{"start":{"line":201,"column":4},"end":{"line":205,"column":5}},"66":{"start":{"line":202,"column":8},"end":{"line":202,"column":23}},"67":{"start":{"line":204,"column":8},"end":{"line":204,"column":20}},"68":{"start":{"line":208,"column":38},"end":{"line":234,"column":1}},"69":{"start":{"line":212,"column":14},"end":{"line":222,"column":7}},"70":{"start":{"line":225,"column":23},"end":{"line":225,"column":58}},"71":{"start":{"line":229,"column":4},"end":{"line":233,"column":5}},"72":{"start":{"line":230,"column":8},"end":{"line":230,"column":27}},"73":{"start":{"line":232,"column":8},"end":{"line":232,"column":20}},"74":{"start":{"line":236,"column":28},"end":{"line":246,"column":1}},"75":{"start":{"line":237,"column":14},"end":{"line":237,"column":41}},"76":{"start":{"line":239,"column":19},"end":{"line":239,"column":52}},"77":{"start":{"line":241,"column":4},"end":{"line":245,"column":5}},"78":{"start":{"line":242,"column":8},"end":{"line":242,"column":23}},"79":{"start":{"line":244,"column":8},"end":{"line":244,"column":20}},"80":{"start":{"line":248,"column":28},"end":{"line":260,"column":1}},"81":{"start":{"line":249,"column":14},"end":{"line":249,"column":56}},"82":{"start":{"line":253,"column":19},"end":{"line":253,"column":54}},"83":{"start":{"line":255,"column":4},"end":{"line":259,"column":5}},"84":{"start":{"line":256,"column":8},"end":{"line":256,"column":19}},"85":{"start":{"line":258,"column":8},"end":{"line":258,"column":20}},"86":{"start":{"line":262,"column":34},"end":{"line":288,"column":1}},"87":{"start":{"line":263,"column":14},"end":{"line":277,"column":45}},"88":{"start":{"line":279,"column":19},"end":{"line":279,"column":52}},"89":{"start":{"line":283,"column":4},"end":{"line":287,"column":5}},"90":{"start":{"line":284,"column":8},"end":{"line":284,"column":23}},"91":{"start":{"line":286,"column":8},"end":{"line":286,"column":20}},"92":{"start":{"line":290,"column":29},"end":{"line":299,"column":1}},"93":{"start":{"line":291,"column":14},"end":{"line":291,"column":139}},"94":{"start":{"line":293,"column":19},"end":{"line":293,"column":52}},"95":{"start":{"line":294,"column":4},"end":{"line":298,"column":5}},"96":{"start":{"line":295,"column":8},"end":{"line":295,"column":23}},"97":{"start":{"line":297,"column":8},"end":{"line":297,"column":20}},"98":{"start":{"line":301,"column":33},"end":{"line":311,"column":1}},"99":{"start":{"line":302,"column":14},"end":{"line":302,"column":159}},"100":{"start":{"line":304,"column":19},"end":{"line":304,"column":52}},"101":{"start":{"line":306,"column":4},"end":{"line":310,"column":5}},"102":{"start":{"line":307,"column":8},"end":{"line":307,"column":23}},"103":{"start":{"line":309,"column":8},"end":{"line":309,"column":20}},"104":{"start":{"line":313,"column":23},"end":{"line":323,"column":1}},"105":{"start":{"line":314,"column":14},"end":{"line":314,"column":66}},"106":{"start":{"line":316,"column":19},"end":{"line":316,"column":52}},"107":{"start":{"line":318,"column":4},"end":{"line":322,"column":5}},"108":{"start":{"line":319,"column":8},"end":{"line":319,"column":23}},"109":{"start":{"line":321,"column":8},"end":{"line":321,"column":20}},"110":{"start":{"line":325,"column":0},"end":{"line":344,"column":1}}},"fnMap":{"0":{"name":"(anonymous_0)","decl":{"start":{"line":13,"column":27},"end":{"line":13,"column":28}},"loc":{"start":{"line":13,"column":51},"end":{"line":32,"column":1}},"line":13},"1":{"name":"(anonymous_1)","decl":{"start":{"line":35,"column":33},"end":{"line":35,"column":34}},"loc":{"start":{"line":35,"column":45},"end":{"line":51,"column":1}},"line":35},"2":{"name":"(anonymous_2)","decl":{"start":{"line":53,"column":31},"end":{"line":53,"column":32}},"loc":{"start":{"line":53,"column":53},"end":{"line":63,"column":1}},"line":53},"3":{"name":"(anonymous_3)","decl":{"start":{"line":65,"column":31},"end":{"line":65,"column":32}},"loc":{"start":{"line":65,"column":48},"end":{"line":80,"column":1}},"line":65},"4":{"name":"(anonymous_4)","decl":{"start":{"line":82,"column":28},"end":{"line":82,"column":29}},"loc":{"start":{"line":82,"column":42},"end":{"line":114,"column":1}},"line":82},"5":{"name":"(anonymous_5)","decl":{"start":{"line":116,"column":39},"end":{"line":116,"column":40}},"loc":{"start":{"line":116,"column":77},"end":{"line":128,"column":1}},"line":116},"6":{"name":"(anonymous_6)","decl":{"start":{"line":130,"column":30},"end":{"line":130,"column":31}},"loc":{"start":{"line":130,"column":51},"end":{"line":147,"column":1}},"line":130},"7":{"name":"(anonymous_7)","decl":{"start":{"line":149,"column":32},"end":{"line":149,"column":33}},"loc":{"start":{"line":149,"column":53},"end":{"line":161,"column":1}},"line":149},"8":{"name":"(anonymous_8)","decl":{"start":{"line":163,"column":43},"end":{"line":163,"column":44}},"loc":{"start":{"line":163,"column":64},"end":{"line":177,"column":1}},"line":163},"9":{"name":"(anonymous_9)","decl":{"start":{"line":179,"column":38},"end":{"line":179,"column":39}},"loc":{"start":{"line":179,"column":59},"end":{"line":192,"column":1}},"line":179},"10":{"name":"(anonymous_10)","decl":{"start":{"line":194,"column":31},"end":{"line":194,"column":32}},"loc":{"start":{"line":194,"column":45},"end":{"line":206,"column":1}},"line":194},"11":{"name":"(anonymous_11)","decl":{"start":{"line":208,"column":38},"end":{"line":208,"column":39}},"loc":{"start":{"line":208,"column":59},"end":{"line":234,"column":1}},"line":208},"12":{"name":"(anonymous_12)","decl":{"start":{"line":236,"column":28},"end":{"line":236,"column":29}},"loc":{"start":{"line":236,"column":40},"end":{"line":246,"column":1}},"line":236},"13":{"name":"(anonymous_13)","decl":{"start":{"line":248,"column":28},"end":{"line":248,"column":29}},"loc":{"start":{"line":248,"column":42},"end":{"line":260,"column":1}},"line":248},"14":{"name":"(anonymous_14)","decl":{"start":{"line":262,"column":34},"end":{"line":262,"column":35}},"loc":{"start":{"line":262,"column":48},"end":{"line":288,"column":1}},"line":262},"15":{"name":"(anonymous_15)","decl":{"start":{"line":290,"column":29},"end":{"line":290,"column":30}},"loc":{"start":{"line":290,"column":46},"end":{"line":299,"column":1}},"line":290},"16":{"name":"(anonymous_16)","decl":{"start":{"line":301,"column":33},"end":{"line":301,"column":34}},"loc":{"start":{"line":301,"column":60},"end":{"line":311,"column":1}},"line":301},"17":{"name":"(anonymous_17)","decl":{"start":{"line":313,"column":23},"end":{"line":313,"column":24}},"loc":{"start":{"line":313,"column":45},"end":{"line":323,"column":1}},"line":313}},"branchMap":{"0":{"loc":{"start":{"line":27,"column":4},"end":{"line":31,"column":5}},"type":"if","locations":[{"start":{"line":27,"column":4},"end":{"line":31,"column":5}},{"start":{"line":29,"column":11},"end":{"line":31,"column":5}}],"line":27},"1":{"loc":{"start":{"line":45,"column":4},"end":{"line":49,"column":5}},"type":"if","locations":[{"start":{"line":45,"column":4},"end":{"line":49,"column":5}},{"start":{"line":47,"column":11},"end":{"line":49,"column":5}}],"line":45},"2":{"loc":{"start":{"line":58,"column":4},"end":{"line":62,"column":5}},"type":"if","locations":[{"start":{"line":58,"column":4},"end":{"line":62,"column":5}},{"start":{"line":60,"column":11},"end":{"line":62,"column":5}}],"line":58},"3":{"loc":{"start":{"line":75,"column":4},"end":{"line":79,"column":5}},"type":"if","locations":[{"start":{"line":75,"column":4},"end":{"line":79,"column":5}},{"start":{"line":77,"column":11},"end":{"line":79,"column":5}}],"line":75},"4":{"loc":{"start":{"line":109,"column":4},"end":{"line":113,"column":5}},"type":"if","locations":[{"start":{"line":109,"column":4},"end":{"line":113,"column":5}},{"start":{"line":111,"column":11},"end":{"line":113,"column":5}}],"line":109},"5":{"loc":{"start":{"line":123,"column":4},"end":{"line":127,"column":5}},"type":"if","locations":[{"start":{"line":123,"column":4},"end":{"line":127,"column":5}},{"start":{"line":125,"column":11},"end":{"line":127,"column":5}}],"line":123},"6":{"loc":{"start":{"line":142,"column":4},"end":{"line":146,"column":5}},"type":"if","locations":[{"start":{"line":142,"column":4},"end":{"line":146,"column":5}},{"start":{"line":144,"column":11},"end":{"line":146,"column":5}}],"line":142},"7":{"loc":{"start":{"line":156,"column":4},"end":{"line":160,"column":5}},"type":"if","locations":[{"start":{"line":156,"column":4},"end":{"line":160,"column":5}},{"start":{"line":158,"column":11},"end":{"line":160,"column":5}}],"line":156},"8":{"loc":{"start":{"line":172,"column":4},"end":{"line":176,"column":5}},"type":"if","locations":[{"start":{"line":172,"column":4},"end":{"line":176,"column":5}},{"start":{"line":174,"column":11},"end":{"line":176,"column":5}}],"line":172},"9":{"loc":{"start":{"line":187,"column":4},"end":{"line":191,"column":5}},"type":"if","locations":[{"start":{"line":187,"column":4},"end":{"line":191,"column":5}},{"start":{"line":189,"column":11},"end":{"line":191,"column":5}}],"line":187},"10":{"loc":{"start":{"line":201,"column":4},"end":{"line":205,"column":5}},"type":"if","locations":[{"start":{"line":201,"column":4},"end":{"line":205,"column":5}},{"start":{"line":203,"column":11},"end":{"line":205,"column":5}}],"line":201},"11":{"loc":{"start":{"line":229,"column":4},"end":{"line":233,"column":5}},"type":"if","locations":[{"start":{"line":229,"column":4},"end":{"line":233,"column":5}},{"start":{"line":231,"column":11},"end":{"line":233,"column":5}}],"line":229},"12":{"loc":{"start":{"line":241,"column":4},"end":{"line":245,"column":5}},"type":"if","locations":[{"start":{"line":241,"column":4},"end":{"line":245,"column":5}},{"start":{"line":243,"column":11},"end":{"line":245,"column":5}}],"line":241},"13":{"loc":{"start":{"line":255,"column":4},"end":{"line":259,"column":5}},"type":"if","locations":[{"start":{"line":255,"column":4},"end":{"line":259,"column":5}},{"start":{"line":257,"column":11},"end":{"line":259,"column":5}}],"line":255},"14":{"loc":{"start":{"line":283,"column":4},"end":{"line":287,"column":5}},"type":"if","locations":[{"start":{"line":283,"column":4},"end":{"line":287,"column":5}},{"start":{"line":285,"column":11},"end":{"line":287,"column":5}}],"line":283},"15":{"loc":{"start":{"line":294,"column":4},"end":{"line":298,"column":5}},"type":"if","locations":[{"start":{"line":294,"column":4},"end":{"line":298,"column":5}},{"start":{"line":296,"column":11},"end":{"line":298,"column":5}}],"line":294},"16":{"loc":{"start":{"line":306,"column":4},"end":{"line":310,"column":5}},"type":"if","locations":[{"start":{"line":306,"column":4},"end":{"line":310,"column":5}},{"start":{"line":308,"column":11},"end":{"line":310,"column":5}}],"line":306},"17":{"loc":{"start":{"line":318,"column":4},"end":{"line":322,"column":5}},"type":"if","locations":[{"start":{"line":318,"column":4},"end":{"line":322,"column":5}},{"start":{"line":320,"column":11},"end":{"line":322,"column":5}}],"line":318}},"s":{"0":1,"1":1,"2":1,"3":0,"4":0,"5":0,"6":0,"7":0,"8":1,"9":0,"10":0,"11":0,"12":0,"13":0,"14":1,"15":2,"16":2,"17":2,"18":2,"19":0,"20":1,"21":2,"22":2,"23":2,"24":1,"25":1,"26":1,"27":6,"28":6,"29":6,"30":6,"31":0,"32":1,"33":1,"34":1,"35":1,"36":1,"37":0,"38":1,"39":0,"40":0,"41":0,"42":0,"43":0,"44":1,"45":1,"46":1,"47":1,"48":1,"49":0,"50":1,"51":1,"52":1,"53":1,"54":1,"55":0,"56":1,"57":1,"58":1,"59":1,"60":1,"61":0,"62":1,"63":7,"64":7,"65":7,"66":7,"67":0,"68":1,"69":4,"70":4,"71":4,"72":4,"73":0,"74":1,"75":1,"76":1,"77":1,"78":1,"79":0,"80":1,"81":0,"82":0,"83":0,"84":0,"85":0,"86":1,"87":0,"88":0,"89":0,"90":0,"91":0,"92":1,"93":1,"94":1,"95":1,"96":1,"97":0,"98":1,"99":1,"100":1,"101":1,"102":0,"103":1,"104":1,"105":0,"106":0,"107":0,"108":0,"109":0,"110":1},"f":{"0":0,"1":0,"2":2,"3":2,"4":6,"5":1,"6":0,"7":1,"8":1,"9":1,"10":7,"11":4,"12":1,"13":0,"14":0,"15":1,"16":1,"17":0},"b":{"0":[0,0],"1":[0,0],"2":[2,0],"3":[1,1],"4":[6,0],"5":[1,0],"6":[0,0],"7":[1,0],"8":[1,0],"9":[1,0],"10":[7,0],"11":[4,0],"12":[1,0],"13":[0,0],"14":[0,0],"15":[1,0],"16":[0,1],"17":[0,0]},"_coverageSchema":"1a1c01bbd47fc00a2c39e90264f33305004495a9","hash":"ea10efe98fceee2dd4f4f97c3e0e5639baee677c"}
,"/Users/22282216/Desktop/BackEnd-Costurie/module/secret.js": {"path":"/Users/22282216/Desktop/BackEnd-Costurie/module/secret.js","statementMap":{"0":{"start":{"line":8,"column":19},"end":{"line":8,"column":40}},"1":{"start":{"line":9,"column":12},"end":{"line":9,"column":52}},"2":{"start":{"line":11,"column":15},"end":{"line":11,"column":25}},"3":{"start":{"line":12,"column":15},"end":{"line":12,"column":23}},"4":{"start":{"line":14,"column":13},"end":{"line":14,"column":28}},"5":{"start":{"line":16,"column":13},"end":{"line":30,"column":2}},"6":{"start":{"line":32,"column":0},"end":{"line":40,"column":3}},"7":{"start":{"line":42,"column":0},"end":{"line":46,"column":1}}},"fnMap":{},"branchMap":{},"s":{"0":1,"1":1,"2":1,"3":1,"4":1,"5":1,"6":1,"7":1},"f":{},"b":{},"_coverageSchema":"1a1c01bbd47fc00a2c39e90264f33305004495a9","hash":"e4a4ffb2def7fd831a5a1048351c031a3e39ac6c"}
}
