{"/Users/22282216/Desktop/BackEnd-Costurie/controller/usuarioController.js": {"path":"/Users/22282216/Desktop/BackEnd-Costurie/controller/usuarioController.js","statementMap":{"0":{"start":{"line":9,"column":14},"end":{"line":9,"column":55}},"1":{"start":{"line":12,"column":15},"end":{"line":12,"column":45}},"2":{"start":{"line":15,"column":12},"end":{"line":15,"column":53}},"3":{"start":{"line":18,"column":21},"end":{"line":18,"column":56}},"4":{"start":{"line":19,"column":17},"end":{"line":19,"column":48}},"5":{"start":{"line":20,"column":24},"end":{"line":20,"column":62}},"6":{"start":{"line":21,"column":25},"end":{"line":21,"column":64}},"7":{"start":{"line":23,"column":24},"end":{"line":23,"column":62}},"8":{"start":{"line":24,"column":20},"end":{"line":24,"column":54}},"9":{"start":{"line":26,"column":26},"end":{"line":53,"column":1}},"10":{"start":{"line":27,"column":2},"end":{"line":52,"column":3}},"11":{"start":{"line":35,"column":4},"end":{"line":35,"column":41}},"12":{"start":{"line":38,"column":16},"end":{"line":38,"column":69}},"13":{"start":{"line":40,"column":4},"end":{"line":51,"column":5}},"14":{"start":{"line":42,"column":22},"end":{"line":42,"column":54}},"15":{"start":{"line":44,"column":27},"end":{"line":44,"column":29}},"16":{"start":{"line":45,"column":6},"end":{"line":45,"column":38}},"17":{"start":{"line":46,"column":6},"end":{"line":46,"column":34}},"18":{"start":{"line":47,"column":6},"end":{"line":47,"column":39}},"19":{"start":{"line":48,"column":6},"end":{"line":48,"column":28}},"20":{"start":{"line":50,"column":6},"end":{"line":50,"column":42}},"21":{"start":{"line":55,"column":23},"end":{"line":69,"column":1}},"22":{"start":{"line":56,"column":18},"end":{"line":56,"column":25}},"23":{"start":{"line":57,"column":20},"end":{"line":57,"column":72}},"24":{"start":{"line":60,"column":2},"end":{"line":68,"column":3}},"25":{"start":{"line":61,"column":25},"end":{"line":61,"column":27}},"26":{"start":{"line":62,"column":4},"end":{"line":62,"column":42}},"27":{"start":{"line":63,"column":4},"end":{"line":63,"column":69}},"28":{"start":{"line":64,"column":4},"end":{"line":64,"column":71}},"29":{"start":{"line":65,"column":4},"end":{"line":65,"column":26}},"30":{"start":{"line":67,"column":4},"end":{"line":67,"column":41}},"31":{"start":{"line":71,"column":34},"end":{"line":90,"column":1}},"32":{"start":{"line":73,"column":23},"end":{"line":73,"column":65}},"33":{"start":{"line":75,"column":2},"end":{"line":89,"column":3}},"34":{"start":{"line":76,"column":29},"end":{"line":76,"column":106}},"35":{"start":{"line":78,"column":4},"end":{"line":86,"column":5}},"36":{"start":{"line":79,"column":29},"end":{"line":79,"column":31}},"37":{"start":{"line":80,"column":6},"end":{"line":80,"column":52}},"38":{"start":{"line":81,"column":6},"end":{"line":81,"column":41}},"39":{"start":{"line":83,"column":6},"end":{"line":83,"column":30}},"40":{"start":{"line":85,"column":6},"end":{"line":85,"column":43}},"41":{"start":{"line":88,"column":4},"end":{"line":88,"column":41}},"42":{"start":{"line":92,"column":24},"end":{"line":129,"column":1}},"43":{"start":{"line":93,"column":2},"end":{"line":128,"column":3}},"44":{"start":{"line":95,"column":4},"end":{"line":95,"column":45}},"45":{"start":{"line":98,"column":21},"end":{"line":98,"column":73}},"46":{"start":{"line":100,"column":4},"end":{"line":127,"column":5}},"47":{"start":{"line":102,"column":24},"end":{"line":102,"column":75}},"48":{"start":{"line":104,"column":22},"end":{"line":104,"column":52}},"49":{"start":{"line":106,"column":22},"end":{"line":106,"column":50}},"50":{"start":{"line":110,"column":16},"end":{"line":110,"column":26}},"51":{"start":{"line":112,"column":26},"end":{"line":112,"column":85}},"52":{"start":{"line":114,"column":6},"end":{"line":124,"column":7}},"53":{"start":{"line":116,"column":29},"end":{"line":116,"column":31}},"54":{"start":{"line":117,"column":8},"end":{"line":117,"column":47}},"55":{"start":{"line":118,"column":8},"end":{"line":118,"column":83}},"56":{"start":{"line":119,"column":8},"end":{"line":119,"column":35}},"57":{"start":{"line":121,"column":8},"end":{"line":121,"column":29}},"58":{"start":{"line":123,"column":8},"end":{"line":123,"column":42}},"59":{"start":{"line":126,"column":6},"end":{"line":126,"column":41}},"60":{"start":{"line":131,"column":27},"end":{"line":154,"column":1}},"61":{"start":{"line":133,"column":2},"end":{"line":153,"column":3}},"62":{"start":{"line":134,"column":4},"end":{"line":134,"column":45}},"63":{"start":{"line":135,"column":9},"end":{"line":153,"column":3}},"64":{"start":{"line":136,"column":4},"end":{"line":136,"column":35}},"65":{"start":{"line":139,"column":27},"end":{"line":139,"column":80}},"66":{"start":{"line":141,"column":4},"end":{"line":152,"column":5}},"67":{"start":{"line":143,"column":30},"end":{"line":143,"column":82}},"68":{"start":{"line":145,"column":26},"end":{"line":145,"column":28}},"69":{"start":{"line":146,"column":6},"end":{"line":146,"column":47}},"70":{"start":{"line":147,"column":6},"end":{"line":147,"column":32}},"71":{"start":{"line":148,"column":6},"end":{"line":148,"column":63}},"72":{"start":{"line":149,"column":6},"end":{"line":149,"column":26}},"73":{"start":{"line":151,"column":6},"end":{"line":151,"column":41}},"74":{"start":{"line":156,"column":26},"end":{"line":176,"column":1}},"75":{"start":{"line":158,"column":2},"end":{"line":175,"column":3}},"76":{"start":{"line":160,"column":4},"end":{"line":160,"column":35}},"77":{"start":{"line":162,"column":40},"end":{"line":162,"column":98}},"78":{"start":{"line":164,"column":4},"end":{"line":174,"column":5}},"79":{"start":{"line":165,"column":30},"end":{"line":165,"column":82}},"80":{"start":{"line":167,"column":29},"end":{"line":167,"column":31}},"81":{"start":{"line":168,"column":6},"end":{"line":168,"column":50}},"82":{"start":{"line":169,"column":6},"end":{"line":169,"column":35}},"83":{"start":{"line":170,"column":6},"end":{"line":170,"column":66}},"84":{"start":{"line":171,"column":6},"end":{"line":171,"column":29}},"85":{"start":{"line":173,"column":6},"end":{"line":173,"column":41}},"86":{"start":{"line":178,"column":33},"end":{"line":199,"column":1}},"87":{"start":{"line":179,"column":18},"end":{"line":179,"column":20}},"88":{"start":{"line":180,"column":2},"end":{"line":198,"column":3}},"89":{"start":{"line":183,"column":4},"end":{"line":183,"column":40}},"90":{"start":{"line":185,"column":33},"end":{"line":185,"column":92}},"91":{"start":{"line":187,"column":4},"end":{"line":197,"column":5}},"92":{"start":{"line":188,"column":6},"end":{"line":188,"column":62}},"93":{"start":{"line":189,"column":6},"end":{"line":189,"column":28}},"94":{"start":{"line":191,"column":6},"end":{"line":191,"column":22}},"95":{"start":{"line":194,"column":6},"end":{"line":194,"column":63}},"96":{"start":{"line":195,"column":6},"end":{"line":195,"column":28}},"97":{"start":{"line":196,"column":6},"end":{"line":196,"column":22}},"98":{"start":{"line":201,"column":26},"end":{"line":290,"column":1}},"99":{"start":{"line":204,"column":25},"end":{"line":204,"column":27}},"100":{"start":{"line":205,"column":17},"end":{"line":205,"column":19}},"101":{"start":{"line":207,"column":2},"end":{"line":289,"column":3}},"102":{"start":{"line":208,"column":4},"end":{"line":208,"column":35}},"103":{"start":{"line":211,"column":18},"end":{"line":211,"column":55}},"104":{"start":{"line":215,"column":4},"end":{"line":287,"column":5}},"105":{"start":{"line":217,"column":6},"end":{"line":217,"column":43}},"106":{"start":{"line":219,"column":6},"end":{"line":219,"column":26}},"107":{"start":{"line":223,"column":29},"end":{"line":223,"column":83}},"108":{"start":{"line":225,"column":6},"end":{"line":237,"column":7}},"109":{"start":{"line":226,"column":8},"end":{"line":232,"column":9}},"110":{"start":{"line":226,"column":21},"end":{"line":226,"column":22}},"111":{"start":{"line":227,"column":27},"end":{"line":227,"column":46}},"112":{"start":{"line":229,"column":20},"end":{"line":229,"column":72}},"113":{"start":{"line":231,"column":10},"end":{"line":231,"column":31}},"114":{"start":{"line":234,"column":8},"end":{"line":234,"column":34}},"115":{"start":{"line":236,"column":8},"end":{"line":236,"column":28}},"116":{"start":{"line":239,"column":6},"end":{"line":248,"column":7}},"117":{"start":{"line":240,"column":8},"end":{"line":240,"column":37}},"118":{"start":{"line":241,"column":8},"end":{"line":241,"column":35}},"119":{"start":{"line":243,"column":33},"end":{"line":243,"column":115}},"120":{"start":{"line":247,"column":8},"end":{"line":247,"column":54}},"121":{"start":{"line":252,"column":31},"end":{"line":252,"column":108}},"122":{"start":{"line":254,"column":28},"end":{"line":254,"column":30}},"123":{"start":{"line":256,"column":6},"end":{"line":271,"column":7}},"124":{"start":{"line":257,"column":8},"end":{"line":266,"column":9}},"125":{"start":{"line":257,"column":21},"end":{"line":257,"column":22}},"126":{"start":{"line":259,"column":27},"end":{"line":259,"column":48}},"127":{"start":{"line":261,"column":33},"end":{"line":261,"column":87}},"128":{"start":{"line":263,"column":10},"end":{"line":263,"column":46}},"129":{"start":{"line":265,"column":10},"end":{"line":265,"column":42}},"130":{"start":{"line":268,"column":8},"end":{"line":268,"column":48}},"131":{"start":{"line":270,"column":8},"end":{"line":270,"column":35}},"132":{"start":{"line":273,"column":6},"end":{"line":283,"column":7}},"133":{"start":{"line":274,"column":31},"end":{"line":274,"column":33}},"134":{"start":{"line":276,"column":8},"end":{"line":276,"column":45}},"135":{"start":{"line":277,"column":8},"end":{"line":277,"column":67}},"136":{"start":{"line":278,"column":8},"end":{"line":278,"column":37}},"137":{"start":{"line":280,"column":8},"end":{"line":280,"column":31}},"138":{"start":{"line":282,"column":8},"end":{"line":282,"column":44}},"139":{"start":{"line":286,"column":6},"end":{"line":286,"column":41}},"140":{"start":{"line":292,"column":33},"end":{"line":389,"column":1}},"141":{"start":{"line":293,"column":31},"end":{"line":293,"column":33}},"142":{"start":{"line":295,"column":31},"end":{"line":295,"column":103}},"143":{"start":{"line":301,"column":2},"end":{"line":388,"column":3}},"144":{"start":{"line":312,"column":4},"end":{"line":312,"column":45}},"145":{"start":{"line":315,"column":9},"end":{"line":388,"column":3}},"146":{"start":{"line":319,"column":4},"end":{"line":352,"column":5}},"147":{"start":{"line":321,"column":32},"end":{"line":321,"column":104}},"148":{"start":{"line":323,"column":6},"end":{"line":337,"column":7}},"149":{"start":{"line":325,"column":8},"end":{"line":325,"column":67}},"150":{"start":{"line":327,"column":32},"end":{"line":327,"column":95}},"151":{"start":{"line":329,"column":8},"end":{"line":329,"column":69}},"152":{"start":{"line":331,"column":8},"end":{"line":331,"column":77}},"153":{"start":{"line":332,"column":8},"end":{"line":332,"column":75}},"154":{"start":{"line":334,"column":8},"end":{"line":334,"column":37}},"155":{"start":{"line":336,"column":8},"end":{"line":336,"column":44}},"156":{"start":{"line":340,"column":6},"end":{"line":340,"column":65}},"157":{"start":{"line":342,"column":30},"end":{"line":342,"column":90}},"158":{"start":{"line":346,"column":6},"end":{"line":346,"column":70}},"159":{"start":{"line":348,"column":6},"end":{"line":348,"column":75}},"160":{"start":{"line":349,"column":6},"end":{"line":349,"column":73}},"161":{"start":{"line":351,"column":6},"end":{"line":351,"column":35}},"162":{"start":{"line":355,"column":9},"end":{"line":388,"column":3}},"163":{"start":{"line":356,"column":30},"end":{"line":356,"column":102}},"164":{"start":{"line":358,"column":4},"end":{"line":374,"column":5}},"165":{"start":{"line":359,"column":32},"end":{"line":359,"column":58}},"166":{"start":{"line":361,"column":6},"end":{"line":361,"column":27}},"167":{"start":{"line":363,"column":6},"end":{"line":370,"column":7}},"168":{"start":{"line":364,"column":8},"end":{"line":364,"column":69}},"169":{"start":{"line":365,"column":8},"end":{"line":365,"column":77}},"170":{"start":{"line":366,"column":8},"end":{"line":366,"column":75}},"171":{"start":{"line":367,"column":8},"end":{"line":367,"column":37}},"172":{"start":{"line":369,"column":8},"end":{"line":369,"column":45}},"173":{"start":{"line":373,"column":6},"end":{"line":373,"column":42}},"174":{"start":{"line":376,"column":30},"end":{"line":376,"column":56}},"175":{"start":{"line":380,"column":4},"end":{"line":387,"column":5}},"176":{"start":{"line":381,"column":6},"end":{"line":381,"column":67}},"177":{"start":{"line":382,"column":6},"end":{"line":382,"column":75}},"178":{"start":{"line":383,"column":6},"end":{"line":383,"column":73}},"179":{"start":{"line":384,"column":6},"end":{"line":384,"column":35}},"180":{"start":{"line":386,"column":6},"end":{"line":386,"column":43}},"181":{"start":{"line":391,"column":18},"end":{"line":418,"column":1}},"182":{"start":{"line":392,"column":31},"end":{"line":392,"column":33}},"183":{"start":{"line":393,"column":24},"end":{"line":393,"column":26}},"184":{"start":{"line":397,"column":2},"end":{"line":407,"column":3}},"185":{"start":{"line":397,"column":15},"end":{"line":397,"column":16}},"186":{"start":{"line":398,"column":14},"end":{"line":398,"column":31}},"187":{"start":{"line":400,"column":4},"end":{"line":400,"column":76}},"188":{"start":{"line":402,"column":31},"end":{"line":402,"column":77}},"189":{"start":{"line":404,"column":24},"end":{"line":404,"column":89}},"190":{"start":{"line":406,"column":4},"end":{"line":406,"column":42}},"191":{"start":{"line":409,"column":2},"end":{"line":409,"column":59}},"192":{"start":{"line":411,"column":2},"end":{"line":411,"column":61}},"193":{"start":{"line":413,"column":26},"end":{"line":413,"column":89}},"194":{"start":{"line":415,"column":2},"end":{"line":415,"column":55}},"195":{"start":{"line":417,"column":2},"end":{"line":417,"column":31}},"196":{"start":{"line":420,"column":23},"end":{"line":435,"column":1}},"197":{"start":{"line":422,"column":21},"end":{"line":422,"column":61}},"198":{"start":{"line":424,"column":2},"end":{"line":434,"column":3}},"199":{"start":{"line":425,"column":27},"end":{"line":425,"column":29}},"200":{"start":{"line":427,"column":4},"end":{"line":427,"column":44}},"201":{"start":{"line":428,"column":4},"end":{"line":428,"column":33}},"202":{"start":{"line":429,"column":4},"end":{"line":429,"column":66}},"203":{"start":{"line":431,"column":4},"end":{"line":431,"column":27}},"204":{"start":{"line":433,"column":4},"end":{"line":433,"column":40}},"205":{"start":{"line":437,"column":31},"end":{"line":490,"column":1}},"206":{"start":{"line":438,"column":26},"end":{"line":438,"column":28}},"207":{"start":{"line":439,"column":22},"end":{"line":439,"column":24}},"208":{"start":{"line":441,"column":2},"end":{"line":489,"column":3}},"209":{"start":{"line":442,"column":4},"end":{"line":442,"column":35}},"210":{"start":{"line":443,"column":9},"end":{"line":489,"column":3}},"211":{"start":{"line":444,"column":4},"end":{"line":444,"column":45}},"212":{"start":{"line":447,"column":24},"end":{"line":447,"column":73}},"213":{"start":{"line":451,"column":4},"end":{"line":488,"column":5}},"214":{"start":{"line":453,"column":6},"end":{"line":463,"column":7}},"215":{"start":{"line":453,"column":19},"end":{"line":453,"column":20}},"216":{"start":{"line":454,"column":27},"end":{"line":454,"column":43}},"217":{"start":{"line":458,"column":22},"end":{"line":458,"column":85}},"218":{"start":{"line":462,"column":8},"end":{"line":462,"column":38}},"219":{"start":{"line":467,"column":6},"end":{"line":475,"column":7}},"220":{"start":{"line":467,"column":19},"end":{"line":467,"column":20}},"221":{"start":{"line":468,"column":23},"end":{"line":468,"column":39}},"222":{"start":{"line":472,"column":8},"end":{"line":474,"column":9}},"223":{"start":{"line":473,"column":10},"end":{"line":473,"column":36}},"224":{"start":{"line":479,"column":6},"end":{"line":479,"column":48}},"225":{"start":{"line":480,"column":6},"end":{"line":480,"column":68}},"226":{"start":{"line":481,"column":6},"end":{"line":481,"column":66}},"227":{"start":{"line":485,"column":6},"end":{"line":485,"column":30}},"228":{"start":{"line":487,"column":6},"end":{"line":487,"column":42}},"229":{"start":{"line":492,"column":23},"end":{"line":516,"column":1}},"230":{"start":{"line":494,"column":2},"end":{"line":515,"column":3}},"231":{"start":{"line":495,"column":4},"end":{"line":495,"column":35}},"232":{"start":{"line":498,"column":26},"end":{"line":498,"column":68}},"233":{"start":{"line":500,"column":24},"end":{"line":500,"column":66}},"234":{"start":{"line":502,"column":4},"end":{"line":514,"column":5}},"235":{"start":{"line":503,"column":6},"end":{"line":503,"column":39}},"236":{"start":{"line":504,"column":11},"end":{"line":514,"column":5}},"237":{"start":{"line":505,"column":29},"end":{"line":505,"column":31}},"238":{"start":{"line":507,"column":6},"end":{"line":507,"column":57}},"239":{"start":{"line":508,"column":6},"end":{"line":508,"column":69}},"240":{"start":{"line":509,"column":6},"end":{"line":509,"column":67}},"241":{"start":{"line":511,"column":6},"end":{"line":511,"column":29}},"242":{"start":{"line":513,"column":6},"end":{"line":513,"column":42}},"243":{"start":{"line":518,"column":25},"end":{"line":554,"column":1}},"244":{"start":{"line":520,"column":30},"end":{"line":520,"column":86}},"245":{"start":{"line":521,"column":28},"end":{"line":521,"column":98}},"246":{"start":{"line":523,"column":2},"end":{"line":553,"column":3}},"247":{"start":{"line":527,"column":4},"end":{"line":527,"column":40}},"248":{"start":{"line":528,"column":9},"end":{"line":553,"column":3}},"249":{"start":{"line":529,"column":4},"end":{"line":529,"column":45}},"250":{"start":{"line":530,"column":9},"end":{"line":553,"column":3}},"251":{"start":{"line":531,"column":4},"end":{"line":531,"column":48}},"252":{"start":{"line":534,"column":29},"end":{"line":534,"column":77}},"253":{"start":{"line":536,"column":4},"end":{"line":552,"column":5}},"254":{"start":{"line":538,"column":24},"end":{"line":538,"column":69}},"255":{"start":{"line":540,"column":29},"end":{"line":540,"column":31}},"256":{"start":{"line":542,"column":22},"end":{"line":542,"column":60}},"257":{"start":{"line":544,"column":6},"end":{"line":544,"column":47}},"258":{"start":{"line":545,"column":6},"end":{"line":545,"column":69}},"259":{"start":{"line":546,"column":6},"end":{"line":546,"column":67}},"260":{"start":{"line":547,"column":6},"end":{"line":547,"column":40}},"261":{"start":{"line":549,"column":6},"end":{"line":549,"column":29}},"262":{"start":{"line":551,"column":6},"end":{"line":551,"column":38}},"263":{"start":{"line":556,"column":0},"end":{"line":571,"column":1}}},"fnMap":{"0":{"name":"(anonymous_0)","decl":{"start":{"line":26,"column":26},"end":{"line":26,"column":27}},"loc":{"start":{"line":26,"column":48},"end":{"line":53,"column":1}},"line":26},"1":{"name":"(anonymous_1)","decl":{"start":{"line":55,"column":23},"end":{"line":55,"column":24}},"loc":{"start":{"line":55,"column":40},"end":{"line":69,"column":1}},"line":55},"2":{"name":"(anonymous_2)","decl":{"start":{"line":71,"column":34},"end":{"line":71,"column":35}},"loc":{"start":{"line":71,"column":72},"end":{"line":90,"column":1}},"line":71},"3":{"name":"(anonymous_3)","decl":{"start":{"line":92,"column":24},"end":{"line":92,"column":25}},"loc":{"start":{"line":92,"column":45},"end":{"line":129,"column":1}},"line":92},"4":{"name":"(anonymous_4)","decl":{"start":{"line":131,"column":27},"end":{"line":131,"column":28}},"loc":{"start":{"line":131,"column":48},"end":{"line":154,"column":1}},"line":131},"5":{"name":"(anonymous_5)","decl":{"start":{"line":156,"column":26},"end":{"line":156,"column":27}},"loc":{"start":{"line":156,"column":47},"end":{"line":176,"column":1}},"line":156},"6":{"name":"(anonymous_6)","decl":{"start":{"line":178,"column":33},"end":{"line":178,"column":34}},"loc":{"start":{"line":178,"column":54},"end":{"line":199,"column":1}},"line":178},"7":{"name":"(anonymous_7)","decl":{"start":{"line":201,"column":26},"end":{"line":201,"column":27}},"loc":{"start":{"line":201,"column":40},"end":{"line":290,"column":1}},"line":201},"8":{"name":"(anonymous_8)","decl":{"start":{"line":292,"column":33},"end":{"line":292,"column":34}},"loc":{"start":{"line":292,"column":54},"end":{"line":389,"column":1}},"line":292},"9":{"name":"(anonymous_9)","decl":{"start":{"line":391,"column":18},"end":{"line":391,"column":19}},"loc":{"start":{"line":391,"column":39},"end":{"line":418,"column":1}},"line":391},"10":{"name":"(anonymous_10)","decl":{"start":{"line":420,"column":23},"end":{"line":420,"column":24}},"loc":{"start":{"line":420,"column":35},"end":{"line":435,"column":1}},"line":420},"11":{"name":"(anonymous_11)","decl":{"start":{"line":437,"column":31},"end":{"line":437,"column":32}},"loc":{"start":{"line":437,"column":46},"end":{"line":490,"column":1}},"line":437},"12":{"name":"(anonymous_12)","decl":{"start":{"line":492,"column":23},"end":{"line":492,"column":24}},"loc":{"start":{"line":492,"column":37},"end":{"line":516,"column":1}},"line":492},"13":{"name":"(anonymous_13)","decl":{"start":{"line":518,"column":25},"end":{"line":518,"column":26}},"loc":{"start":{"line":518,"column":46},"end":{"line":554,"column":1}},"line":518}},"branchMap":{"0":{"loc":{"start":{"line":27,"column":2},"end":{"line":52,"column":3}},"type":"if","locations":[{"start":{"line":27,"column":2},"end":{"line":52,"column":3}},{"start":{"line":36,"column":9},"end":{"line":52,"column":3}}],"line":27},"1":{"loc":{"start":{"line":28,"column":4},"end":{"line":33,"column":33}},"type":"binary-expr","locations":[{"start":{"line":28,"column":4},"end":{"line":28,"column":26}},{"start":{"line":29,"column":4},"end":{"line":29,"column":33}},{"start":{"line":30,"column":4},"end":{"line":30,"column":33}},{"start":{"line":31,"column":4},"end":{"line":31,"column":26}},{"start":{"line":32,"column":4},"end":{"line":32,"column":33}},{"start":{"line":33,"column":4},"end":{"line":33,"column":33}}],"line":28},"2":{"loc":{"start":{"line":40,"column":4},"end":{"line":51,"column":5}},"type":"if","locations":[{"start":{"line":40,"column":4},"end":{"line":51,"column":5}},{"start":{"line":49,"column":11},"end":{"line":51,"column":5}}],"line":40},"3":{"loc":{"start":{"line":60,"column":2},"end":{"line":68,"column":3}},"type":"if","locations":[{"start":{"line":60,"column":2},"end":{"line":68,"column":3}},{"start":{"line":66,"column":9},"end":{"line":68,"column":3}}],"line":60},"4":{"loc":{"start":{"line":75,"column":2},"end":{"line":89,"column":3}},"type":"if","locations":[{"start":{"line":75,"column":2},"end":{"line":89,"column":3}},{"start":{"line":87,"column":9},"end":{"line":89,"column":3}}],"line":75},"5":{"loc":{"start":{"line":78,"column":4},"end":{"line":86,"column":5}},"type":"if","locations":[{"start":{"line":78,"column":4},"end":{"line":86,"column":5}},{"start":{"line":84,"column":11},"end":{"line":86,"column":5}}],"line":78},"6":{"loc":{"start":{"line":93,"column":2},"end":{"line":128,"column":3}},"type":"if","locations":[{"start":{"line":93,"column":2},"end":{"line":128,"column":3}},{"start":{"line":96,"column":9},"end":{"line":128,"column":3}}],"line":93},"7":{"loc":{"start":{"line":93,"column":6},"end":{"line":94,"column":114}},"type":"binary-expr","locations":[{"start":{"line":93,"column":6},"end":{"line":93,"column":24}},{"start":{"line":93,"column":28},"end":{"line":93,"column":53}},{"start":{"line":93,"column":57},"end":{"line":93,"column":76}},{"start":{"line":94,"column":4},"end":{"line":94,"column":25}},{"start":{"line":94,"column":29},"end":{"line":94,"column":57}},{"start":{"line":94,"column":61},"end":{"line":94,"column":83}},{"start":{"line":94,"column":87},"end":{"line":94,"column":114}}],"line":93},"8":{"loc":{"start":{"line":100,"column":4},"end":{"line":127,"column":5}},"type":"if","locations":[{"start":{"line":100,"column":4},"end":{"line":127,"column":5}},{"start":{"line":125,"column":11},"end":{"line":127,"column":5}}],"line":100},"9":{"loc":{"start":{"line":114,"column":6},"end":{"line":124,"column":7}},"type":"if","locations":[{"start":{"line":114,"column":6},"end":{"line":124,"column":7}},{"start":{"line":122,"column":13},"end":{"line":124,"column":7}}],"line":114},"10":{"loc":{"start":{"line":133,"column":2},"end":{"line":153,"column":3}},"type":"if","locations":[{"start":{"line":133,"column":2},"end":{"line":153,"column":3}},{"start":{"line":135,"column":9},"end":{"line":153,"column":3}}],"line":133},"11":{"loc":{"start":{"line":133,"column":6},"end":{"line":133,"column":118}},"type":"binary-expr","locations":[{"start":{"line":133,"column":6},"end":{"line":133,"column":27}},{"start":{"line":133,"column":31},"end":{"line":133,"column":59}},{"start":{"line":133,"column":63},"end":{"line":133,"column":91}},{"start":{"line":133,"column":95},"end":{"line":133,"column":118}}],"line":133},"12":{"loc":{"start":{"line":135,"column":9},"end":{"line":153,"column":3}},"type":"if","locations":[{"start":{"line":135,"column":9},"end":{"line":153,"column":3}},{"start":{"line":137,"column":9},"end":{"line":153,"column":3}}],"line":135},"13":{"loc":{"start":{"line":135,"column":13},"end":{"line":135,"column":83}},"type":"binary-expr","locations":[{"start":{"line":135,"column":13},"end":{"line":135,"column":31}},{"start":{"line":135,"column":35},"end":{"line":135,"column":60}},{"start":{"line":135,"column":64},"end":{"line":135,"column":83}}],"line":135},"14":{"loc":{"start":{"line":141,"column":4},"end":{"line":152,"column":5}},"type":"if","locations":[{"start":{"line":141,"column":4},"end":{"line":152,"column":5}},{"start":{"line":150,"column":11},"end":{"line":152,"column":5}}],"line":141},"15":{"loc":{"start":{"line":158,"column":2},"end":{"line":175,"column":3}},"type":"if","locations":[{"start":{"line":158,"column":2},"end":{"line":175,"column":3}},{"start":{"line":161,"column":9},"end":{"line":175,"column":3}}],"line":158},"16":{"loc":{"start":{"line":158,"column":6},"end":{"line":158,"column":76}},"type":"binary-expr","locations":[{"start":{"line":158,"column":6},"end":{"line":158,"column":24}},{"start":{"line":158,"column":28},"end":{"line":158,"column":53}},{"start":{"line":158,"column":57},"end":{"line":158,"column":76}}],"line":158},"17":{"loc":{"start":{"line":164,"column":4},"end":{"line":174,"column":5}},"type":"if","locations":[{"start":{"line":164,"column":4},"end":{"line":174,"column":5}},{"start":{"line":172,"column":11},"end":{"line":174,"column":5}}],"line":164},"18":{"loc":{"start":{"line":180,"column":2},"end":{"line":198,"column":3}},"type":"if","locations":[{"start":{"line":180,"column":2},"end":{"line":198,"column":3}},{"start":{"line":184,"column":9},"end":{"line":198,"column":3}}],"line":180},"19":{"loc":{"start":{"line":180,"column":6},"end":{"line":182,"column":84}},"type":"binary-expr","locations":[{"start":{"line":180,"column":6},"end":{"line":180,"column":37}},{"start":{"line":180,"column":41},"end":{"line":180,"column":79}},{"start":{"line":180,"column":83},"end":{"line":180,"column":116}},{"start":{"line":181,"column":4},"end":{"line":181,"column":25}},{"start":{"line":181,"column":29},"end":{"line":181,"column":57}},{"start":{"line":181,"column":61},"end":{"line":181,"column":84}},{"start":{"line":182,"column":4},"end":{"line":182,"column":25}},{"start":{"line":182,"column":29},"end":{"line":182,"column":57}},{"start":{"line":182,"column":61},"end":{"line":182,"column":84}}],"line":180},"20":{"loc":{"start":{"line":187,"column":4},"end":{"line":197,"column":5}},"type":"if","locations":[{"start":{"line":187,"column":4},"end":{"line":197,"column":5}},{"start":{"line":192,"column":11},"end":{"line":197,"column":5}}],"line":187},"21":{"loc":{"start":{"line":207,"column":2},"end":{"line":289,"column":3}},"type":"if","locations":[{"start":{"line":207,"column":2},"end":{"line":289,"column":3}},{"start":{"line":209,"column":9},"end":{"line":289,"column":3}}],"line":207},"22":{"loc":{"start":{"line":207,"column":6},"end":{"line":207,"column":46}},"type":"binary-expr","locations":[{"start":{"line":207,"column":6},"end":{"line":207,"column":14}},{"start":{"line":207,"column":18},"end":{"line":207,"column":33}},{"start":{"line":207,"column":37},"end":{"line":207,"column":46}}],"line":207},"23":{"loc":{"start":{"line":215,"column":4},"end":{"line":287,"column":5}},"type":"if","locations":[{"start":{"line":215,"column":4},"end":{"line":287,"column":5}},{"start":{"line":285,"column":11},"end":{"line":287,"column":5}}],"line":215},"24":{"loc":{"start":{"line":225,"column":6},"end":{"line":237,"column":7}},"type":"if","locations":[{"start":{"line":225,"column":6},"end":{"line":237,"column":7}},{"start":{"line":235,"column":13},"end":{"line":237,"column":7}}],"line":225},"25":{"loc":{"start":{"line":239,"column":6},"end":{"line":248,"column":7}},"type":"if","locations":[{"start":{"line":239,"column":6},"end":{"line":248,"column":7}},{"start":{"line":242,"column":13},"end":{"line":248,"column":7}}],"line":239},"26":{"loc":{"start":{"line":256,"column":6},"end":{"line":271,"column":7}},"type":"if","locations":[{"start":{"line":256,"column":6},"end":{"line":271,"column":7}},{"start":{"line":269,"column":13},"end":{"line":271,"column":7}}],"line":256},"27":{"loc":{"start":{"line":273,"column":6},"end":{"line":283,"column":7}},"type":"if","locations":[{"start":{"line":273,"column":6},"end":{"line":283,"column":7}},{"start":{"line":281,"column":13},"end":{"line":283,"column":7}}],"line":273},"28":{"loc":{"start":{"line":301,"column":2},"end":{"line":388,"column":3}},"type":"if","locations":[{"start":{"line":301,"column":2},"end":{"line":388,"column":3}},{"start":{"line":315,"column":9},"end":{"line":388,"column":3}}],"line":301},"29":{"loc":{"start":{"line":301,"column":6},"end":{"line":309,"column":156}},"type":"binary-expr","locations":[{"start":{"line":301,"column":6},"end":{"line":301,"column":32}},{"start":{"line":301,"column":36},"end":{"line":301,"column":69}},{"start":{"line":301,"column":73},"end":{"line":301,"column":100}},{"start":{"line":302,"column":4},"end":{"line":302,"column":34}},{"start":{"line":302,"column":38},"end":{"line":302,"column":75}},{"start":{"line":302,"column":79},"end":{"line":302,"column":110}},{"start":{"line":303,"column":4},"end":{"line":303,"column":26}},{"start":{"line":303,"column":30},"end":{"line":303,"column":59}},{"start":{"line":303,"column":63},"end":{"line":303,"column":87}},{"start":{"line":303,"column":91},"end":{"line":303,"column":120}},{"start":{"line":304,"column":4},"end":{"line":304,"column":26}},{"start":{"line":304,"column":30},"end":{"line":304,"column":59}},{"start":{"line":304,"column":63},"end":{"line":304,"column":87}},{"start":{"line":304,"column":91},"end":{"line":304,"column":120}},{"start":{"line":305,"column":4},"end":{"line":305,"column":26}},{"start":{"line":305,"column":30},"end":{"line":305,"column":59}},{"start":{"line":305,"column":63},"end":{"line":305,"column":87}},{"start":{"line":305,"column":91},"end":{"line":305,"column":120}},{"start":{"line":306,"column":4},"end":{"line":306,"column":24}},{"start":{"line":306,"column":28},"end":{"line":306,"column":55}},{"start":{"line":306,"column":59},"end":{"line":306,"column":81}},{"start":{"line":306,"column":85},"end":{"line":306,"column":112}},{"start":{"line":307,"column":4},"end":{"line":307,"column":29}},{"start":{"line":307,"column":33},"end":{"line":307,"column":65}},{"start":{"line":307,"column":69},"end":{"line":307,"column":96}},{"start":{"line":307,"column":100},"end":{"line":307,"column":132}},{"start":{"line":308,"column":4},"end":{"line":308,"column":24}},{"start":{"line":308,"column":28},"end":{"line":308,"column":55}},{"start":{"line":308,"column":59},"end":{"line":308,"column":81}},{"start":{"line":309,"column":4},"end":{"line":309,"column":35}},{"start":{"line":309,"column":39},"end":{"line":309,"column":77}},{"start":{"line":309,"column":81},"end":{"line":309,"column":114}},{"start":{"line":309,"column":118},"end":{"line":309,"column":156}}],"line":301},"30":{"loc":{"start":{"line":315,"column":9},"end":{"line":388,"column":3}},"type":"if","locations":[{"start":{"line":315,"column":9},"end":{"line":388,"column":3}},{"start":{"line":355,"column":9},"end":{"line":388,"column":3}}],"line":315},"31":{"loc":{"start":{"line":319,"column":4},"end":{"line":352,"column":5}},"type":"if","locations":[{"start":{"line":319,"column":4},"end":{"line":352,"column":5}},{"start":{"line":339,"column":11},"end":{"line":352,"column":5}}],"line":319},"32":{"loc":{"start":{"line":323,"column":6},"end":{"line":337,"column":7}},"type":"if","locations":[{"start":{"line":323,"column":6},"end":{"line":337,"column":7}},{"start":{"line":335,"column":13},"end":{"line":337,"column":7}}],"line":323},"33":{"loc":{"start":{"line":355,"column":9},"end":{"line":388,"column":3}},"type":"if","locations":[{"start":{"line":355,"column":9},"end":{"line":388,"column":3}},{"start":{"line":375,"column":9},"end":{"line":388,"column":3}}],"line":355},"34":{"loc":{"start":{"line":358,"column":4},"end":{"line":374,"column":5}},"type":"if","locations":[{"start":{"line":358,"column":4},"end":{"line":374,"column":5}},{"start":{"line":371,"column":11},"end":{"line":374,"column":5}}],"line":358},"35":{"loc":{"start":{"line":363,"column":6},"end":{"line":370,"column":7}},"type":"if","locations":[{"start":{"line":363,"column":6},"end":{"line":370,"column":7}},{"start":{"line":368,"column":13},"end":{"line":370,"column":7}}],"line":363},"36":{"loc":{"start":{"line":380,"column":4},"end":{"line":387,"column":5}},"type":"if","locations":[{"start":{"line":380,"column":4},"end":{"line":387,"column":5}},{"start":{"line":385,"column":11},"end":{"line":387,"column":5}}],"line":380},"37":{"loc":{"start":{"line":424,"column":2},"end":{"line":434,"column":3}},"type":"if","locations":[{"start":{"line":424,"column":2},"end":{"line":434,"column":3}},{"start":{"line":432,"column":9},"end":{"line":434,"column":3}}],"line":424},"38":{"loc":{"start":{"line":441,"column":2},"end":{"line":489,"column":3}},"type":"if","locations":[{"start":{"line":441,"column":2},"end":{"line":489,"column":3}},{"start":{"line":443,"column":9},"end":{"line":489,"column":3}}],"line":441},"39":{"loc":{"start":{"line":441,"column":6},"end":{"line":441,"column":70}},"type":"binary-expr","locations":[{"start":{"line":441,"column":6},"end":{"line":441,"column":22}},{"start":{"line":441,"column":26},"end":{"line":441,"column":49}},{"start":{"line":441,"column":53},"end":{"line":441,"column":70}}],"line":441},"40":{"loc":{"start":{"line":443,"column":9},"end":{"line":489,"column":3}},"type":"if","locations":[{"start":{"line":443,"column":9},"end":{"line":489,"column":3}},{"start":{"line":445,"column":9},"end":{"line":489,"column":3}}],"line":443},"41":{"loc":{"start":{"line":443,"column":13},"end":{"line":443,"column":113}},"type":"binary-expr","locations":[{"start":{"line":443,"column":13},"end":{"line":443,"column":31}},{"start":{"line":443,"column":35},"end":{"line":443,"column":60}},{"start":{"line":443,"column":64},"end":{"line":443,"column":84}},{"start":{"line":443,"column":88},"end":{"line":443,"column":113}}],"line":443},"42":{"loc":{"start":{"line":451,"column":4},"end":{"line":488,"column":5}},"type":"if","locations":[{"start":{"line":451,"column":4},"end":{"line":488,"column":5}},{"start":{"line":486,"column":11},"end":{"line":488,"column":5}}],"line":451},"43":{"loc":{"start":{"line":472,"column":8},"end":{"line":474,"column":9}},"type":"if","locations":[{"start":{"line":472,"column":8},"end":{"line":474,"column":9}},{"start":{},"end":{}}],"line":472},"44":{"loc":{"start":{"line":472,"column":12},"end":{"line":472,"column":53}},"type":"binary-expr","locations":[{"start":{"line":472,"column":12},"end":{"line":472,"column":33}},{"start":{"line":472,"column":37},"end":{"line":472,"column":53}}],"line":472},"45":{"loc":{"start":{"line":494,"column":2},"end":{"line":515,"column":3}},"type":"if","locations":[{"start":{"line":494,"column":2},"end":{"line":515,"column":3}},{"start":{"line":496,"column":9},"end":{"line":515,"column":3}}],"line":494},"46":{"loc":{"start":{"line":494,"column":6},"end":{"line":494,"column":46}},"type":"binary-expr","locations":[{"start":{"line":494,"column":6},"end":{"line":494,"column":14}},{"start":{"line":494,"column":18},"end":{"line":494,"column":33}},{"start":{"line":494,"column":37},"end":{"line":494,"column":46}}],"line":494},"47":{"loc":{"start":{"line":502,"column":4},"end":{"line":514,"column":5}},"type":"if","locations":[{"start":{"line":502,"column":4},"end":{"line":514,"column":5}},{"start":{"line":504,"column":11},"end":{"line":514,"column":5}}],"line":502},"48":{"loc":{"start":{"line":504,"column":11},"end":{"line":514,"column":5}},"type":"if","locations":[{"start":{"line":504,"column":11},"end":{"line":514,"column":5}},{"start":{"line":512,"column":11},"end":{"line":514,"column":5}}],"line":504},"49":{"loc":{"start":{"line":523,"column":2},"end":{"line":553,"column":3}},"type":"if","locations":[{"start":{"line":523,"column":2},"end":{"line":553,"column":3}},{"start":{"line":528,"column":9},"end":{"line":553,"column":3}}],"line":523},"50":{"loc":{"start":{"line":523,"column":6},"end":{"line":525,"column":116}},"type":"binary-expr","locations":[{"start":{"line":523,"column":6},"end":{"line":523,"column":37}},{"start":{"line":523,"column":41},"end":{"line":523,"column":79}},{"start":{"line":523,"column":83},"end":{"line":523,"column":116}},{"start":{"line":523,"column":120},"end":{"line":523,"column":158}},{"start":{"line":524,"column":4},"end":{"line":524,"column":25}},{"start":{"line":524,"column":29},"end":{"line":524,"column":57}},{"start":{"line":524,"column":61},"end":{"line":524,"column":84}},{"start":{"line":524,"column":88},"end":{"line":524,"column":116}},{"start":{"line":525,"column":4},"end":{"line":525,"column":25}},{"start":{"line":525,"column":29},"end":{"line":525,"column":57}},{"start":{"line":525,"column":61},"end":{"line":525,"column":84}},{"start":{"line":525,"column":88},"end":{"line":525,"column":116}}],"line":523},"51":{"loc":{"start":{"line":528,"column":9},"end":{"line":553,"column":3}},"type":"if","locations":[{"start":{"line":528,"column":9},"end":{"line":553,"column":3}},{"start":{"line":530,"column":9},"end":{"line":553,"column":3}}],"line":528},"52":{"loc":{"start":{"line":530,"column":9},"end":{"line":553,"column":3}},"type":"if","locations":[{"start":{"line":530,"column":9},"end":{"line":553,"column":3}},{"start":{"line":532,"column":9},"end":{"line":553,"column":3}}],"line":530},"53":{"loc":{"start":{"line":536,"column":4},"end":{"line":552,"column":5}},"type":"if","locations":[{"start":{"line":536,"column":4},"end":{"line":552,"column":5}},{"start":{"line":550,"column":11},"end":{"line":552,"column":5}}],"line":536}},"s":{"0":1,"1":1,"2":1,"3":1,"4":1,"5":1,"6":1,"7":1,"8":1,"9":1,"10":3,"11":1,"12":2,"13":2,"14":2,"15":2,"16":2,"17":2,"18":2,"19":2,"20":0,"21":1,"22":2,"23":2,"24":2,"25":1,"26":1,"27":1,"28":1,"29":1,"30":1,"31":1,"32":1,"33":1,"34":1,"35":1,"36":1,"37":1,"38":1,"39":1,"40":0,"41":0,"42":1,"43":0,"44":0,"45":0,"46":0,"47":0,"48":0,"49":0,"50":0,"51":0,"52":0,"53":0,"54":0,"55":0,"56":0,"57":0,"58":0,"59":0,"60":1,"61":2,"62":0,"63":2,"64":1,"65":1,"66":1,"67":1,"68":1,"69":1,"70":1,"71":1,"72":1,"73":0,"74":1,"75":2,"76":1,"77":1,"78":1,"79":1,"80":1,"81":1,"82":1,"83":1,"84":1,"85":0,"86":1,"87":2,"88":2,"89":1,"90":1,"91":1,"92":1,"93":1,"94":1,"95":0,"96":0,"97":0,"98":1,"99":4,"100":4,"101":4,"102":1,"103":3,"104":3,"105":3,"106":3,"107":3,"108":3,"109":3,"110":3,"111":10,"112":10,"113":10,"114":3,"115":0,"116":3,"117":0,"118":0,"119":3,"120":3,"121":3,"122":3,"123":3,"124":2,"125":2,"126":2,"127":2,"128":2,"129":2,"130":2,"131":1,"132":3,"133":3,"134":3,"135":3,"136":3,"137":3,"138":0,"139":0,"140":1,"141":2,"142":2,"143":2,"144":0,"145":2,"146":0,"147":0,"148":0,"149":0,"150":0,"151":0,"152":0,"153":0,"154":0,"155":0,"156":0,"157":0,"158":0,"159":0,"160":0,"161":0,"162":2,"163":2,"164":2,"165":2,"166":2,"167":2,"168":2,"169":2,"170":2,"171":2,"172":0,"173":0,"174":0,"175":0,"176":0,"177":0,"178":0,"179":0,"180":0,"181":1,"182":4,"183":4,"184":4,"185":4,"186":8,"187":8,"188":8,"189":8,"190":8,"191":4,"192":4,"193":4,"194":4,"195":4,"196":1,"197":1,"198":1,"199":1,"200":1,"201":1,"202":1,"203":1,"204":0,"205":1,"206":1,"207":1,"208":1,"209":0,"210":1,"211":0,"212":1,"213":1,"214":1,"215":1,"216":5,"217":5,"218":5,"219":1,"220":1,"221":4,"222":4,"223":1,"224":1,"225":1,"226":1,"227":1,"228":0,"229":1,"230":0,"231":0,"232":0,"233":0,"234":0,"235":0,"236":0,"237":0,"238":0,"239":0,"240":0,"241":0,"242":0,"243":1,"244":1,"245":1,"246":1,"247":1,"248":0,"249":0,"250":0,"251":0,"252":0,"253":0,"254":0,"255":0,"256":0,"257":0,"258":0,"259":0,"260":0,"261":0,"262":0,"263":1},"f":{"0":3,"1":2,"2":1,"3":0,"4":2,"5":2,"6":2,"7":4,"8":2,"9":4,"10":1,"11":1,"12":0,"13":1},"b":{"0":[1,2],"1":[3,2,2,2,2,2],"2":[2,0],"3":[1,1],"4":[1,0],"5":[1,0],"6":[0,0],"7":[0,0,0,0,0,0,0],"8":[0,0],"9":[0,0],"10":[0,2],"11":[2,2,2,2],"12":[1,1],"13":[2,1,1],"14":[1,0],"15":[1,1],"16":[2,1,1],"17":[1,0],"18":[1,1],"19":[2,1,1,1,1,1,1,1,1],"20":[1,0],"21":[1,3],"22":[4,3,3],"23":[3,0],"24":[3,0],"25":[0,3],"26":[2,1],"27":[3,0],"28":[0,2],"29":[2,2,2,2,2,2,2,2,2,2,2,2,2,2,2,2,2,2,2,2,2,2,2,2,2,2,2,2,2,2,2,2,2],"30":[0,2],"31":[0,0],"32":[0,0],"33":[2,0],"34":[2,0],"35":[2,0],"36":[0,0],"37":[1,0],"38":[0,1],"39":[1,1,1],"40":[0,1],"41":[1,1,1,1],"42":[1,0],"43":[1,3],"44":[4,3],"45":[0,0],"46":[0,0,0],"47":[0,0],"48":[0,0],"49":[1,0],"50":[1,0,0,0,0,0,0,0,0,0,0,0],"51":[0,0],"52":[0,0],"53":[0,0]},"_coverageSchema":"1a1c01bbd47fc00a2c39e90264f33305004495a9","hash":"005ef24a1c508f36438e210d84d97da3efac834b"}
,"/Users/22282216/Desktop/BackEnd-Costurie/controller/modulo/config.js": {"path":"/Users/22282216/Desktop/BackEnd-Costurie/controller/modulo/config.js","statementMap":{"0":{"start":{"line":9,"column":30},"end":{"line":9,"column":98}},"1":{"start":{"line":11,"column":35},"end":{"line":11,"column":106}},"2":{"start":{"line":13,"column":30},"end":{"line":13,"column":129}},"3":{"start":{"line":15,"column":35},"end":{"line":15,"column":161}},"4":{"start":{"line":17,"column":25},"end":{"line":17,"column":116}},"5":{"start":{"line":19,"column":27},"end":{"line":19,"column":110}},"6":{"start":{"line":21,"column":29},"end":{"line":21,"column":100}},"7":{"start":{"line":23,"column":29},"end":{"line":23,"column":83}},"8":{"start":{"line":25,"column":35},"end":{"line":25,"column":95}},"9":{"start":{"line":27,"column":30},"end":{"line":27,"column":99}},"10":{"start":{"line":29,"column":32},"end":{"line":29,"column":110}},"11":{"start":{"line":31,"column":31},"end":{"line":31,"column":106}},"12":{"start":{"line":33,"column":37},"end":{"line":33,"column":94}},"13":{"start":{"line":35,"column":28},"end":{"line":35,"column":103}},"14":{"start":{"line":37,"column":33},"end":{"line":37,"column":106}},"15":{"start":{"line":39,"column":35},"end":{"line":39,"column":110}},"16":{"start":{"line":41,"column":39},"end":{"line":41,"column":108}},"17":{"start":{"line":43,"column":27},"end":{"line":43,"column":141}},"18":{"start":{"line":45,"column":47},"end":{"line":45,"column":119}},"19":{"start":{"line":47,"column":38},"end":{"line":47,"column":111}},"20":{"start":{"line":49,"column":26},"end":{"line":49,"column":88}},"21":{"start":{"line":51,"column":38},"end":{"line":51,"column":108}},"22":{"start":{"line":53,"column":46},"end":{"line":53,"column":107}},"23":{"start":{"line":55,"column":42},"end":{"line":55,"column":103}},"24":{"start":{"line":57,"column":39},"end":{"line":57,"column":112}},"25":{"start":{"line":59,"column":44},"end":{"line":59,"column":116}},"26":{"start":{"line":61,"column":39},"end":{"line":61,"column":100}},"27":{"start":{"line":63,"column":36},"end":{"line":63,"column":111}},"28":{"start":{"line":65,"column":29},"end":{"line":65,"column":93}},"29":{"start":{"line":67,"column":33},"end":{"line":67,"column":93}},"30":{"start":{"line":69,"column":35},"end":{"line":69,"column":107}},"31":{"start":{"line":71,"column":45},"end":{"line":71,"column":113}},"32":{"start":{"line":73,"column":30},"end":{"line":73,"column":98}},"33":{"start":{"line":76,"column":29},"end":{"line":76,"column":79}},"34":{"start":{"line":78,"column":29},"end":{"line":78,"column":83}},"35":{"start":{"line":80,"column":29},"end":{"line":80,"column":81}},"36":{"start":{"line":82,"column":34},"end":{"line":82,"column":91}},"37":{"start":{"line":84,"column":23},"end":{"line":84,"column":72}},"38":{"start":{"line":86,"column":28},"end":{"line":86,"column":83}},"39":{"start":{"line":88,"column":30},"end":{"line":88,"column":85}},"40":{"start":{"line":90,"column":33},"end":{"line":90,"column":88}},"41":{"start":{"line":92,"column":31},"end":{"line":92,"column":85}},"42":{"start":{"line":94,"column":33},"end":{"line":94,"column":94}},"43":{"start":{"line":96,"column":27},"end":{"line":96,"column":76}},"44":{"start":{"line":98,"column":42},"end":{"line":98,"column":115}},"45":{"start":{"line":102,"column":0},"end":{"line":148,"column":1}}},"fnMap":{},"branchMap":{},"s":{"0":1,"1":1,"2":1,"3":1,"4":1,"5":1,"6":1,"7":1,"8":1,"9":1,"10":1,"11":1,"12":1,"13":1,"14":1,"15":1,"16":1,"17":1,"18":1,"19":1,"20":1,"21":1,"22":1,"23":1,"24":1,"25":1,"26":1,"27":1,"28":1,"29":1,"30":1,"31":1,"32":1,"33":1,"34":1,"35":1,"36":1,"37":1,"38":1,"39":1,"40":1,"41":1,"42":1,"43":1,"44":1,"45":1},"f":{},"b":{},"_coverageSchema":"1a1c01bbd47fc00a2c39e90264f33305004495a9","hash":"be4b2befdd341dcbae10a970d7c5e1fcbb319f46"}
,"/Users/22282216/Desktop/BackEnd-Costurie/middleware/middlewareJWT.js": {"path":"/Users/22282216/Desktop/BackEnd-Costurie/middleware/middlewareJWT.js","statementMap":{"0":{"start":{"line":9,"column":12},"end":{"line":9,"column":35}},"1":{"start":{"line":11,"column":25},"end":{"line":11,"column":55}},"2":{"start":{"line":14,"column":18},"end":{"line":19,"column":1}},"3":{"start":{"line":16,"column":18},"end":{"line":16,"column":74}},"4":{"start":{"line":18,"column":4},"end":{"line":18,"column":16}},"5":{"start":{"line":22,"column":20},"end":{"line":33,"column":1}},"6":{"start":{"line":25,"column":4},"end":{"line":31,"column":6}},"7":{"start":{"line":26,"column":8},"end":{"line":30,"column":9}},"8":{"start":{"line":27,"column":12},"end":{"line":27,"column":26}},"9":{"start":{"line":29,"column":12},"end":{"line":29,"column":25}},"10":{"start":{"line":32,"column":4},"end":{"line":32,"column":17}},"11":{"start":{"line":35,"column":0},"end":{"line":38,"column":1}}},"fnMap":{"0":{"name":"(anonymous_0)","decl":{"start":{"line":14,"column":18},"end":{"line":14,"column":19}},"loc":{"start":{"line":14,"column":37},"end":{"line":19,"column":1}},"line":14},"1":{"name":"(anonymous_1)","decl":{"start":{"line":22,"column":20},"end":{"line":22,"column":21}},"loc":{"start":{"line":22,"column":37},"end":{"line":33,"column":1}},"line":22},"2":{"name":"(anonymous_2)","decl":{"start":{"line":25,"column":30},"end":{"line":25,"column":31}},"loc":{"start":{"line":25,"column":53},"end":{"line":31,"column":5}},"line":25}},"branchMap":{"0":{"loc":{"start":{"line":26,"column":8},"end":{"line":30,"column":9}},"type":"if","locations":[{"start":{"line":26,"column":8},"end":{"line":30,"column":9}},{"start":{"line":28,"column":15},"end":{"line":30,"column":9}}],"line":26}},"s":{"0":1,"1":1,"2":1,"3":2,"4":2,"5":1,"6":0,"7":0,"8":0,"9":0,"10":0,"11":1},"f":{"0":2,"1":0,"2":0},"b":{"0":[0,0]},"_coverageSchema":"1a1c01bbd47fc00a2c39e90264f33305004495a9","hash":"e6b957ad38928b813ee3b3c30439817b24b06fe0"}
,"/Users/22282216/Desktop/BackEnd-Costurie/model/anexosModel.js": {"path":"/Users/22282216/Desktop/BackEnd-Costurie/model/anexosModel.js","statementMap":{"0":{"start":{"line":9,"column":23},"end":{"line":9,"column":48}},"1":{"start":{"line":11,"column":13},"end":{"line":11,"column":31}},"2":{"start":{"line":13,"column":25},"end":{"line":35,"column":1}},"3":{"start":{"line":15,"column":18},"end":{"line":21,"column":15}},"4":{"start":{"line":26,"column":27},"end":{"line":26,"column":62}},"5":{"start":{"line":30,"column":8},"end":{"line":34,"column":9}},"6":{"start":{"line":31,"column":12},"end":{"line":31,"column":24}},"7":{"start":{"line":33,"column":12},"end":{"line":33,"column":25}},"8":{"start":{"line":37,"column":31},"end":{"line":47,"column":1}},"9":{"start":{"line":38,"column":14},"end":{"line":38,"column":76}},"10":{"start":{"line":40,"column":20},"end":{"line":40,"column":53}},"11":{"start":{"line":42,"column":4},"end":{"line":46,"column":5}},"12":{"start":{"line":43,"column":6},"end":{"line":43,"column":23}},"13":{"start":{"line":45,"column":6},"end":{"line":45,"column":19}},"14":{"start":{"line":49,"column":38},"end":{"line":63,"column":1}},"15":{"start":{"line":50,"column":14},"end":{"line":50,"column":108}},"16":{"start":{"line":54,"column":23},"end":{"line":54,"column":58}},"17":{"start":{"line":58,"column":4},"end":{"line":62,"column":5}},"18":{"start":{"line":59,"column":6},"end":{"line":59,"column":18}},"19":{"start":{"line":61,"column":6},"end":{"line":61,"column":19}},"20":{"start":{"line":65,"column":30},"end":{"line":75,"column":1}},"21":{"start":{"line":66,"column":12},"end":{"line":66,"column":87}},"22":{"start":{"line":68,"column":18},"end":{"line":68,"column":51}},"23":{"start":{"line":70,"column":2},"end":{"line":74,"column":3}},"24":{"start":{"line":71,"column":4},"end":{"line":71,"column":21}},"25":{"start":{"line":73,"column":4},"end":{"line":73,"column":17}},"26":{"start":{"line":77,"column":0},"end":{"line":82,"column":1}}},"fnMap":{"0":{"name":"(anonymous_0)","decl":{"start":{"line":13,"column":25},"end":{"line":13,"column":26}},"loc":{"start":{"line":13,"column":60},"end":{"line":35,"column":1}},"line":13},"1":{"name":"(anonymous_1)","decl":{"start":{"line":37,"column":31},"end":{"line":37,"column":32}},"loc":{"start":{"line":37,"column":43},"end":{"line":47,"column":1}},"line":37},"2":{"name":"(anonymous_2)","decl":{"start":{"line":49,"column":38},"end":{"line":49,"column":39}},"loc":{"start":{"line":49,"column":63},"end":{"line":63,"column":1}},"line":49},"3":{"name":"(anonymous_3)","decl":{"start":{"line":65,"column":30},"end":{"line":65,"column":31}},"loc":{"start":{"line":65,"column":55},"end":{"line":75,"column":1}},"line":65}},"branchMap":{"0":{"loc":{"start":{"line":30,"column":8},"end":{"line":34,"column":9}},"type":"if","locations":[{"start":{"line":30,"column":8},"end":{"line":34,"column":9}},{"start":{"line":32,"column":15},"end":{"line":34,"column":9}}],"line":30},"1":{"loc":{"start":{"line":42,"column":4},"end":{"line":46,"column":5}},"type":"if","locations":[{"start":{"line":42,"column":4},"end":{"line":46,"column":5}},{"start":{"line":44,"column":11},"end":{"line":46,"column":5}}],"line":42},"2":{"loc":{"start":{"line":58,"column":4},"end":{"line":62,"column":5}},"type":"if","locations":[{"start":{"line":58,"column":4},"end":{"line":62,"column":5}},{"start":{"line":60,"column":11},"end":{"line":62,"column":5}}],"line":58},"3":{"loc":{"start":{"line":70,"column":2},"end":{"line":74,"column":3}},"type":"if","locations":[{"start":{"line":70,"column":2},"end":{"line":74,"column":3}},{"start":{"line":72,"column":9},"end":{"line":74,"column":3}}],"line":70}},"s":{"0":1,"1":1,"2":1,"3":0,"4":0,"5":0,"6":0,"7":0,"8":1,"9":0,"10":0,"11":0,"12":0,"13":0,"14":1,"15":0,"16":0,"17":0,"18":0,"19":0,"20":1,"21":2,"22":2,"23":2,"24":2,"25":0,"26":1},"f":{"0":0,"1":0,"2":0,"3":2},"b":{"0":[0,0],"1":[0,0],"2":[0,0],"3":[2,0]},"_coverageSchema":"1a1c01bbd47fc00a2c39e90264f33305004495a9","hash":"69d080e37637917493d8f039a142c17c0b833e7d"}
,"/Users/22282216/Desktop/BackEnd-Costurie/model/localizacaoModel.js": {"path":"/Users/22282216/Desktop/BackEnd-Costurie/model/localizacaoModel.js","statementMap":{"0":{"start":{"line":9,"column":23},"end":{"line":9,"column":48}},"1":{"start":{"line":11,"column":13},"end":{"line":11,"column":31}},"2":{"start":{"line":13,"column":29},"end":{"line":24,"column":1}},"3":{"start":{"line":14,"column":14},"end":{"line":14,"column":86}},"4":{"start":{"line":16,"column":19},"end":{"line":16,"column":52}},"5":{"start":{"line":19,"column":4},"end":{"line":23,"column":5}},"6":{"start":{"line":20,"column":8},"end":{"line":20,"column":23}},"7":{"start":{"line":22,"column":8},"end":{"line":22,"column":20}},"8":{"start":{"line":26,"column":31},"end":{"line":42,"column":1}},"9":{"start":{"line":27,"column":14},"end":{"line":32,"column":7}},"10":{"start":{"line":35,"column":23},"end":{"line":35,"column":58}},"11":{"start":{"line":37,"column":4},"end":{"line":41,"column":5}},"12":{"start":{"line":38,"column":8},"end":{"line":38,"column":19}},"13":{"start":{"line":40,"column":8},"end":{"line":40,"column":20}},"14":{"start":{"line":44,"column":21},"end":{"line":55,"column":1}},"15":{"start":{"line":45,"column":14},"end":{"line":45,"column":71}},"16":{"start":{"line":47,"column":19},"end":{"line":47,"column":52}},"17":{"start":{"line":50,"column":4},"end":{"line":54,"column":5}},"18":{"start":{"line":51,"column":8},"end":{"line":51,"column":23}},"19":{"start":{"line":53,"column":8},"end":{"line":53,"column":20}},"20":{"start":{"line":57,"column":32},"end":{"line":79,"column":1}},"21":{"start":{"line":58,"column":14},"end":{"line":70,"column":68}},"22":{"start":{"line":72,"column":19},"end":{"line":72,"column":52}},"23":{"start":{"line":74,"column":4},"end":{"line":78,"column":5}},"24":{"start":{"line":75,"column":8},"end":{"line":75,"column":23}},"25":{"start":{"line":77,"column":8},"end":{"line":77,"column":20}},"26":{"start":{"line":81,"column":31},"end":{"line":95,"column":1}},"27":{"start":{"line":83,"column":14},"end":{"line":83,"column":176}},"28":{"start":{"line":88,"column":23},"end":{"line":88,"column":58}},"29":{"start":{"line":90,"column":4},"end":{"line":94,"column":5}},"30":{"start":{"line":91,"column":8},"end":{"line":91,"column":27}},"31":{"start":{"line":93,"column":8},"end":{"line":93,"column":20}},"32":{"start":{"line":97,"column":35},"end":{"line":121,"column":1}},"33":{"start":{"line":98,"column":14},"end":{"line":110,"column":97}},"34":{"start":{"line":112,"column":19},"end":{"line":112,"column":52}},"35":{"start":{"line":116,"column":4},"end":{"line":120,"column":5}},"36":{"start":{"line":117,"column":8},"end":{"line":117,"column":23}},"37":{"start":{"line":119,"column":8},"end":{"line":119,"column":20}},"38":{"start":{"line":123,"column":31},"end":{"line":133,"column":1}},"39":{"start":{"line":124,"column":14},"end":{"line":124,"column":60}},"40":{"start":{"line":126,"column":19},"end":{"line":126,"column":54}},"41":{"start":{"line":128,"column":4},"end":{"line":132,"column":5}},"42":{"start":{"line":129,"column":8},"end":{"line":129,"column":19}},"43":{"start":{"line":131,"column":8},"end":{"line":131,"column":20}},"44":{"start":{"line":135,"column":27},"end":{"line":146,"column":1}},"45":{"start":{"line":136,"column":14},"end":{"line":136,"column":74}},"46":{"start":{"line":138,"column":19},"end":{"line":138,"column":52}},"47":{"start":{"line":141,"column":4},"end":{"line":145,"column":5}},"48":{"start":{"line":142,"column":8},"end":{"line":142,"column":23}},"49":{"start":{"line":144,"column":8},"end":{"line":144,"column":20}},"50":{"start":{"line":148,"column":41},"end":{"line":166,"column":1}},"51":{"start":{"line":149,"column":14},"end":{"line":154,"column":46}},"52":{"start":{"line":158,"column":19},"end":{"line":158,"column":52}},"53":{"start":{"line":161,"column":4},"end":{"line":165,"column":5}},"54":{"start":{"line":162,"column":8},"end":{"line":162,"column":23}},"55":{"start":{"line":164,"column":8},"end":{"line":164,"column":20}},"56":{"start":{"line":168,"column":0},"end":{"line":178,"column":1}}},"fnMap":{"0":{"name":"(anonymous_0)","decl":{"start":{"line":13,"column":29},"end":{"line":13,"column":30}},"loc":{"start":{"line":13,"column":41},"end":{"line":24,"column":1}},"line":13},"1":{"name":"(anonymous_1)","decl":{"start":{"line":26,"column":31},"end":{"line":26,"column":32}},"loc":{"start":{"line":26,"column":59},"end":{"line":42,"column":1}},"line":26},"2":{"name":"(anonymous_2)","decl":{"start":{"line":44,"column":21},"end":{"line":44,"column":22}},"loc":{"start":{"line":44,"column":33},"end":{"line":55,"column":1}},"line":44},"3":{"name":"(anonymous_3)","decl":{"start":{"line":57,"column":32},"end":{"line":57,"column":33}},"loc":{"start":{"line":57,"column":44},"end":{"line":79,"column":1}},"line":57},"4":{"name":"(anonymous_4)","decl":{"start":{"line":81,"column":31},"end":{"line":81,"column":32}},"loc":{"start":{"line":81,"column":52},"end":{"line":95,"column":1}},"line":81},"5":{"name":"(anonymous_5)","decl":{"start":{"line":97,"column":35},"end":{"line":97,"column":36}},"loc":{"start":{"line":97,"column":49},"end":{"line":121,"column":1}},"line":97},"6":{"name":"(anonymous_6)","decl":{"start":{"line":123,"column":31},"end":{"line":123,"column":32}},"loc":{"start":{"line":123,"column":45},"end":{"line":133,"column":1}},"line":123},"7":{"name":"(anonymous_7)","decl":{"start":{"line":135,"column":27},"end":{"line":135,"column":28}},"loc":{"start":{"line":135,"column":53},"end":{"line":146,"column":1}},"line":135},"8":{"name":"(anonymous_8)","decl":{"start":{"line":148,"column":41},"end":{"line":148,"column":42}},"loc":{"start":{"line":148,"column":67},"end":{"line":166,"column":1}},"line":148}},"branchMap":{"0":{"loc":{"start":{"line":19,"column":4},"end":{"line":23,"column":5}},"type":"if","locations":[{"start":{"line":19,"column":4},"end":{"line":23,"column":5}},{"start":{"line":21,"column":11},"end":{"line":23,"column":5}}],"line":19},"1":{"loc":{"start":{"line":37,"column":4},"end":{"line":41,"column":5}},"type":"if","locations":[{"start":{"line":37,"column":4},"end":{"line":41,"column":5}},{"start":{"line":39,"column":11},"end":{"line":41,"column":5}}],"line":37},"2":{"loc":{"start":{"line":50,"column":4},"end":{"line":54,"column":5}},"type":"if","locations":[{"start":{"line":50,"column":4},"end":{"line":54,"column":5}},{"start":{"line":52,"column":11},"end":{"line":54,"column":5}}],"line":50},"3":{"loc":{"start":{"line":74,"column":4},"end":{"line":78,"column":5}},"type":"if","locations":[{"start":{"line":74,"column":4},"end":{"line":78,"column":5}},{"start":{"line":76,"column":11},"end":{"line":78,"column":5}}],"line":74},"4":{"loc":{"start":{"line":90,"column":4},"end":{"line":94,"column":5}},"type":"if","locations":[{"start":{"line":90,"column":4},"end":{"line":94,"column":5}},{"start":{"line":92,"column":11},"end":{"line":94,"column":5}}],"line":90},"5":{"loc":{"start":{"line":116,"column":4},"end":{"line":120,"column":5}},"type":"if","locations":[{"start":{"line":116,"column":4},"end":{"line":120,"column":5}},{"start":{"line":118,"column":11},"end":{"line":120,"column":5}}],"line":116},"6":{"loc":{"start":{"line":128,"column":4},"end":{"line":132,"column":5}},"type":"if","locations":[{"start":{"line":128,"column":4},"end":{"line":132,"column":5}},{"start":{"line":130,"column":11},"end":{"line":132,"column":5}}],"line":128},"7":{"loc":{"start":{"line":141,"column":4},"end":{"line":145,"column":5}},"type":"if","locations":[{"start":{"line":141,"column":4},"end":{"line":145,"column":5}},{"start":{"line":143,"column":11},"end":{"line":145,"column":5}}],"line":141},"8":{"loc":{"start":{"line":161,"column":4},"end":{"line":165,"column":5}},"type":"if","locations":[{"start":{"line":161,"column":4},"end":{"line":165,"column":5}},{"start":{"line":163,"column":11},"end":{"line":165,"column":5}}],"line":161}},"s":{"0":1,"1":1,"2":1,"3":0,"4":0,"5":0,"6":0,"7":0,"8":1,"9":0,"10":0,"11":0,"12":0,"13":0,"14":1,"15":0,"16":0,"17":0,"18":0,"19":0,"20":1,"21":0,"22":0,"23":0,"24":0,"25":0,"26":1,"27":0,"28":0,"29":0,"30":0,"31":0,"32":1,"33":0,"34":0,"35":0,"36":0,"37":0,"38":1,"39":0,"40":0,"41":0,"42":0,"43":0,"44":1,"45":0,"46":0,"47":0,"48":0,"49":0,"50":1,"51":3,"52":3,"53":3,"54":3,"55":0,"56":1},"f":{"0":0,"1":0,"2":0,"3":0,"4":0,"5":0,"6":0,"7":0,"8":3},"b":{"0":[0,0],"1":[0,0],"2":[0,0],"3":[0,0],"4":[0,0],"5":[0,0],"6":[0,0],"7":[0,0],"8":[3,0]},"_coverageSchema":"1a1c01bbd47fc00a2c39e90264f33305004495a9","hash":"bfdfc8636b3f9944e1900604936425bcc5c5d1d4"}
,"/Users/22282216/Desktop/BackEnd-Costurie/model/publicacaoModel.js": {"path":"/Users/22282216/Desktop/BackEnd-Costurie/model/publicacaoModel.js","statementMap":{"0":{"start":{"line":9,"column":23},"end":{"line":9,"column":48}},"1":{"start":{"line":11,"column":13},"end":{"line":11,"column":31}},"2":{"start":{"line":13,"column":31},"end":{"line":39,"column":1}},"3":{"start":{"line":15,"column":14},"end":{"line":27,"column":47}},"4":{"start":{"line":30,"column":23},"end":{"line":30,"column":58}},"5":{"start":{"line":34,"column":4},"end":{"line":38,"column":5}},"6":{"start":{"line":35,"column":8},"end":{"line":35,"column":27}},"7":{"start":{"line":37,"column":8},"end":{"line":37,"column":20}},"8":{"start":{"line":41,"column":36},"end":{"line":51,"column":1}},"9":{"start":{"line":42,"column":14},"end":{"line":42,"column":70}},"10":{"start":{"line":44,"column":19},"end":{"line":44,"column":52}},"11":{"start":{"line":46,"column":4},"end":{"line":50,"column":5}},"12":{"start":{"line":47,"column":8},"end":{"line":47,"column":23}},"13":{"start":{"line":49,"column":8},"end":{"line":49,"column":20}},"14":{"start":{"line":53,"column":35},"end":{"line":63,"column":1}},"15":{"start":{"line":54,"column":14},"end":{"line":54,"column":44}},"16":{"start":{"line":56,"column":19},"end":{"line":56,"column":52}},"17":{"start":{"line":58,"column":4},"end":{"line":62,"column":5}},"18":{"start":{"line":59,"column":8},"end":{"line":59,"column":23}},"19":{"start":{"line":61,"column":8},"end":{"line":61,"column":20}},"20":{"start":{"line":65,"column":34},"end":{"line":77,"column":1}},"21":{"start":{"line":66,"column":14},"end":{"line":66,"column":72}},"22":{"start":{"line":70,"column":19},"end":{"line":70,"column":52}},"23":{"start":{"line":72,"column":4},"end":{"line":76,"column":5}},"24":{"start":{"line":73,"column":8},"end":{"line":73,"column":23}},"25":{"start":{"line":75,"column":8},"end":{"line":75,"column":20}},"26":{"start":{"line":79,"column":30},"end":{"line":98,"column":1}},"27":{"start":{"line":81,"column":14},"end":{"line":86,"column":90}},"28":{"start":{"line":91,"column":23},"end":{"line":91,"column":58}},"29":{"start":{"line":93,"column":4},"end":{"line":97,"column":5}},"30":{"start":{"line":94,"column":8},"end":{"line":94,"column":27}},"31":{"start":{"line":96,"column":8},"end":{"line":96,"column":20}},"32":{"start":{"line":100,"column":30},"end":{"line":112,"column":1}},"33":{"start":{"line":101,"column":14},"end":{"line":101,"column":70}},"34":{"start":{"line":105,"column":19},"end":{"line":105,"column":54}},"35":{"start":{"line":107,"column":4},"end":{"line":111,"column":5}},"36":{"start":{"line":108,"column":8},"end":{"line":108,"column":19}},"37":{"start":{"line":110,"column":8},"end":{"line":110,"column":20}},"38":{"start":{"line":114,"column":41},"end":{"line":126,"column":1}},"39":{"start":{"line":115,"column":14},"end":{"line":115,"column":78}},"40":{"start":{"line":119,"column":19},"end":{"line":119,"column":52}},"41":{"start":{"line":121,"column":4},"end":{"line":125,"column":5}},"42":{"start":{"line":122,"column":8},"end":{"line":122,"column":23}},"43":{"start":{"line":124,"column":8},"end":{"line":124,"column":20}},"44":{"start":{"line":128,"column":37},"end":{"line":151,"column":1}},"45":{"start":{"line":130,"column":14},"end":{"line":139,"column":59}},"46":{"start":{"line":142,"column":23},"end":{"line":142,"column":58}},"47":{"start":{"line":146,"column":4},"end":{"line":150,"column":5}},"48":{"start":{"line":147,"column":8},"end":{"line":147,"column":27}},"49":{"start":{"line":149,"column":8},"end":{"line":149,"column":20}},"50":{"start":{"line":153,"column":37},"end":{"line":165,"column":1}},"51":{"start":{"line":154,"column":14},"end":{"line":154,"column":145}},"52":{"start":{"line":158,"column":19},"end":{"line":158,"column":52}},"53":{"start":{"line":160,"column":4},"end":{"line":164,"column":5}},"54":{"start":{"line":161,"column":8},"end":{"line":161,"column":23}},"55":{"start":{"line":163,"column":8},"end":{"line":163,"column":20}},"56":{"start":{"line":167,"column":40},"end":{"line":188,"column":1}},"57":{"start":{"line":168,"column":14},"end":{"line":179,"column":103}},"58":{"start":{"line":181,"column":19},"end":{"line":181,"column":52}},"59":{"start":{"line":183,"column":4},"end":{"line":187,"column":5}},"60":{"start":{"line":184,"column":8},"end":{"line":184,"column":23}},"61":{"start":{"line":186,"column":8},"end":{"line":186,"column":20}},"62":{"start":{"line":190,"column":0},"end":{"line":201,"column":1}}},"fnMap":{"0":{"name":"(anonymous_0)","decl":{"start":{"line":13,"column":31},"end":{"line":13,"column":32}},"loc":{"start":{"line":13,"column":52},"end":{"line":39,"column":1}},"line":13},"1":{"name":"(anonymous_1)","decl":{"start":{"line":41,"column":36},"end":{"line":41,"column":37}},"loc":{"start":{"line":41,"column":48},"end":{"line":51,"column":1}},"line":41},"2":{"name":"(anonymous_2)","decl":{"start":{"line":53,"column":35},"end":{"line":53,"column":36}},"loc":{"start":{"line":53,"column":47},"end":{"line":63,"column":1}},"line":53},"3":{"name":"(anonymous_3)","decl":{"start":{"line":65,"column":34},"end":{"line":65,"column":35}},"loc":{"start":{"line":65,"column":59},"end":{"line":77,"column":1}},"line":65},"4":{"name":"(anonymous_4)","decl":{"start":{"line":79,"column":30},"end":{"line":79,"column":31}},"loc":{"start":{"line":79,"column":51},"end":{"line":98,"column":1}},"line":79},"5":{"name":"(anonymous_5)","decl":{"start":{"line":100,"column":30},"end":{"line":100,"column":31}},"loc":{"start":{"line":100,"column":55},"end":{"line":112,"column":1}},"line":100},"6":{"name":"(anonymous_6)","decl":{"start":{"line":114,"column":41},"end":{"line":114,"column":42}},"loc":{"start":{"line":114,"column":63},"end":{"line":126,"column":1}},"line":114},"7":{"name":"(anonymous_7)","decl":{"start":{"line":128,"column":37},"end":{"line":128,"column":38}},"loc":{"start":{"line":128,"column":58},"end":{"line":151,"column":1}},"line":128},"8":{"name":"(anonymous_8)","decl":{"start":{"line":153,"column":37},"end":{"line":153,"column":38}},"loc":{"start":{"line":153,"column":58},"end":{"line":165,"column":1}},"line":153},"9":{"name":"(anonymous_9)","decl":{"start":{"line":167,"column":40},"end":{"line":167,"column":41}},"loc":{"start":{"line":167,"column":52},"end":{"line":188,"column":1}},"line":167}},"branchMap":{"0":{"loc":{"start":{"line":34,"column":4},"end":{"line":38,"column":5}},"type":"if","locations":[{"start":{"line":34,"column":4},"end":{"line":38,"column":5}},{"start":{"line":36,"column":11},"end":{"line":38,"column":5}}],"line":34},"1":{"loc":{"start":{"line":46,"column":4},"end":{"line":50,"column":5}},"type":"if","locations":[{"start":{"line":46,"column":4},"end":{"line":50,"column":5}},{"start":{"line":48,"column":11},"end":{"line":50,"column":5}}],"line":46},"2":{"loc":{"start":{"line":58,"column":4},"end":{"line":62,"column":5}},"type":"if","locations":[{"start":{"line":58,"column":4},"end":{"line":62,"column":5}},{"start":{"line":60,"column":11},"end":{"line":62,"column":5}}],"line":58},"3":{"loc":{"start":{"line":72,"column":4},"end":{"line":76,"column":5}},"type":"if","locations":[{"start":{"line":72,"column":4},"end":{"line":76,"column":5}},{"start":{"line":74,"column":11},"end":{"line":76,"column":5}}],"line":72},"4":{"loc":{"start":{"line":93,"column":4},"end":{"line":97,"column":5}},"type":"if","locations":[{"start":{"line":93,"column":4},"end":{"line":97,"column":5}},{"start":{"line":95,"column":11},"end":{"line":97,"column":5}}],"line":93},"5":{"loc":{"start":{"line":107,"column":4},"end":{"line":111,"column":5}},"type":"if","locations":[{"start":{"line":107,"column":4},"end":{"line":111,"column":5}},{"start":{"line":109,"column":11},"end":{"line":111,"column":5}}],"line":107},"6":{"loc":{"start":{"line":121,"column":4},"end":{"line":125,"column":5}},"type":"if","locations":[{"start":{"line":121,"column":4},"end":{"line":125,"column":5}},{"start":{"line":123,"column":11},"end":{"line":125,"column":5}}],"line":121},"7":{"loc":{"start":{"line":146,"column":4},"end":{"line":150,"column":5}},"type":"if","locations":[{"start":{"line":146,"column":4},"end":{"line":150,"column":5}},{"start":{"line":148,"column":11},"end":{"line":150,"column":5}}],"line":146},"8":{"loc":{"start":{"line":160,"column":4},"end":{"line":164,"column":5}},"type":"if","locations":[{"start":{"line":160,"column":4},"end":{"line":164,"column":5}},{"start":{"line":162,"column":11},"end":{"line":164,"column":5}}],"line":160},"9":{"loc":{"start":{"line":183,"column":4},"end":{"line":187,"column":5}},"type":"if","locations":[{"start":{"line":183,"column":4},"end":{"line":187,"column":5}},{"start":{"line":185,"column":11},"end":{"line":187,"column":5}}],"line":183}},"s":{"0":1,"1":1,"2":1,"3":0,"4":0,"5":0,"6":0,"7":0,"8":1,"9":0,"10":0,"11":0,"12":0,"13":0,"14":1,"15":0,"16":0,"17":0,"18":0,"19":0,"20":1,"21":0,"22":0,"23":0,"24":0,"25":0,"26":1,"27":0,"28":0,"29":0,"30":0,"31":0,"32":1,"33":0,"34":0,"35":0,"36":0,"37":0,"38":1,"39":3,"40":3,"41":3,"42":2,"43":1,"44":1,"45":0,"46":0,"47":0,"48":0,"49":0,"50":1,"51":0,"52":0,"53":0,"54":0,"55":0,"56":1,"57":0,"58":0,"59":0,"60":0,"61":0,"62":1},"f":{"0":0,"1":0,"2":0,"3":0,"4":0,"5":0,"6":3,"7":0,"8":0,"9":0},"b":{"0":[0,0],"1":[0,0],"2":[0,0],"3":[0,0],"4":[0,0],"5":[0,0],"6":[2,1],"7":[0,0],"8":[0,0],"9":[0,0]},"_coverageSchema":"1a1c01bbd47fc00a2c39e90264f33305004495a9","hash":"fed679859a1d60168cdf863960139727fd546fe0"}
,"/Users/22282216/Desktop/BackEnd-Costurie/model/tagModel.js": {"path":"/Users/22282216/Desktop/BackEnd-Costurie/model/tagModel.js","statementMap":{"0":{"start":{"line":9,"column":23},"end":{"line":9,"column":48}},"1":{"start":{"line":11,"column":13},"end":{"line":11,"column":31}},"2":{"start":{"line":13,"column":27},"end":{"line":32,"column":1}},"3":{"start":{"line":14,"column":14},"end":{"line":18,"column":33}},"4":{"start":{"line":22,"column":19},"end":{"line":22,"column":52}},"5":{"start":{"line":27,"column":4},"end":{"line":31,"column":5}},"6":{"start":{"line":28,"column":8},"end":{"line":28,"column":24}},"7":{"start":{"line":30,"column":8},"end":{"line":30,"column":21}},"8":{"start":{"line":34,"column":38},"end":{"line":53,"column":1}},"9":{"start":{"line":35,"column":14},"end":{"line":39,"column":47}},"10":{"start":{"line":43,"column":19},"end":{"line":43,"column":52}},"11":{"start":{"line":48,"column":4},"end":{"line":52,"column":5}},"12":{"start":{"line":49,"column":8},"end":{"line":49,"column":24}},"13":{"start":{"line":51,"column":8},"end":{"line":51,"column":21}},"14":{"start":{"line":55,"column":40},"end":{"line":74,"column":1}},"15":{"start":{"line":56,"column":14},"end":{"line":60,"column":36}},"16":{"start":{"line":64,"column":19},"end":{"line":64,"column":52}},"17":{"start":{"line":69,"column":4},"end":{"line":73,"column":5}},"18":{"start":{"line":70,"column":8},"end":{"line":70,"column":24}},"19":{"start":{"line":72,"column":8},"end":{"line":72,"column":21}},"20":{"start":{"line":76,"column":27},"end":{"line":94,"column":1}},"21":{"start":{"line":77,"column":14},"end":{"line":80,"column":92}},"22":{"start":{"line":84,"column":19},"end":{"line":84,"column":52}},"23":{"start":{"line":89,"column":4},"end":{"line":93,"column":5}},"24":{"start":{"line":90,"column":8},"end":{"line":90,"column":24}},"25":{"start":{"line":92,"column":8},"end":{"line":92,"column":21}},"26":{"start":{"line":96,"column":23},"end":{"line":116,"column":1}},"27":{"start":{"line":98,"column":14},"end":{"line":106,"column":39}},"28":{"start":{"line":109,"column":23},"end":{"line":109,"column":58}},"29":{"start":{"line":111,"column":4},"end":{"line":115,"column":5}},"30":{"start":{"line":112,"column":8},"end":{"line":112,"column":20}},"31":{"start":{"line":114,"column":8},"end":{"line":114,"column":21}},"32":{"start":{"line":118,"column":24},"end":{"line":128,"column":1}},"33":{"start":{"line":119,"column":14},"end":{"line":119,"column":63}},"34":{"start":{"line":121,"column":20},"end":{"line":121,"column":53}},"35":{"start":{"line":123,"column":4},"end":{"line":127,"column":5}},"36":{"start":{"line":124,"column":8},"end":{"line":124,"column":25}},"37":{"start":{"line":126,"column":8},"end":{"line":126,"column":21}},"38":{"start":{"line":130,"column":38},"end":{"line":148,"column":1}},"39":{"start":{"line":131,"column":14},"end":{"line":134,"column":55}},"40":{"start":{"line":138,"column":19},"end":{"line":138,"column":52}},"41":{"start":{"line":143,"column":4},"end":{"line":147,"column":5}},"42":{"start":{"line":144,"column":8},"end":{"line":144,"column":24}},"43":{"start":{"line":146,"column":8},"end":{"line":146,"column":21}},"44":{"start":{"line":150,"column":0},"end":{"line":158,"column":1}}},"fnMap":{"0":{"name":"(anonymous_0)","decl":{"start":{"line":13,"column":27},"end":{"line":13,"column":28}},"loc":{"start":{"line":13,"column":45},"end":{"line":32,"column":1}},"line":13},"1":{"name":"(anonymous_1)","decl":{"start":{"line":34,"column":38},"end":{"line":34,"column":39}},"loc":{"start":{"line":34,"column":59},"end":{"line":53,"column":1}},"line":34},"2":{"name":"(anonymous_2)","decl":{"start":{"line":55,"column":40},"end":{"line":55,"column":41}},"loc":{"start":{"line":55,"column":54},"end":{"line":74,"column":1}},"line":55},"3":{"name":"(anonymous_3)","decl":{"start":{"line":76,"column":27},"end":{"line":76,"column":28}},"loc":{"start":{"line":76,"column":39},"end":{"line":94,"column":1}},"line":76},"4":{"name":"(anonymous_4)","decl":{"start":{"line":96,"column":23},"end":{"line":96,"column":24}},"loc":{"start":{"line":96,"column":44},"end":{"line":116,"column":1}},"line":96},"5":{"name":"(anonymous_5)","decl":{"start":{"line":118,"column":24},"end":{"line":118,"column":25}},"loc":{"start":{"line":118,"column":36},"end":{"line":128,"column":1}},"line":118},"6":{"name":"(anonymous_6)","decl":{"start":{"line":130,"column":38},"end":{"line":130,"column":39}},"loc":{"start":{"line":130,"column":50},"end":{"line":148,"column":1}},"line":130}},"branchMap":{"0":{"loc":{"start":{"line":27,"column":4},"end":{"line":31,"column":5}},"type":"if","locations":[{"start":{"line":27,"column":4},"end":{"line":31,"column":5}},{"start":{"line":29,"column":11},"end":{"line":31,"column":5}}],"line":27},"1":{"loc":{"start":{"line":48,"column":4},"end":{"line":52,"column":5}},"type":"if","locations":[{"start":{"line":48,"column":4},"end":{"line":52,"column":5}},{"start":{"line":50,"column":11},"end":{"line":52,"column":5}}],"line":48},"2":{"loc":{"start":{"line":69,"column":4},"end":{"line":73,"column":5}},"type":"if","locations":[{"start":{"line":69,"column":4},"end":{"line":73,"column":5}},{"start":{"line":71,"column":11},"end":{"line":73,"column":5}}],"line":69},"3":{"loc":{"start":{"line":89,"column":4},"end":{"line":93,"column":5}},"type":"if","locations":[{"start":{"line":89,"column":4},"end":{"line":93,"column":5}},{"start":{"line":91,"column":11},"end":{"line":93,"column":5}}],"line":89},"4":{"loc":{"start":{"line":111,"column":4},"end":{"line":115,"column":5}},"type":"if","locations":[{"start":{"line":111,"column":4},"end":{"line":115,"column":5}},{"start":{"line":113,"column":11},"end":{"line":115,"column":5}}],"line":111},"5":{"loc":{"start":{"line":123,"column":4},"end":{"line":127,"column":5}},"type":"if","locations":[{"start":{"line":123,"column":4},"end":{"line":127,"column":5}},{"start":{"line":125,"column":11},"end":{"line":127,"column":5}}],"line":123},"6":{"loc":{"start":{"line":143,"column":4},"end":{"line":147,"column":5}},"type":"if","locations":[{"start":{"line":143,"column":4},"end":{"line":147,"column":5}},{"start":{"line":145,"column":11},"end":{"line":147,"column":5}}],"line":143}},"s":{"0":1,"1":1,"2":1,"3":18,"4":18,"5":18,"6":18,"7":0,"8":1,"9":0,"10":0,"11":0,"12":0,"13":0,"14":1,"15":0,"16":0,"17":0,"18":0,"19":0,"20":1,"21":0,"22":0,"23":0,"24":0,"25":0,"26":1,"27":0,"28":0,"29":0,"30":0,"31":0,"32":1,"33":0,"34":0,"35":0,"36":0,"37":0,"38":1,"39":0,"40":0,"41":0,"42":0,"43":0,"44":1},"f":{"0":18,"1":0,"2":0,"3":0,"4":0,"5":0,"6":0},"b":{"0":[18,0],"1":[0,0],"2":[0,0],"3":[0,0],"4":[0,0],"5":[0,0],"6":[0,0]},"_coverageSchema":"1a1c01bbd47fc00a2c39e90264f33305004495a9","hash":"c220bb57a5b04e55d6b453fe0253a8297b7a8c77"}
,"/Users/22282216/Desktop/BackEnd-Costurie/model/tagUsuarioModel.js": {"path":"/Users/22282216/Desktop/BackEnd-Costurie/model/tagUsuarioModel.js","statementMap":{"0":{"start":{"line":9,"column":23},"end":{"line":9,"column":48}},"1":{"start":{"line":11,"column":13},"end":{"line":11,"column":31}},"2":{"start":{"line":13,"column":37},"end":{"line":27,"column":1}},"3":{"start":{"line":14,"column":12},"end":{"line":14,"column":90}},"4":{"start":{"line":18,"column":21},"end":{"line":18,"column":56}},"5":{"start":{"line":22,"column":2},"end":{"line":26,"column":3}},"6":{"start":{"line":23,"column":4},"end":{"line":23,"column":16}},"7":{"start":{"line":25,"column":4},"end":{"line":25,"column":17}},"8":{"start":{"line":29,"column":31},"end":{"line":39,"column":1}},"9":{"start":{"line":30,"column":12},"end":{"line":30,"column":69}},"10":{"start":{"line":32,"column":18},"end":{"line":32,"column":51}},"11":{"start":{"line":34,"column":2},"end":{"line":38,"column":3}},"12":{"start":{"line":35,"column":4},"end":{"line":35,"column":21}},"13":{"start":{"line":37,"column":4},"end":{"line":37,"column":17}},"14":{"start":{"line":41,"column":25},"end":{"line":53,"column":1}},"15":{"start":{"line":43,"column":12},"end":{"line":43,"column":94}},"16":{"start":{"line":46,"column":21},"end":{"line":46,"column":56}},"17":{"start":{"line":48,"column":2},"end":{"line":52,"column":3}},"18":{"start":{"line":49,"column":4},"end":{"line":49,"column":16}},"19":{"start":{"line":51,"column":4},"end":{"line":51,"column":17}},"20":{"start":{"line":55,"column":37},"end":{"line":66,"column":1}},"21":{"start":{"line":56,"column":12},"end":{"line":56,"column":92}},"22":{"start":{"line":58,"column":18},"end":{"line":58,"column":51}},"23":{"start":{"line":61,"column":2},"end":{"line":65,"column":3}},"24":{"start":{"line":62,"column":4},"end":{"line":62,"column":21}},"25":{"start":{"line":64,"column":4},"end":{"line":64,"column":17}},"26":{"start":{"line":68,"column":31},"end":{"line":79,"column":1}},"27":{"start":{"line":69,"column":12},"end":{"line":69,"column":89}},"28":{"start":{"line":71,"column":17},"end":{"line":71,"column":50}},"29":{"start":{"line":74,"column":2},"end":{"line":78,"column":3}},"30":{"start":{"line":75,"column":4},"end":{"line":75,"column":20}},"31":{"start":{"line":77,"column":4},"end":{"line":77,"column":17}},"32":{"start":{"line":81,"column":0},"end":{"line":87,"column":2}}},"fnMap":{"0":{"name":"(anonymous_0)","decl":{"start":{"line":13,"column":37},"end":{"line":13,"column":38}},"loc":{"start":{"line":13,"column":59},"end":{"line":27,"column":1}},"line":13},"1":{"name":"(anonymous_1)","decl":{"start":{"line":29,"column":31},"end":{"line":29,"column":32}},"loc":{"start":{"line":29,"column":43},"end":{"line":39,"column":1}},"line":29},"2":{"name":"(anonymous_2)","decl":{"start":{"line":41,"column":25},"end":{"line":41,"column":26}},"loc":{"start":{"line":41,"column":52},"end":{"line":53,"column":1}},"line":41},"3":{"name":"(anonymous_3)","decl":{"start":{"line":55,"column":37},"end":{"line":55,"column":38}},"loc":{"start":{"line":55,"column":59},"end":{"line":66,"column":1}},"line":55},"4":{"name":"(anonymous_4)","decl":{"start":{"line":68,"column":31},"end":{"line":68,"column":32}},"loc":{"start":{"line":68,"column":46},"end":{"line":79,"column":1}},"line":68}},"branchMap":{"0":{"loc":{"start":{"line":22,"column":2},"end":{"line":26,"column":3}},"type":"if","locations":[{"start":{"line":22,"column":2},"end":{"line":26,"column":3}},{"start":{"line":24,"column":9},"end":{"line":26,"column":3}}],"line":22},"1":{"loc":{"start":{"line":34,"co
[...]
55,"column":1}},"9":{"start":{"line":41,"column":14},"end":{"line":45,"column":59}},"10":{"start":{"line":47,"column":19},"end":{"line":47,"column":52}},"11":{"start":{"line":49,"column":4},"end":{"line":53,"column":5}},"12":{"start":{"line":50,"column":8},"end":{"line":50,"column":23}},"13":{"start":{"line":52,"column":8},"end":{"line":52,"column":20}},"14":{"start":{"line":57,"column":31},"end":{"line":67,"column":1}},"15":{"start":{"line":58,"column":14},"end":{"line":58,"column":156}},"16":{"start":{"line":60,"column":19},"end":{"line":60,"column":88}},"17":{"start":{"line":62,"column":4},"end":{"line":66,"column":5}},"18":{"start":{"line":63,"column":8},"end":{"line":63,"column":23}},"19":{"start":{"line":65,"column":8},"end":{"line":65,"column":20}},"20":{"start":{"line":69,"column":31},"end":{"line":78,"column":1}},"21":{"start":{"line":70,"column":14},"end":{"line":70,"column":146}},"22":{"start":{"line":72,"column":19},"end":{"line":72,"column":52}},"23":{"start":{"line":73,"column":4},"end":{"line":77,"column":5}},"24":{"start":{"line":74,"column":8},"end":{"line":74,"column":23}},"25":{"start":{"line":76,"column":8},"end":{"line":76,"column":20}},"26":{"start":{"line":80,"column":34},"end":{"line":89,"column":1}},"27":{"start":{"line":81,"column":14},"end":{"line":81,"column":131}},"28":{"start":{"line":83,"column":19},"end":{"line":83,"column":59}},"29":{"start":{"line":84,"column":4},"end":{"line":88,"column":5}},"30":{"start":{"line":85,"column":8},"end":{"line":85,"column":23}},"31":{"start":{"line":87,"column":8},"end":{"line":87,"column":20}},"32":{"start":{"line":91,"column":28},"end":{"line":123,"column":1}},"33":{"start":{"line":93,"column":14},"end":{"line":111,"column":50}},"34":{"start":{"line":113,"column":19},"end":{"line":113,"column":52}},"35":{"start":{"line":118,"column":4},"end":{"line":122,"column":5}},"36":{"start":{"line":119,"column":8},"end":{"line":119,"column":23}},"37":{"start":{"line":121,"column":8},"end":{"line":121,"column":20}},"38":{"start":{"line":125,"column":39},"end":{"line":137,"column":1}},"39":{"start":{"line":127,"column":14},"end":{"line":127,"column":115}},"40":{"start":{"line":130,"column":23},"end":{"line":130,"column":58}},"41":{"start":{"line":132,"column":4},"end":{"line":136,"column":5}},"42":{"start":{"line":133,"column":8},"end":{"line":133,"column":19}},"43":{"start":{"line":135,"column":8},"end":{"line":135,"column":20}},"44":{"start":{"line":139,"column":30},"end":{"line":156,"column":1}},"45":{"start":{"line":140,"column":14},"end":{"line":146,"column":107}},"46":{"start":{"line":148,"column":19},"end":{"line":148,"column":52}},"47":{"start":{"line":151,"column":4},"end":{"line":155,"column":5}},"48":{"start":{"line":152,"column":8},"end":{"line":152,"column":23}},"49":{"start":{"line":154,"column":8},"end":{"line":154,"column":20}},"50":{"start":{"line":158,"column":32},"end":{"line":170,"column":1}},"51":{"start":{"line":160,"column":14},"end":{"line":160,"column":95}},"52":{"start":{"line":163,"column":23},"end":{"line":163,"column":58}},"53":{"start":{"line":165,"column":4},"end":{"line":169,"column":5}},"54":{"start":{"line":166,"column":8},"end":{"line":166,"column":27}},"55":{"start":{"line":168,"column":8},"end":{"line":168,"column":20}},"56":{"start":{"line":172,"column":43},"end":{"line":186,"column":1}},"57":{"start":{"line":174,"column":14},"end":{"line":174,"column":159}},"58":{"start":{"line":179,"column":23},"end":{"line":179,"column":58}},"59":{"start":{"line":181,"column":4},"end":{"line":185,"column":5}},"60":{"start":{"line":182,"column":8},"end":{"line":182,"column":27}},"61":{"start":{"line":184,"column":8},"end":{"line":184,"column":20}},"62":{"start":{"line":188,"column":38},"end":{"line":201,"column":1}},"63":{"start":{"line":189,"column":14},"end":{"line":192,"column":86}},"64":{"start":{"line":194,"column":19},"end":{"line":194,"column":52}},"65":{"start":{"line":196,"column":4},"end":{"line":200,"column":5}},"66":{"start":{"line":197,"column":8},"end":{"line":197,"column":23}},"67":{"start":{"line":199,"column":8},"end":{"line":199,"column":20}},"68":{"start":{"line":203,"column":31},"end":{"line":215,"column":1}},"69":{"start":{"line":204,"column":14},"end":{"line":204,"column":68}},"70":{"start":{"line":207,"column":19},"end":{"line":207,"column":52}},"71":{"start":{"line":210,"column":4},"end":{"line":214,"column":5}},"72":{"start":{"line":211,"column":8},"end":{"line":211,"column":23}},"73":{"start":{"line":213,"column":8},"end":{"line":213,"column":20}},"74":{"start":{"line":217,"column":38},"end":{"line":243,"column":1}},"75":{"start":{"line":221,"column":14},"end":{"line":231,"column":7}},"76":{"start":{"line":234,"column":23},"end":{"line":234,"column":58}},"77":{"start":{"line":238,"column":4},"end":{"line":242,"column":5}},"78":{"start":{"line":239,"column":8},"end":{"line":239,"column":27}},"79":{"start":{"line":241,"column":8},"end":{"line":241,"column":20}},"80":{"start":{"line":245,"column":28},"end":{"line":255,"column":1}},"81":{"start":{"line":246,"column":14},"end":{"line":246,"column":41}},"82":{"start":{"line":248,"column":19},"end":{"line":248,"column":52}},"83":{"start":{"line":250,"column":4},"end":{"line":254,"column":5}},"84":{"start":{"line":251,"column":8},"end":{"line":251,"column":23}},"85":{"start":{"line":253,"column":8},"end":{"line":253,"column":20}},"86":{"start":{"line":257,"column":28},"end":{"line":269,"column":1}},"87":{"start":{"line":258,"column":14},"end":{"line":258,"column":56}},"88":{"start":{"line":262,"column":19},"end":{"line":262,"column":54}},"89":{"start":{"line":264,"column":4},"end":{"line":268,"column":5}},"90":{"start":{"line":265,"column":8},"end":{"line":265,"column":19}},"91":{"start":{"line":267,"column":8},"end":{"line":267,"column":20}},"92":{"start":{"line":271,"column":34},"end":{"line":297,"column":1}},"93":{"start":{"line":272,"column":14},"end":{"line":286,"column":45}},"94":{"start":{"line":288,"column":19},"end":{"line":288,"column":52}},"95":{"start":{"line":292,"column":4},"end":{"line":296,"column":5}},"96":{"start":{"line":293,"column":8},"end":{"line":293,"column":23}},"97":{"start":{"line":295,"column":8},"end":{"line":295,"column":20}},"98":{"start":{"line":299,"column":29},"end":{"line":308,"column":1}},"99":{"start":{"line":300,"column":14},"end":{"line":300,"column":139}},"100":{"start":{"line":302,"column":19},"end":{"line":302,"column":52}},"101":{"start":{"line":303,"column":4},"end":{"line":307,"column":5}},"102":{"start":{"line":304,"column":8},"end":{"line":304,"column":23}},"103":{"start":{"line":306,"column":8},"end":{"line":306,"column":20}},"104":{"start":{"line":310,"column":33},"end":{"line":320,"column":1}},"105":{"start":{"line":311,"column":14},"end":{"line":311,"column":140}},"106":{"start":{"line":313,"column":19},"end":{"line":313,"column":69}},"107":{"start":{"line":315,"column":4},"end":{"line":319,"column":5}},"108":{"start":{"line":316,"column":8},"end":{"line":316,"column":23}},"109":{"start":{"line":318,"column":8},"end":{"line":318,"column":20}},"110":{"start":{"line":322,"column":23},"end":{"line":332,"column":1}},"111":{"start":{"line":323,"column":14},"end":{"line":323,"column":66}},"112":{"start":{"line":325,"column":19},"end":{"line":325,"column":52}},"113":{"start":{"line":327,"column":4},"end":{"line":331,"column":5}},"114":{"start":{"line":328,"column":8},"end":{"line":328,"column":23}},"115":{"start":{"line":330,"column":8},"end":{"line":330,"column":20}},"116":{"start":{"line":334,"column":0},"end":{"line":354,"column":1}}},"fnMap":{"0":{"name":"(anonymous_0)","decl":{"start":{"line":13,"column":27},"end":{"line":13,"column":28}},"loc":{"start":{"line":13,"column":51},"end":{"line":36,"column":1}},"line":13},"1":{"name":"(anonymous_1)","decl":{"start":{"line":39,"column":33},"end":{"line":39,"column":34}},"loc":{"start":{"line":39,"column":45},"end":{"line":55,"column":1}},"line":39},"2":{"name":"(anonymous_2)","decl":{"start":{"line":57,"column":31},"end":{"line":57,"column":32}},"loc":{"start":{"line":57,"column":53},"end":{"line":67,"column":1}},"line":57},"3":{"name":"(anonymous_3)","decl":{"start":{"line":69,"column":31},"end":{"line":69,"column":32}},"loc":{"start":{"line":69,"column":48},"end":{"line":78,"column":1}},"line":69},"4":{"name":"(anonymous_4)","decl":{"start":{"line":80,"column":34},"end":{"line":80,"column":35}},"loc":{"start":{"line":80,"column":51},"end":{"line":89,"column":1}},"line":80},"5":{"name":"(anonymous_5)","decl":{"start":{"line":91,"column":28},"end":{"line":91,"column":29}},"loc":{"start":{"line":91,"column":42},"end":{"line":123,"column":1}},"line":91},"6":{"name":"(anonymous_6)","decl":{"start":{"line":125,"column":39},"end":{"line":125,"column":40}},"loc":{"start":{"line":125,"column":77},"end":{"line":137,"column":1}},"line":125},"7":{"name":"(anonymous_7)","decl":{"start":{"line":139,"column":30},"end":{"line":139,"column":31}},"loc":{"start":{"line":139,"column":51},"end":{"line":156,"column":1}},"line":139},"8":{"name":"(anonymous_8)","decl":{"start":{"line":158,"column":32},"end":{"line":158,"column":33}},"loc":{"start":{"line":158,"column":53},"end":{"line":170,"column":1}},"line":158},"9":{"name":"(anonymous_9)","decl":{"start":{"line":172,"column":43},"end":{"line":172,"column":44}},"loc":{"start":{"line":172,"column":64},"end":{"line":186,"column":1}},"line":172},"10":{"name":"(anonymous_10)","decl":{"start":{"line":188,"column":38},"end":{"line":188,"column":39}},"loc":{"start":{"line":188,"column":59},"end":{"line":201,"column":1}},"line":188},"11":{"name":"(anonymous_11)","decl":{"start":{"line":203,"column":31},"end":{"line":203,"column":32}},"loc":{"start":{"line":203,"column":45},"end":{"line":215,"column":1}},"line":203},"12":{"name":"(anonymous_12)","decl":{"start":{"line":217,"column":38},"end":{"line":217,"column":39}},"loc":{"start":{"line":217,"column":59},"end":{"line":243,"column":1}},"line":217},"13":{"name":"(anonymous_13)","decl":{"start":{"line":245,"column":28},"end":{"line":245,"column":29}},"loc":{"start":{"line":245,"column":40},"end":{"line":255,"column":1}},"line":245},"14":{"name":"(anonymous_14)","decl":{"start":{"line":257,"column":28},"end":{"line":257,"column":29}},"loc":{"start":{"line":257,"column":42},"end":{"line":269,"column":1}},"line":257},"15":{"name":"(anonymous_15)","decl":{"start":{"line":271,"column":34},"end":{"line":271,"column":35}},"loc":{"start":{"line":271,"column":48},"end":{"line":297,"column":1}},"line":271},"16":{"name":"(anonymous_16)","decl":{"start":{"line":299,"column":29},"end":{"line":299,"column":30}},"loc":{"start":{"line":299,"column":46},"end":{"line":308,"column":1}},"line":299},"17":{"name":"(anonymous_17)","decl":{"start":{"line":310,"column":33},"end":{"line":310,"column":34}},"loc":{"start":{"line":310,"column":60},"end":{"line":320,"column":1}},"line":310},"18":{"name":"(anonymous_18)","decl":{"start":{"line":322,"column":23},"end":{"line":322,"column":24}},"loc":{"start":{"line":322,"column":45},"end":{"line":332,"column":1}},"line":322}},"branchMap":{"0":{"loc":{"start":{"line":31,"column":4},"end":{"line":35,"column":5}},"type":"if","locations":[{"start":{"line":31,"column":4},"end":{"line":35,"column":5}},{"start":{"line":33,"column":11},"end":{"line":35,"column":5}}],"line":31},"1":{"loc":{"start":{"line":49,"column":4},"end":{"line":53,"column":5}},"type":"if","locations":[{"start":{"line":49,"column":4},"end":{"line":53,"column":5}},{"start":{"line":51,"column":11},"end":{"line":53,"column":5}}],"line":49},"2":{"loc":{"start":{"line":62,"column":4},"end":{"line":66,"column":5}},"type":"if","locations":[{"start":{"line":62,"column":4},"end":{"line":66,"column":5}},{"start":{"line":64,"column":11},"end":{"line":66,"column":5}}],"line":62},"3":{"loc":{"start":{"line":73,"column":4},"end":{"line":77,"column":5}},"type":"if","locations":[{"start":{"line":73,"column":4},"end":{"line":77,"column":5}},{"start":{"line":75,"column":11},"end":{"line":77,"column":5}}],"line":73},"4":{"loc":{"start":{"line":84,"column":4},"end":{"line":88,"column":5}},"type":"if","locations":[{"start":{"line":84,"column":4},"end":{"line":88,"column":5}},{"start":{"line":86,"column":11},"end":{"line":88,"column":5}}],"line":84},"5":{"loc":{"start":{"line":118,"column":4},"end":{"line":122,"column":5}},"type":"if","locations":[{"start":{"line":118,"column":4},"end":{"line":122,"column":5}},{"start":{"line":120,"column":11},"end":{"line":122,"column":5}}],"line":118},"6":{"loc":{"start":{"line":132,"column":4},"end":{"line":136,"column":5}},"type":"if","locations":[{"start":{"line":132,"column":4},"end":{"line":136,"column":5}},{"start":{"line":134,"column":11},"end":{"line":136,"column":5}}],"line":132},"7":{"loc":{"start":{"line":151,"column":4},"end":{"line":155,"column":5}},"type":"if","locations":[{"start":{"line":151,"column":4},"end":{"line":155,"column":5}},{"start":{"line":153,"column":11},"end":{"line":155,"column":5}}],"line":151},"8":{"loc":{"start":{"line":165,"column":4},"end":{"line":169,"column":5}},"type":"if","locations":[{"start":{"line":165,"column":4},"end":{"line":169,"column":5}},{"start":{"line":167,"column":11},"end":{"line":169,"column":5}}],"line":165},"9":{"loc":{"start":{"line":181,"column":4},"end":{"line":185,"column":5}},"type":"if","locations":[{"start":{"line":181,"column":4},"end":{"line":185,"column":5}},{"start":{"line":183,"column":11},"end":{"line":185,"column":5}}],"line":181},"10":{"loc":{"start":{"line":196,"column":4},"end":{"line":200,"column":5}},"type":"if","locations":[{"start":{"line":196,"column":4},"end":{"line":200,"column":5}},{"start":{"line":198,"column":11},"end":{"line":200,"column":5}}],"line":196},"11":{"loc":{"start":{"line":210,"column":4},"end":{"line":214,"column":5}},"type":"if","locations":[{"start":{"line":210,"column":4},"end":{"line":214,"column":5}},{"start":{"line":212,"column":11},"end":{"line":214,"column":5}}],"line":210},"12":{"loc":{"start":{"line":238,"column":4},"end":{"line":242,"column":5}},"type":"if","locations":[{"start":{"line":238,"column":4},"end":{"line":242,"column":5}},{"start":{"line":240,"column":11},"end":{"line":242,"column":5}}],"line":238},"13":{"loc":{"start":{"line":250,"column":4},"end":{"line":254,"column":5}},"type":"if","locations":[{"start":{"line":250,"column":4},"end":{"line":254,"column":5}},{"start":{"line":252,"column":11},"end":{"line":254,"column":5}}],"line":250},"14":{"loc":{"start":{"line":264,"column":4},"end":{"line":268,"column":5}},"type":"if","locations":[{"start":{"line":264,"column":4},"end":{"line":268,"column":5}},{"start":{"line":266,"column":11},"end":{"line":268,"column":5}}],"line":264},"15":{"loc":{"start":{"line":292,"column":4},"end":{"line":296,"column":5}},"type":"if","locations":[{"start":{"line":292,"column":4},"end":{"line":296,"column":5}},{"start":{"line":294,"column":11},"end":{"line":296,"column":5}}],"line":292},"16":{"loc":{"start":{"line":303,"column":4},"end":{"line":307,"column":5}},"type":"if","locations":[{"start":{"line":303,"column":4},"end":{"line":307,"column":5}},{"start":{"line":305,"column":11},"end":{"line":307,"column":5}}],"line":303},"17":{"loc":{"start":{"line":315,"column":4},"end":{"line":319,"column":5}},"type":"if","locations":[{"start":{"line":315,"column":4},"end":{"line":319,"column":5}},{"start":{"line":317,"column":11},"end":{"line":319,"column":5}}],"line":315},"18":{"loc":{"start":{"line":327,"column":4},"end":{"line":331,"column":5}},"type":"if","locations":[{"start":{"line":327,"column":4},"end":{"line":331,"column":5}},{"start":{"line":329,"column":11},"end":{"line":331,"column":5}}],"line":327}},"s":{"0":1,"1":1,"2":1,"3":0,"4":0,"5":0,"6":0,"7":0,"8":1,"9":0,"10":0,"11":0,"12":0,"13":0,"14":1,"15":2,"16":2,"17":2,"18":2,"19":0,"20":1,"21":2,"22":2,"23":2,"24":1,"25":1,"26":1,"27":0,"28":0,"29":0,"30":0,"31":0,"32":1,"33":8,"34":8,"35":8,"36":7,"37":1,"38":1,"39":1,"40":1,"41":1,"42":1,"43":0,"44":1,"45":0,"46":0,"47":0,"48":0,"49":0,"50":1,"51":1,"52":1,"53":1,"54":1,"55":0,"56":1,"57":1,"58":1,"59":1,"60":1,"61":0,"62":1,"63":1,"64":1,"65":1,"66":1,"67":0,"68":1,"69":4,"70":4,"71":4,"72":4,"73":0,"74":1,"75":4,"76":4,"77":4,"78":4,"79":0,"80":1,"81":1,"82":1,"83":1,"84":1,"85":0,"86":1,"87":0,"88":0,"89":0,"90":0,"91":0,"92":1,"93":0,"94":0,"95":0,"96":0,"97":0,"98":1,"99":1,"100":1,"101":1,"102":1,"103":0,"104":1,"105":1,"106":1,"107":1,"108":0,"109":1,"110":1,"111":3,"112":3,"113":3,"114":3,"115":0,"116":1},"f":{"0":0,"1":0,"2":2,"3":2,"4":0,"5":8,"6":1,"7":0,"8":1,"9":1,"10":1,"11":4,"12":4,"13":1,"14":0,"15":0,"16":1,"17":1,"18":3},"b":{"0":[0,0],"1":[0,0],"2":[2,0],"3":[1,1],"4":[0,0],"5":[7,1],"6":[1,0],"7":[0,0],"8":[1,0],"9":[1,0],"10":[1,0],"11":[4,0],"12":[4,0],"13":[1,0],"14":[0,0],"15":[0,0],"16":[1,0],"17":[0,1],"18":[3,0]},"_coverageSchema":"1a1c01bbd47fc00a2c39e90264f33305004495a9","hash":"e1336cfae73139afa9bc29e6ca3efc3d010450cf"}
,"/Users/22282216/Desktop/BackEnd-Costurie/module/secret.js": {"path":"/Users/22282216/Desktop/BackEnd-Costurie/module/secret.js","statementMap":{"0":{"start":{"line":8,"column":19},"end":{"line":8,"column":40}},"1":{"start":{"line":9,"column":12},"end":{"line":9,"column":52}},"2":{"start":{"line":11,"column":15},"end":{"line":11,"column":25}},"3":{"start":{"line":12,"column":15},"end":{"line":12,"column":23}},"4":{"start":{"line":14,"column":13},"end":{"line":14,"column":28}},"5":{"start":{"line":16,"column":13},"end":{"line":30,"column":2}},"6":{"start":{"line":32,"column":0},"end":{"line":40,"column":3}},"7":{"start":{"line":42,"column":27},"end":{"line":51,"column":1}},"8":{"start":{"line":43,"column":4},"end":{"line":49,"column":7}},"9":{"start":{"line":44,"column":8},"end":{"line":48,"column":9}},"10":{"start":{"line":45,"column":12},"end":{"line":47,"column":13}},"11":{"start":{"line":46,"column":16},"end":{"line":46,"column":69}},"12":{"start":{"line":50,"column":4},"end":{"line":50,"column":21}},"13":{"start":{"line":53,"column":18},"end":{"line":68,"column":1}},"14":{"start":{"line":54,"column":16},"end":{"line":54,"column":57}},"15":{"start":{"line":56,"column":16},"end":{"line":56,"column":49}},"16":{"start":{"line":58,"column":31},"end":{"line":58,"column":59}},"17":{"start":{"line":62,"column":4},"end":{"line":67,"column":5}},"18":{"start":{"line":63,"column":8},"end":{"line":63,"column":14}},"19":{"start":{"line":66,"column":8},"end":{"line":66,"column":127}},"20":{"start":{"line":70,"column":0},"end":{"line":76,"column":1}}},"fnMap":{"0":{"name":"(anonymous_0)","decl":{"start":{"line":42,"column":27},"end":{"line":42,"column":28}},"loc":{"start":{"line":42,"column":42},"end":{"line":51,"column":1}},"line":42},"1":{"name":"(anonymous_1)","decl":{"start":{"line":43,"column":35},"end":{"line":43,"column":36}},"loc":{"start":{"line":43,"column":46},"end":{"line":49,"column":5}},"line":43},"2":{"name":"(anonymous_2)","decl":{"start":{"line":53,"column":18},"end":{"line":53,"column":19}},"loc":{"start":{"line":53,"column":53},"end":{"line":68,"column":1}},"line":53}},"branchMap":{"0":{"loc":{"start":{"line":44,"column":8},"end":{"line":48,"column":9}},"type":"if","locations":[{"start":{"line":44,"column":8},"end":{"line":48,"column":9}},{"start":{},"end":{}}],"line":44},"1":{"loc":{"start":{"line":45,"column":12},"end":{"line":47,"column":13}},"type":"if","locations":[{"start":{"line":45,"column":12},"end":{"line":47,"column":13}},{"start":{},"end":{}}],"line":45},"2":{"loc":{"start":{"line":62,"column":4},"end":{"line":67,"column":5}},"type":"if","locations":[{"start":{"line":62,"column":4},"end":{"line":67,"column":5}},{"start":{"line":64,"column":11},"end":{"line":67,"column":5}}],"line":62}},"s":{"0":1,"1":1,"2":1,"3":1,"4":1,"5":1,"6":1,"7":1,"8":0,"9":0,"10":0,"11":0,"12":0,"13":1,"14":0,"15":0,"16":0,"17":0,"18":0,"19":0,"20":1},"f":{"0":0,"1":0,"2":0},"b":{"0":[0,0],"1":[0,0],"2":[0,0]},"_coverageSchema":"1a1c01bbd47fc00a2c39e90264f33305004495a9","hash":"7faf0ad744ccc499c2711a99c4beb1c69035e16c"}
}
