TN:
SF:controller/usuarioController.js
FN:27,(anonymous_0)
FN:56,(anonymous_1)
FN:72,(anonymous_2)
FN:93,(anonymous_3)
FN:132,(anonymous_4)
FN:157,(anonymous_5)
FN:179,(anonymous_6)
FN:202,(anonymous_7)
FN:295,(anonymous_8)
FN:394,(anonymous_9)
FN:423,(anonymous_10)
FN:440,(anonymous_11)
FN:495,(anonymous_12)
FN:521,(anonymous_13)
FN:559,(anonymous_14)
FN:590,(anonymous_15)
FN:594,(anonymous_16)
FNF:17
FNH:12
FNDA:3,(anonymous_0)
FNDA:2,(anonymous_1)
FNDA:1,(anonymous_2)
FNDA:0,(anonymous_3)
FNDA:2,(anonymous_4)
FNDA:2,(anonymous_5)
FNDA:2,(anonymous_6)
FNDA:3,(anonymous_7)
FNDA:2,(anonymous_8)
FNDA:4,(anonymous_9)
FNDA:1,(anonymous_10)
FNDA:1,(anonymous_11)
FNDA:0,(anonymous_12)
FNDA:1,(anonymous_13)
FNDA:0,(anonymous_14)
FNDA:0,(anonymous_15)
FNDA:0,(anonymous_16)
DA:9,1
DA:12,1
DA:15,1
DA:18,1
DA:19,1
DA:20,1
DA:21,1
DA:23,1
DA:24,1
DA:25,1
DA:27,1
DA:28,3
DA:36,1
DA:39,2
DA:41,2
DA:43,0
DA:45,0
DA:46,0
DA:47,0
DA:48,0
DA:49,0
DA:51,2
DA:56,1
DA:57,2
DA:58,2
DA:61,2
DA:62,1
DA:63,1
DA:64,1
DA:65,1
DA:66,1
DA:68,1
DA:72,1
DA:74,1
DA:76,1
DA:77,1
DA:79,1
DA:80,1
DA:81,1
DA:82,1
DA:84,1
DA:86,0
DA:89,0
DA:93,1
DA:94,0
DA:96,0
DA:99,0
DA:101,0
DA:103,0
DA:105,0
DA:107,0
DA:111,0
DA:113,0
DA:115,0
DA:117,0
DA:118,0
DA:119,0
DA:120,0
DA:122,0
DA:124,0
DA:127,0
DA:132,1
DA:134,2
DA:135,0
DA:136,2
DA:137,1
DA:140,1
DA:142,1
DA:144,1
DA:146,1
DA:147,1
DA:148,1
DA:149,1
DA:150,1
DA:152,0
DA:157,1
DA:159,2
DA:161,1
DA:163,1
DA:165,1
DA:166,1
DA:168,1
DA:169,1
DA:170,1
DA:171,1
DA:172,1
DA:174,0
DA:179,1
DA:180,2
DA:181,2
DA:184,1
DA:186,1
DA:188,1
DA:189,1
DA:190,1
DA:192,1
DA:195,0
DA:196,0
DA:197,0
DA:202,1
DA:205,3
DA:206,3
DA:208,3
DA:209,1
DA:212,2
DA:216,2
DA:218,2
DA:220,2
DA:224,2
DA:226,2
DA:228,2
DA:229,2
DA:230,8
DA:232,8
DA:234,8
DA:237,2
DA:239,0
DA:242,2
DA:243,0
DA:244,0
DA:246,2
DA:250,2
DA:255,2
DA:257,2
DA:259,2
DA:260,2
DA:262,2
DA:264,2
DA:266,2
DA:268,2
DA:271,2
DA:273,0
DA:276,2
DA:277,2
DA:279,2
DA:280,2
DA:281,2
DA:283,2
DA:285,0
DA:289,0
DA:295,1
DA:296,2
DA:298,2
DA:304,2
DA:315,0
DA:318,2
DA:322,0
DA:324,0
DA:326,0
DA:328,0
DA:330,0
DA:332,0
DA:334,0
DA:335,0
DA:337,0
DA:339,0
DA:343,0
DA:345,0
DA:349,0
DA:351,0
DA:352,0
DA:354,0
DA:358,2
DA:359,2
DA:361,2
DA:362,2
DA:366,2
DA:367,2
DA:368,2
DA:369,2
DA:370,2
DA:372,0
DA:376,0
DA:379,0
DA:383,0
DA:384,0
DA:385,0
DA:386,0
DA:387,0
DA:389,0
DA:394,1
DA:395,4
DA:396,4
DA:400,4
DA:401,8
DA:403,8
DA:405,8
DA:407,8
DA:409,8
DA:412,4
DA:414,4
DA:416,4
DA:418,4
DA:420,4
DA:423,1
DA:425,1
DA:427,1
DA:428,1
DA:430,1
DA:431,1
DA:432,1
DA:434,1
DA:436,0
DA:440,1
DA:441,1
DA:442,1
DA:444,1
DA:445,0
DA:446,1
DA:447,0
DA:450,1
DA:452,1
DA:454,1
DA:456,1
DA:457,8
DA:461,8
DA:465,8
DA:470,1
DA:471,7
DA:475,7
DA:476,1
DA:482,1
DA:483,1
DA:484,1
DA:488,1
DA:490,0
DA:495,1
DA:497,0
DA:498,0
DA:501,0
DA:503,0
DA:505,0
DA:506,0
DA:507,0
DA:508,0
DA:510,0
DA:511,0
DA:512,0
DA:514,0
DA:516,0
DA:521,1
DA:523,1
DA:524,1
DA:526,1
DA:530,1
DA:531,0
DA:532,0
DA:533,0
DA:534,0
DA:537,0
DA:539,0
DA:541,0
DA:543,0
DA:545,0
DA:547,0
DA:548,0
DA:549,0
DA:550,0
DA:552,0
DA:554,0
DA:559,1
DA:561,0
DA:565,0
DA:567,0
DA:569,0
DA:570,0
DA:572,0
DA:574,0
DA:576,0
DA:577,0
DA:578,0
DA:580,0
DA:590,0
DA:592,0
DA:595,0
DA:598,0
DA:602,0
DA:606,1
LF:278
LH:167
BRDA:28,0,0,1
BRDA:28,0,1,2
BRDA:29,1,0,3
BRDA:29,1,1,2
BRDA:29,1,2,2
BRDA:29,1,3,2
BRDA:29,1,4,2
BRDA:29,1,5,2
BRDA:41,2,0,0
BRDA:41,2,1,2
BRDA:61,3,0,1
BRDA:61,3,1,1
BRDA:76,4,0,1
BRDA:76,4,1,0
BRDA:79,5,0,1
BRDA:79,5,1,0
BRDA:94,6,0,0
BRDA:94,6,1,0
BRDA:94,7,0,0
BRDA:94,7,1,0
BRDA:94,7,2,0
BRDA:94,7,3,0
BRDA:94,7,4,0
BRDA:94,7,5,0
BRDA:94,7,6,0
BRDA:101,8,0,0
BRDA:101,8,1,0
BRDA:115,9,0,0
BRDA:115,9,1,0
BRDA:134,10,0,0
BRDA:134,10,1,2
BRDA:134,11,0,2
BRDA:134,11,1,2
BRDA:134,11,2,2
BRDA:134,11,3,2
BRDA:136,12,0,1
BRDA:136,12,1,1
BRDA:136,13,0,2
BRDA:136,13,1,1
BRDA:136,13,2,1
BRDA:142,14,0,1
BRDA:142,14,1,0
BRDA:159,15,0,1
BRDA:159,15,1,1
BRDA:159,16,0,2
BRDA:159,16,1,1
BRDA:159,16,2,1
BRDA:165,17,0,1
BRDA:165,17,1,0
BRDA:181,18,0,1
BRDA:181,18,1,1
BRDA:181,19,0,2
BRDA:181,19,1,1
BRDA:181,19,2,1
BRDA:181,19,3,1
BRDA:181,19,4,1
BRDA:181,19,5,1
BRDA:181,19,6,1
BRDA:181,19,7,1
BRDA:181,19,8,1
BRDA:188,20,0,1
BRDA:188,20,1,0
BRDA:208,21,0,1
BRDA:208,21,1,2
BRDA:208,22,0,3
BRDA:208,22,1,2
BRDA:208,22,2,2
BRDA:216,23,0,2
BRDA:216,23,1,0
BRDA:228,24,0,2
BRDA:228,24,1,0
BRDA:242,25,0,0
BRDA:242,25,1,2
BRDA:259,26,0,2
BRDA:259,26,1,0
BRDA:276,27,0,2
BRDA:276,27,1,0
BRDA:304,28,0,0
BRDA:304,28,1,2
BRDA:304,29,0,2
BRDA:304,29,1,2
BRDA:304,29,2,2
BRDA:304,29,3,2
BRDA:304,29,4,2
BRDA:304,29,5,2
BRDA:304,29,6,2
BRDA:304,29,7,2
BRDA:304,29,8,2
BRDA:304,29,9,2
BRDA:304,29,10,2
BRDA:304,29,11,2
BRDA:304,29,12,2
BRDA:304,29,13,2
BRDA:304,29,14,2
BRDA:304,29,15,2
BRDA:304,29,16,2
BRDA:304,29,17,2
BRDA:304,29,18,2
BRDA:304,29,19,2
BRDA:304,29,20,2
BRDA:304,29,21,2
BRDA:304,29,22,2
BRDA:304,29,23,2
BRDA:304,29,24,2
BRDA:304,29,25,2
BRDA:304,29,26,2
BRDA:304,29,27,2
BRDA:304,29,28,2
BRDA:304,29,29,2
BRDA:304,29,30,2
BRDA:304,29,31,2
BRDA:304,29,32,2
BRDA:318,30,0,0
BRDA:318,30,1,2
BRDA:322,31,0,0
BRDA:322,31,1,0
BRDA:326,32,0,0
BRDA:326,32,1,0
BRDA:358,33,0,2
BRDA:358,33,1,0
BRDA:361,34,0,2
BRDA:361,34,1,0
BRDA:366,35,0,2
BRDA:366,35,1,0
BRDA:383,36,0,0
BRDA:383,36,1,0
BRDA:427,37,0,1
BRDA:427,37,1,0
BRDA:444,38,0,0
BRDA:444,38,1,1
BRDA:444,39,0,1
BRDA:444,39,1,1
BRDA:444,39,2,1
BRDA:446,40,0,0
BRDA:446,40,1,1
BRDA:446,41,0,1
BRDA:446,41,1,1
BRDA:446,41,2,1
BRDA:446,41,3,1
BRDA:454,42,0,1
BRDA:454,42,1,0
BRDA:475,43,0,1
BRDA:475,43,1,6
BRDA:475,44,0,7
BRDA:475,44,1,6
BRDA:497,45,0,0
BRDA:497,45,1,0
BRDA:497,46,0,0
BRDA:497,46,1,0
BRDA:497,46,2,0
BRDA:505,47,0,0
BRDA:505,47,1,0
BRDA:507,48,0,0
BRDA:507,48,1,0
BRDA:526,49,0,1
BRDA:526,49,1,0
BRDA:526,50,0,1
BRDA:526,50,1,0
BRDA:526,50,2,0
BRDA:526,50,3,0
BRDA:526,50,4,0
BRDA:526,50,5,0
BRDA:526,50,6,0
BRDA:526,50,7,0
BRDA:526,50,8,0
BRDA:526,50,9,0
BRDA:526,50,10,0
BRDA:526,50,11,0
BRDA:531,51,0,0
BRDA:531,51,1,0
BRDA:533,52,0,0
BRDA:533,52,1,0
BRDA:539,53,0,0
BRDA:539,53,1,0
BRDA:565,54,0,0
BRDA:565,54,1,0
BRDA:576,55,0,0
BRDA:576,55,1,0
BRF:178
BRH:107
end_of_record
TN:
SF:controller/modulo/config.js
FNF:0
FNH:0
DA:9,1
DA:11,1
DA:13,1
DA:15,1
DA:17,1
DA:19,1
DA:21,1
DA:23,1
DA:25,1
DA:27,1
DA:29,1
DA:31,1
DA:33,1
DA:35,1
DA:37,1
DA:39,1
DA:41,1
DA:43,1
DA:45,1
DA:47,1
DA:49,1
DA:51,1
DA:53,1
DA:55,1
DA:57,1
DA:59,1
DA:61,1
DA:63,1
DA:65,1
DA:67,1
DA:69,1
DA:71,1
DA:73,1
DA:76,1
DA:78,1
DA:80,1
DA:82,1
DA:84,1
DA:86,1
DA:88,1
DA:90,1
DA:92,1
DA:94,1
DA:96,1
DA:98,1
DA:102,1
LF:46
LH:46
BRF:0
BRH:0
end_of_record
TN:
SF:middleware/middlewareJWT.js
FN:14,(anonymous_0)
FN:22,(anonymous_1)
FN:25,(anonymous_2)
FNF:3
FNH:0
FNDA:0,(anonymous_0)
FNDA:0,(anonymous_1)
FNDA:0,(anonymous_2)
DA:9,1
DA:11,1
DA:14,1
DA:16,0
DA:18,0
DA:22,1
DA:25,0
DA:26,0
DA:27,0
DA:29,0
DA:32,0
DA:35,1
LF:12
LH:5
BRDA:26,0,0,0
BRDA:26,0,1,0
BRF:2
BRH:0
end_of_record
TN:
SF:model/anexosModel.js
FN:13,(anonymous_0)
FN:37,(anonymous_1)
FN:49,(anonymous_2)
FN:65,(anonymous_3)
FNF:4
FNH:1
FNDA:0,(anonymous_0)
FNDA:0,(anonymous_1)
FNDA:0,(anonymous_2)
FNDA:2,(anonymous_3)
DA:9,1
DA:11,1
DA:13,1
DA:15,0
DA:26,0
DA:30,0
DA:31,0
DA:33,0
DA:37,1
DA:38,0
DA:40,0
DA:42,0
DA:43,0
DA:45,0
DA:49,1
DA:50,0
DA:54,0
DA:58,0
DA:59,0
DA:61,0
DA:65,1
DA:66,2
DA:68,2
DA:70,2
DA:71,2
DA:73,0
DA:77,1
LF:27
LH:11
BRDA:30,0,0,0
BRDA:30,0,1,0
BRDA:42,1,0,0
BRDA:42,1,1,0
BRDA:58,2,0,0
BRDA:58,2,1,0
BRDA:70,3,0,2
BRDA:70,3,1,0
BRF:8
BRH:1
end_of_record
TN:
SF:model/localizacaoModel.js
FN:13,(anonymous_0)
FN:26,(anonymous_1)
FN:44,(anonymous_2)
FN:57,(anonymous_3)
FN:81,(anonymous_4)
FN:97,(anonymous_5)
FN:123,(anonymous_6)
FN:135,(anonymous_7)
FN:148,(anonymous_8)
FNF:9
FNH:1
FNDA:0,(anonymous_0)
FNDA:0,(anonymous_1)
FNDA:0,(anonymous_2)
FNDA:0,(anonymous_3)
FNDA:0,(anonymous_4)
FNDA:0,(anonymous_5)
FNDA:0,(anonymous_6)
FNDA:0,(anonymous_7)
FNDA:2,(anonymous_8)
DA:9,1
DA:11,1
DA:13,1
DA:14,0
DA:16,0
DA:19,0
DA:20,0
DA:22,0
DA:26,1
DA:27,0
DA:35,0
DA:37,0
DA:38,0
DA:40,0
DA:44,1
DA:45,0
DA:47,0
DA:50,0
DA:51,0
DA:53,0
DA:57,1
DA:58,0
DA:72,0
DA:74,0
DA:75,0
DA:77,0
DA:81,1
DA:83,0
DA:88,0
DA:90,0
DA:91,0
DA:93,0
DA:97,1
DA:98,0
DA:112,0
DA:116,0
DA:117,0
DA:119,0
DA:123,1
DA:124,0
DA:126,0
DA:128,0
DA:129,0
DA:131,0
DA:135,1
DA:136,0
DA:138,0
DA:141,0
DA:142,0
DA:144,0
DA:148,1
DA:149,2
DA:158,2
DA:161,2
DA:162,2
DA:164,0
DA:168,1
LF:57
LH:16
BRDA:19,0,0,0
BRDA:19,0,1,0
BRDA:37,1,0,0
BRDA:37,1,1,0
BRDA:50,2,0,0
BRDA:50,2,1,0
BRDA:74,3,0,0
BRDA:74,3,1,0
BRDA:90,4,0,0
BRDA:90,4,1,0
BRDA:116,5,0,0
BRDA:116,5,1,0
BRDA:128,6,0,0
BRDA:128,6,1,0
BRDA:141,7,0,0
BRDA:141,7,1,0
BRDA:161,8,0,2
BRDA:161,8,1,0
BRF:18
BRH:1
end_of_record
TN:
SF:model/publicacaoModel.js
FN:13,(anonymous_0)
FN:41,(anonymous_1)
FN:53,(anonymous_2)
FN:65,(anonymous_3)
FN:79,(anonymous_4)
FN:100,(anonymous_5)
FN:114,(anonymous_6)
FN:128,(anonymous_7)
FN:153,(anonymous_8)
FN:167,(anonymous_9)
FNF:10
FNH:1
FNDA:0,(anonymous_0)
FNDA:0,(anonymous_1)
FNDA:0,(anonymous_2)
FNDA:0,(anonymous_3)
FNDA:0,(anonymous_4)
FNDA:0,(anonymous_5)
FNDA:2,(anonymous_6)
FNDA:0,(anonymous_7)
FNDA:0,(anonymous_8)
FNDA:0,(anonymous_9)
DA:9,1
DA:11,1
DA:13,1
DA:15,0
DA:30,0
DA:34,0
DA:35,0
DA:37,0
DA:41,1
DA:42,0
DA:44,0
DA:46,0
DA:47,0
DA:49,0
DA:53,1
DA:54,0
DA:56,0
DA:58,0
DA:59,0
DA:61,0
DA:65,1
DA:66,0
DA:70,0
DA:72,0
DA:73,0
DA:75,0
DA:79,1
DA:81,0
DA:91,0
DA:93,0
DA:94,0
DA:96,0
DA:100,1
DA:101,0
DA:105,0
DA:107,0
DA:108,0
DA:110,0
DA:114,1
DA:115,2
DA:119,2
DA:121,2
DA:122,2
DA:124,0
DA:128,1
DA:130,0
DA:142,0
DA:146,0
DA:147,0
DA:149,0
DA:153,1
DA:154,0
DA:158,0
DA:160,0
DA:161,0
DA:163,0
DA:167,1
DA:168,0
DA:181,0
DA:183,0
DA:184,0
DA:186,0
DA:190,1
LF:63
LH:17
BRDA:34,0,0,0
BRDA:34,0,1,0
BRDA:46,1,0,0
BRDA:46,1,1,0
BRDA:58,2,0,0
BRDA:58,2,1,0
BRDA:72,3,0,0
BRDA:72,3,1,0
BRDA:93,4,0,0
BRDA:93,4,1,0
BRDA:107,5,0,0
BRDA:107,5,1,0
BRDA:121,6,0,2
BRDA:121,6,1,0
BRDA:146,7,0,0
BRDA:146,7,1,0
BRDA:160,8,0,0
BRDA:160,8,1,0
BRDA:183,9,0,0
BRDA:183,9,1,0
BRF:20
BRH:1
end_of_record
TN:
SF:model/tagModel.js
FN:13,(anonymous_0)
FN:34,(anonymous_1)
FN:55,(anonymous_2)
FN:76,(anonymous_3)
FN:96,(anonymous_4)
FN:118,(anonymous_5)
FN:130,(anonymous_6)
FNF:7
FNH:1
FNDA:16,(anonymous_0)
FNDA:0,(anonymous_1)
FNDA:0,(anonymous_2)
FNDA:0,(anonymous_3)
FNDA:0,(anonymous_4)
FNDA:0,(anonymous_5)
FNDA:0,(anonymous_6)
DA:9,1
DA:11,1
DA:13,1
DA:14,16
DA:22,16
DA:27,16
DA:28,16
DA:30,0
DA:34,1
DA:35,0
DA:43,0
DA:48,0
DA:49,0
DA:51,0
DA:55,1
DA:56,0
DA:64,0
DA:69,0
DA:70,0
DA:72,0
DA:76,1
DA:77,0
DA:84,0
DA:89,0
DA:90,0
DA:92,0
DA:96,1
DA:98,0
DA:109,0
DA:111,0
DA:112,0
DA:114,0
DA:118,1
DA:119,0
DA:121,0
DA:123,0
DA:124,0
DA:126,0
DA:130,1
DA:131,0
DA:138,0
DA:143,0
DA:144,0
DA:146,0
DA:150,1
LF:45
LH:14
BRDA:27,0,0,16
BRDA:27,0,1,0
BRDA:48,1,0,0
BRDA:48,1,1,0
BRDA:69,2,0,0
BRDA:69,2,1,0
BRDA:89,3,0,0
BRDA:89,3,1,0
BRDA:111,4,0,0
BRDA:111,4,1,0
BRDA:123,5,0,0
BRDA:123,5,1,0
BRDA:143,6,0,0
BRDA:143,6,1,0
BRF:14
BRH:1
end_of_record
TN:
SF:model/tagUsuarioModel.js
FN:13,(anonymous_0)
FN:29,(anonymous_1)
FN:41,(anonymous_2)
FN:55,(anonymous_3)
FN:68,(anonymous_4)
FNF:5
FNH:5
FNDA:2,(anonymous_0)
FNDA:8,(anonymous_1)
FNDA:8,(anonymous_2)
FNDA:4,(anonymous_3)
FNDA:1,(anonymous_4)
DA:9,1
DA:11,1
DA:13,1
DA:14,2
DA:18,2
DA:22,2
DA:23,2
DA:25,0
DA:29,1
DA:30,8
DA:32,8
DA:34,8
DA:35,8
DA:37,0
DA:41,1
DA:43,8
DA:46,8
DA:48,8
DA:49,8
DA:51,0
DA:55,1
DA:56,4
DA:58,4
DA:61,4
DA:62,4
DA:64,0
DA:68,1
DA:69,1
DA:71,1
DA:74,1
DA:75,1
DA:77,0
DA:81,1
LF:33
LH:28
BRDA:22,0,0,2
BRDA:22,0,1,0
BRDA:34,1,0,8
BRDA:34,1,1,0
BRDA:48,2,0,8
BRDA:48,2,1,0
BRDA:61,3,0,4
BRDA:61,3,1,0
BRDA:74,4,0,1
BRDA:74,4,1,0
BRF:10
BRH:5
end_of_record
TN:
SF:model/usuarioModel.js
FN:13,(anonymous_0)
FN:39,(anonymous_1)
FN:57,(anonymous_2)
FN:69,(anonymous_3)
FN:80,(anonymous_4)
FN:91,(anonymous_5)
FN:125,(anonymous_6)
FN:139,(anonymous_7)
FN:159,(anonymous_8)
FN:173,(anonymous_9)
FN:189,(anonymous_10)
FN:204,(anonymous_11)
FN:218,(anonymous_12)
FN:246,(anonymous_13)
FN:258,(anonymous_14)
FN:272,(anonymous_15)
FN:300,(anonymous_16)
FN:311,(anonymous_17)
FN:323,(anonymous_18)
FNF:19
FNH:13
FNDA:0,(anonymous_0)
FNDA:0,(anonymous_1)
FNDA:2,(anonymous_2)
FNDA:2,(anonymous_3)
FNDA:0,(anonymous_4)
FNDA:10,(anonymous_5)
FNDA:1,(anonymous_6)
FNDA:0,(anonymous_7)
FNDA:1,(anonymous_8)
FNDA:1,(anonymous_9)
FNDA:1,(anonymous_10)
FNDA:4,(anonymous_11)
FNDA:4,(anonymous_12)
FNDA:1,(anonymous_13)
FNDA:0,(anonymous_14)
FNDA:0,(anonymous_15)
FNDA:1,(anonymous_16)
FNDA:1,(anonymous_17)
FNDA:3,(anonymous_18)
DA:9,1
DA:11,1
DA:13,1
DA:14,0
DA:27,0
DA:31,0
DA:32,0
DA:34,0
DA:39,1
DA:41,0
DA:47,0
DA:49,0
DA:50,0
DA:52,0
DA:57,1
DA:58,2
DA:60,2
DA:62,2
DA:63,0
DA:65,2
DA:69,1
DA:70,2
DA:72,2
DA:73,2
DA:74,1
DA:76,1
DA:80,1
DA:81,0
DA:83,0
DA:84,0
DA:85,0
DA:87,0
DA:91,1
DA:93,10
DA:113,10
DA:115,10
DA:118,10
DA:119,8
DA:121,2
DA:125,1
DA:127,1
DA:130,1
DA:132,1
DA:133,1
DA:135,0
DA:139,1
DA:140,0
DA:148,0
DA:152,0
DA:153,0
DA:155,0
DA:159,1
DA:161,1
DA:164,1
DA:166,1
DA:167,1
DA:169,0
DA:173,1
DA:175,1
DA:180,1
DA:182,1
DA:183,1
DA:185,0
DA:189,1
DA:190,1
DA:195,1
DA:197,1
DA:198,1
DA:200,0
DA:204,1
DA:205,4
DA:208,4
DA:211,4
DA:212,4
DA:214,0
DA:218,1
DA:222,4
DA:235,4
DA:239,4
DA:240,4
DA:242,0
DA:246,1
DA:247,1
DA:249,1
DA:251,1
DA:252,1
DA:254,0
DA:258,1
DA:259,0
DA:263,0
DA:265,0
DA:266,0
DA:268,0
DA:272,1
DA:273,0
DA:289,0
DA:293,0
DA:294,0
DA:296,0
DA:300,1
DA:301,1
DA:303,1
DA:304,1
DA:305,1
DA:307,0
DA:311,1
DA:312,1
DA:314,1
DA:316,1
DA:317,0
DA:319,1
DA:323,1
DA:324,3
DA:326,3
DA:328,3
DA:329,3
DA:331,0
DA:335,1
LF:118
LH:77
BRDA:31,0,0,0
BRDA:31,0,1,0
BRDA:49,1,0,0
BRDA:49,1,1,0
BRDA:62,2,0,0
BRDA:62,2,1,2
BRDA:73,3,0,1
BRDA:73,3,1,1
BRDA:84,4,0,0
BRDA:84,4,1,0
BRDA:118,5,0,8
BRDA:118,5,1,2
BRDA:132,6,0,1
BRDA:132,6,1,0
BRDA:152,7,0,0
BRDA:152,7,1,0
BRDA:166,8,0,1
BRDA:166,8,1,0
BRDA:182,9,0,1
BRDA:182,9,1,0
BRDA:197,10,0,1
BRDA:197,10,1,0
BRDA:211,11,0,4
BRDA:211,11,1,0
BRDA:239,12,0,4
BRDA:239,12,1,0
BRDA:251,13,0,1
BRDA:251,13,1,0
BRDA:265,14,0,0
BRDA:265,14,1,0
BRDA:293,15,0,0
BRDA:293,15,1,0
BRDA:304,16,0,1
BRDA:304,16,1,0
BRDA:316,17,0,0
BRDA:316,17,1,1
BRDA:328,18,0,3
BRDA:328,18,1,0
BRF:38
BRH:15
end_of_record
TN:
SF:module/secret.js
FN:45,(anonymous_0)
FN:46,(anonymous_1)
FN:56,(anonymous_2)
FNF:3
FNH:0
FNDA:0,(anonymous_0)
FNDA:0,(anonymous_1)
FNDA:0,(anonymous_2)
DA:8,1
DA:9,1
DA:11,1
DA:12,1
DA:14,1
DA:21,1
DA:35,1
DA:45,1
DA:46,0
DA:47,0
DA:48,0
DA:49,0
DA:53,0
DA:56,1
DA:57,0
DA:59,0
DA:61,0
DA:65,0
DA:66,0
DA:69,0
DA:73,1
LF:21
LH:10
BRDA:47,0,0,0
BRDA:47,0,1,0
BRDA:48,1,0,0
BRDA:48,1,1,0
BRDA:65,2,0,0
BRDA:65,2,1,0
BRF:6
BRH:0
end_of_record
