TN:
SF:controller/usuarioController.js
FN:20,(anonymous_0)
FN:62,(anonymous_1)
FN:91,(anonymous_2)
FN:104,(anonymous_3)
FN:125,(anonymous_4)
FN:166,(anonymous_5)
FN:191,(anonymous_6)
FN:213,(anonymous_7)
FN:236,(anonymous_8)
FN:258,(anonymous_9)
FN:270,(anonymous_10)
FN:329,(anonymous_11)
FN:424,(anonymous_12)
FN:453,(anonymous_13)
FN:470,(anonymous_14)
FN:516,(anonymous_15)
FN:542,(anonymous_16)
FNF:17
FNH:6
FNDA:0,(anonymous_0)
FNDA:3,(anonymous_1)
FNDA:2,(anonymous_2)
FNDA:0,(anonymous_3)
FNDA:0,(anonymous_4)
FNDA:0,(anonymous_5)
FNDA:0,(anonymous_6)
FNDA:0,(anonymous_7)
FNDA:1,(anonymous_8)
FNDA:1,(anonymous_9)
FNDA:1,(anonymous_10)
FNDA:0,(anonymous_11)
FNDA:0,(anonymous_12)
FNDA:0,(anonymous_13)
FNDA:0,(anonymous_14)
FNDA:0,(anonymous_15)
FNDA:1,(anonymous_16)
DA:9,1
DA:12,1
DA:15,1
DA:16,1
DA:17,1
DA:18,1
DA:20,1
DA:21,0
DA:32,0
DA:34,0
DA:36,0
DA:37,0
DA:39,0
DA:42,0
DA:44,0
DA:47,0
DA:49,0
DA:50,0
DA:51,0
DA:52,0
DA:54,0
DA:56,0
DA:62,1
DA:63,3
DA:71,1
DA:74,2
DA:76,2
DA:78,2
DA:80,2
DA:81,2
DA:82,2
DA:83,2
DA:84,2
DA:86,0
DA:91,1
DA:92,2
DA:93,2
DA:94,0
DA:95,0
DA:96,0
DA:97,0
DA:98,0
DA:100,2
DA:104,1
DA:106,0
DA:108,0
DA:109,0
DA:111,0
DA:112,0
DA:113,0
DA:114,0
DA:116,0
DA:118,0
DA:121,0
DA:125,1
DA:126,0
DA:128,0
DA:132,0
DA:135,0
DA:137,0
DA:139,0
DA:141,0
DA:145,0
DA:147,0
DA:149,0
DA:151,0
DA:152,0
DA:153,0
DA:154,0
DA:156,0
DA:158,0
DA:161,0
DA:166,1
DA:168,0
DA:169,0
DA:170,0
DA:171,0
DA:174,0
DA:176,0
DA:178,0
DA:180,0
DA:181,0
DA:182,0
DA:183,0
DA:184,0
DA:186,0
DA:191,1
DA:193,0
DA:195,0
DA:197,0
DA:199,0
DA:200,0
DA:202,0
DA:203,0
DA:204,0
DA:205,0
DA:206,0
DA:208,0
DA:213,1
DA:214,0
DA:215,0
DA:218,0
DA:220,0
DA:222,0
DA:223,0
DA:224,0
DA:226,0
DA:229,0
DA:230,0
DA:231,0
DA:236,1
DA:239,1
DA:240,1
DA:241,1
DA:243,1
DA:244,0
DA:247,1
DA:251,1
DA:253,1
DA:257,1
DA:258,1
DA:259,1
DA:261,1
DA:262,1
DA:263,1
DA:264,1
DA:265,1
DA:267,1
DA:270,1
DA:271,1
DA:272,1
DA:273,1
DA:274,1
DA:275,1
DA:276,1
DA:277,1
DA:278,1
DA:279,1
DA:280,1
DA:282,1
DA:285,1
DA:287,1
DA:289,1
DA:290,1
DA:291,1
DA:293,1
DA:295,0
DA:296,0
DA:298,0
DA:302,0
DA:306,0
DA:309,0
DA:310,0
DA:312,0
DA:313,0
DA:317,0
DA:319,0
DA:320,0
DA:322,0
DA:329,1
DA:330,0
DA:332,0
DA:338,0
DA:349,0
DA:352,0
DA:356,0
DA:358,0
DA:360,0
DA:362,0
DA:364,0
DA:366,0
DA:368,0
DA:369,0
DA:371,0
DA:373,0
DA:377,0
DA:379,0
DA:383,0
DA:385,0
DA:386,0
DA:388,0
DA:392,0
DA:393,0
DA:395,0
DA:396,0
DA:398,0
DA:399,0
DA:400,0
DA:401,0
DA:402,0
DA:404,0
DA:408,0
DA:411,0
DA:413,0
DA:414,0
DA:415,0
DA:416,0
DA:417,0
DA:419,0
DA:424,1
DA:425,0
DA:426,0
DA:430,0
DA:431,0
DA:433,0
DA:435,0
DA:437,0
DA:439,0
DA:442,0
DA:444,0
DA:446,0
DA:448,0
DA:450,0
DA:453,1
DA:455,0
DA:457,0
DA:458,0
DA:460,0
DA:461,0
DA:462,0
DA:464,0
DA:466,0
DA:470,1
DA:471,0
DA:472,0
DA:474,0
DA:475,0
DA:476,0
DA:477,0
DA:480,0
DA:482,0
DA:484,0
DA:485,0
DA:487,0
DA:489,0
DA:502,0
DA:505,0
DA:506,0
DA:507,0
DA:509,0
DA:511,0
DA:516,1
DA:518,0
DA:519,0
DA:522,0
DA:524,0
DA:526,0
DA:527,0
DA:528,0
DA:529,0
DA:531,0
DA:532,0
DA:533,0
DA:535,0
DA:537,0
DA:542,1
DA:544,1
DA:545,1
DA:549,1
DA:553,1
DA:554,0
DA:555,0
DA:556,0
DA:557,0
DA:560,0
DA:562,0
DA:564,0
DA:566,0
DA:568,0
DA:570,0
DA:571,0
DA:572,0
DA:573,0
DA:575,0
DA:577,0
DA:582,1
LF:276
LH:73
BRDA:21,0,0,0
BRDA:21,0,1,0
BRDA:22,1,0,0
BRDA:22,1,1,0
BRDA:22,1,2,0
BRDA:22,1,3,0
BRDA:22,1,4,0
BRDA:22,1,5,0
BRDA:22,1,6,0
BRDA:22,1,7,0
BRDA:22,1,8,0
BRDA:36,2,0,0
BRDA:36,2,1,0
BRDA:42,3,0,0
BRDA:42,3,1,0
BRDA:63,4,0,1
BRDA:63,4,1,2
BRDA:64,5,0,3
BRDA:64,5,1,2
BRDA:64,5,2,2
BRDA:64,5,3,2
BRDA:64,5,4,2
BRDA:64,5,5,2
BRDA:76,6,0,2
BRDA:76,6,1,0
BRDA:93,7,0,0
BRDA:93,7,1,2
BRDA:108,8,0,0
BRDA:108,8,1,0
BRDA:111,9,0,0
BRDA:111,9,1,0
BRDA:126,10,0,0
BRDA:126,10,1,0
BRDA:126,11,0,0
BRDA:126,11,1,0
BRDA:126,11,2,0
BRDA:126,11,3,0
BRDA:126,11,4,0
BRDA:126,11,5,0
BRDA:126,11,6,0
BRDA:135,12,0,0
BRDA:135,12,1,0
BRDA:149,13,0,0
BRDA:149,13,1,0
BRDA:168,14,0,0
BRDA:168,14,1,0
BRDA:168,15,0,0
BRDA:168,15,1,0
BRDA:168,15,2,0
BRDA:168,15,3,0
BRDA:170,16,0,0
BRDA:170,16,1,0
BRDA:170,17,0,0
BRDA:170,17,1,0
BRDA:170,17,2,0
BRDA:176,18,0,0
BRDA:176,18,1,0
BRDA:193,19,0,0
BRDA:193,19,1,0
BRDA:193,20,0,0
BRDA:193,20,1,0
BRDA:193,20,2,0
BRDA:199,21,0,0
BRDA:199,21,1,0
BRDA:215,22,0,0
BRDA:215,22,1,0
BRDA:215,23,0,0
BRDA:215,23,1,0
BRDA:215,23,2,0
BRDA:215,23,3,0
BRDA:215,23,4,0
BRDA:215,23,5,0
BRDA:215,23,6,0
BRDA:215,23,7,0
BRDA:215,23,8,0
BRDA:222,24,0,0
BRDA:222,24,1,0
BRDA:243,25,0,0
BRDA:243,25,1,1
BRDA:243,26,0,1
BRDA:243,26,1,1
BRDA:243,26,2,1
BRDA:251,27,0,1
BRDA:251,27,1,0
BRDA:257,28,0,1
BRDA:257,28,1,0
BRDA:289,29,0,1
BRDA:289,29,1,0
BRDA:310,30,0,0
BRDA:310,30,1,0
BRDA:338,31,0,0
BRDA:338,31,1,0
BRDA:338,32,0,0
BRDA:338,32,1,0
BRDA:338,32,2,0
BRDA:338,32,3,0
BRDA:338,32,4,0
BRDA:338,32,5,0
BRDA:338,32,6,0
BRDA:338,32,7,0
BRDA:338,32,8,0
BRDA:338,32,9,0
BRDA:338,32,10,0
BRDA:338,32,11,0
BRDA:338,32,12,0
BRDA:338,32,13,0
BRDA:338,32,14,0
BRDA:338,32,15,0
BRDA:338,32,16,0
BRDA:338,32,17,0
BRDA:338,32,18,0
BRDA:338,32,19,0
BRDA:338,32,20,0
BRDA:338,32,21,0
BRDA:338,32,22,0
BRDA:338,32,23,0
BRDA:338,32,24,0
BRDA:338,32,25,0
BRDA:338,32,26,0
BRDA:338,32,27,0
BRDA:338,32,28,0
BRDA:338,32,29,0
BRDA:338,32,30,0
BRDA:338,32,31,0
BRDA:338,32,32,0
BRDA:352,33,0,0
BRDA:352,33,1,0
BRDA:356,34,0,0
BRDA:356,34,1,0
BRDA:360,35,0,0
BRDA:360,35,1,0
BRDA:392,36,0,0
BRDA:392,36,1,0
BRDA:395,37,0,0
BRDA:395,37,1,0
BRDA:398,38,0,0
BRDA:398,38,1,0
BRDA:413,39,0,0
BRDA:413,39,1,0
BRDA:457,40,0,0
BRDA:457,40,1,0
BRDA:474,41,0,0
BRDA:474,41,1,0
BRDA:474,42,0,0
BRDA:474,42,1,0
BRDA:474,42,2,0
BRDA:476,43,0,0
BRDA:476,43,1,0
BRDA:476,44,0,0
BRDA:476,44,1,0
BRDA:476,44,2,0
BRDA:476,44,3,0
BRDA:482,45,0,0
BRDA:482,45,1,0
BRDA:518,46,0,0
BRDA:518,46,1,0
BRDA:518,47,0,0
BRDA:518,47,1,0
BRDA:518,47,2,0
BRDA:526,48,0,0
BRDA:526,48,1,0
BRDA:528,49,0,0
BRDA:528,49,1,0
BRDA:549,50,0,1
BRDA:549,50,1,0
BRDA:549,51,0,1
BRDA:549,51,1,0
BRDA:549,51,2,0
BRDA:549,51,3,0
BRDA:549,51,4,0
BRDA:549,51,5,0
BRDA:549,51,6,0
BRDA:549,51,7,0
BRDA:549,51,8,0
BRDA:549,51,9,0
BRDA:549,51,10,0
BRDA:549,51,11,0
BRDA:554,52,0,0
BRDA:554,52,1,0
BRDA:556,53,0,0
BRDA:556,53,1,0
BRDA:562,54,0,0
BRDA:562,54,1,0
BRF:183
BRH:19
end_of_record
TN:
SF:controller/modulo/config.js
FNF:0
FNH:0
DA:9,1
DA:11,1
DA:13,1
DA:15,1
DA:17,1
DA:19,1
DA:21,1
DA:23,1
DA:25,1
DA:27,1
DA:29,1
DA:31,1
DA:33,1
DA:35,1
DA:37,1
DA:39,1
DA:41,1
DA:43,1
DA:45,1
DA:47,1
DA:49,1
DA:51,1
DA:53,1
DA:56,1
DA:58,1
DA:60,1
DA:62,1
DA:64,1
DA:66,1
DA:68,1
DA:70,1
DA:74,1
LF:32
LH:32
BRF:0
BRH:0
end_of_record
TN:
SF:middleware/middlewareJWT.js
FN:14,(anonymous_0)
FN:22,(anonymous_1)
FN:25,(anonymous_2)
FNF:3
FNH:1
FNDA:2,(anonymous_0)
FNDA:0,(anonymous_1)
FNDA:0,(anonymous_2)
DA:9,1
DA:11,1
DA:14,1
DA:16,2
DA:18,2
DA:22,1
DA:25,0
DA:26,0
DA:27,0
DA:29,0
DA:32,0
DA:35,1
LF:12
LH:7
BRDA:26,0,0,0
BRDA:26,0,1,0
BRF:2
BRH:0
end_of_record
TN:
SF:model/localizacaoModel.js
FN:13,(anonymous_0)
FN:26,(anonymous_1)
FN:44,(anonymous_2)
FN:57,(anonymous_3)
FN:81,(anonymous_4)
FN:97,(anonymous_5)
FN:123,(anonymous_6)
FN:135,(anonymous_7)
FNF:8
FNH:0
FNDA:0,(anonymous_0)
FNDA:0,(anonymous_1)
FNDA:0,(anonymous_2)
FNDA:0,(anonymous_3)
FNDA:0,(anonymous_4)
FNDA:0,(anonymous_5)
FNDA:0,(anonymous_6)
FNDA:0,(anonymous_7)
DA:9,1
DA:11,1
DA:13,1
DA:14,0
DA:16,0
DA:19,0
DA:20,0
DA:22,0
DA:26,1
DA:27,0
DA:35,0
DA:37,0
DA:38,0
DA:40,0
DA:44,1
DA:45,0
DA:47,0
DA:50,0
DA:51,0
DA:53,0
DA:57,1
DA:58,0
DA:72,0
DA:74,0
DA:75,0
DA:77,0
DA:81,1
DA:83,0
DA:88,0
DA:90,0
DA:91,0
DA:93,0
DA:97,1
DA:98,0
DA:112,0
DA:116,0
DA:117,0
DA:119,0
DA:123,1
DA:124,0
DA:126,0
DA:128,0
DA:129,0
DA:131,0
DA:135,1
DA:136,0
DA:138,0
DA:141,0
DA:142,0
DA:144,0
DA:148,1
LF:51
LH:11
BRDA:19,0,0,0
BRDA:19,0,1,0
BRDA:37,1,0,0
BRDA:37,1,1,0
BRDA:50,2,0,0
BRDA:50,2,1,0
BRDA:74,3,0,0
BRDA:74,3,1,0
BRDA:90,4,0,0
BRDA:90,4,1,0
BRDA:116,5,0,0
BRDA:116,5,1,0
BRDA:128,6,0,0
BRDA:128,6,1,0
BRDA:141,7,0,0
BRDA:141,7,1,0
BRF:16
BRH:0
end_of_record
TN:
SF:model/tagModel.js
FN:13,(anonymous_0)
FN:34,(anonymous_1)
FN:55,(anonymous_2)
FN:76,(anonymous_3)
FN:96,(anonymous_4)
FN:118,(anonymous_5)
FN:130,(anonymous_6)
FNF:7
FNH:0
FNDA:0,(anonymous_0)
FNDA:0,(anonymous_1)
FNDA:0,(anonymous_2)
FNDA:0,(anonymous_3)
FNDA:0,(anonymous_4)
FNDA:0,(anonymous_5)
FNDA:0,(anonymous_6)
DA:9,1
DA:11,1
DA:13,1
DA:14,0
DA:22,0
DA:27,0
DA:28,0
DA:30,0
DA:34,1
DA:35,0
DA:43,0
DA:48,0
DA:49,0
DA:51,0
DA:55,1
DA:56,0
DA:64,0
DA:69,0
DA:70,0
DA:72,0
DA:76,1
DA:77,0
DA:84,0
DA:89,0
DA:90,0
DA:92,0
DA:96,1
DA:98,0
DA:109,0
DA:111,0
DA:112,0
DA:114,0
DA:118,1
DA:119,0
DA:121,0
DA:123,0
DA:124,0
DA:126,0
DA:130,1
DA:131,0
DA:138,0
DA:143,0
DA:144,0
DA:146,0
DA:150,1
LF:45
LH:10
BRDA:27,0,0,0
BRDA:27,0,1,0
BRDA:48,1,0,0
BRDA:48,1,1,0
BRDA:69,2,0,0
BRDA:69,2,1,0
BRDA:89,3,0,0
BRDA:89,3,1,0
BRDA:111,4,0,0
BRDA:111,4,1,0
BRDA:123,5,0,0
BRDA:123,5,1,0
BRDA:143,6,0,0
BRDA:143,6,1,0
BRF:14
BRH:0
end_of_record
TN:
SF:model/tagUsuarioModel.js
FN:13,(anonymous_0)
FN:29,(anonymous_1)
FN:41,(anonymous_2)
FN:55,(anonymous_3)
FN:68,(anonymous_4)
FNF:5
FNH:1
FNDA:0,(anonymous_0)
FNDA:0,(anonymous_1)
FNDA:0,(anonymous_2)
FNDA:1,(anonymous_3)
FNDA:0,(anonymous_4)
DA:9,1
DA:11,1
DA:13,1
DA:14,0
DA:18,0
DA:22,0
DA:23,0
DA:25,0
DA:29,1
DA:30,0
DA:32,0
DA:34,0
DA:35,0
DA:37,0
DA:41,1
DA:43,0
DA:46,0
DA:48,0
DA:49,0
DA:51,0
DA:55,1
DA:56,1
DA:58,1
DA:61,1
DA:62,1
DA:64,0
DA:68,1
DA:69,0
DA:71,0
DA:74,0
DA:75,0
DA:77,0
DA:81,1
LF:33
LH:12
BRDA:22,0,0,0
BRDA:22,0,1,0
BRDA:34,1,0,0
BRDA:34,1,1,0
BRDA:48,2,0,0
BRDA:48,2,1,0
BRDA:61,3,0,1
BRDA:61,3,1,0
BRDA:74,4,0,0
BRDA:74,4,1,0
BRF:10
BRH:1
end_of_record
TN:
SF:model/usuarioModel.js
FN:13,(anonymous_0)
FN:35,(anonymous_1)
FN:53,(anonymous_2)
FN:65,(anonymous_3)
FN:82,(anonymous_4)
FN:115,(anonymous_5)
FN:129,(anonymous_6)
FN:148,(anonymous_7)
FN:162,(anonymous_8)
FN:178,(anonymous_9)
FN:193,(anonymous_10)
FN:207,(anonymous_11)
FN:235,(anonymous_12)
FN:247,(anonymous_13)
FN:261,(anonymous_14)
FN:289,(anonymous_15)
FN:300,(anonymous_16)
FNF:17
FNH:5
FNDA:0,(anonymous_0)
FNDA:0,(anonymous_1)
FNDA:2,(anonymous_2)
FNDA:2,(anonymous_3)
FNDA:0,(anonymous_4)
FNDA:0,(anonymous_5)
FNDA:0,(anonymous_6)
FNDA:0,(anonymous_7)
FNDA:0,(anonymous_8)
FNDA:0,(anonymous_9)
FNDA:1,(anonymous_10)
FNDA:0,(anonymous_11)
FNDA:0,(anonymous_12)
FNDA:0,(anonymous_13)
FNDA:0,(anonymous_14)
FNDA:1,(anonymous_15)
FNDA:1,(anonymous_16)
DA:9,1
DA:11,1
DA:13,1
DA:14,0
DA:25,0
DA:27,0
DA:28,0
DA:30,0
DA:35,1
DA:37,0
DA:43,0
DA:45,0
DA:46,0
DA:48,0
DA:53,1
DA:54,2
DA:56,2
DA:58,2
DA:59,2
DA:61,0
DA:65,1
DA:71,2
DA:74,2
DA:75,2
DA:76,0
DA:78,2
DA:82,1
DA:84,0
DA:104,0
DA:108,0
DA:109,0
DA:111,0
DA:115,1
DA:117,0
DA:120,0
DA:122,0
DA:123,0
DA:125,0
DA:129,1
DA:130,0
DA:138,0
DA:141,0
DA:142,0
DA:144,0
DA:148,1
DA:150,0
DA:153,0
DA:155,0
DA:156,0
DA:158,0
DA:162,1
DA:164,0
DA:169,0
DA:171,0
DA:172,0
DA:174,0
DA:178,1
DA:179,0
DA:184,0
DA:186,0
DA:187,0
DA:189,0
DA:193,1
DA:194,1
DA:197,1
DA:200,1
DA:201,1
DA:203,0
DA:207,1
DA:211,0
DA:224,0
DA:228,0
DA:229,0
DA:231,0
DA:235,1
DA:236,0
DA:238,0
DA:240,0
DA:241,0
DA:243,0
DA:247,1
DA:248,0
DA:252,0
DA:254,0
DA:255,0
DA:257,0
DA:261,1
DA:262,0
DA:278,0
DA:282,0
DA:283,0
DA:285,0
DA:289,1
DA:290,1
DA:292,1
DA:293,1
DA:294,0
DA:296,1
DA:300,1
DA:301,1
DA:303,1
DA:305,1
DA:306,0
DA:308,1
DA:312,1
LF:105
LH:40
BRDA:27,0,0,0
BRDA:27,0,1,0
BRDA:45,1,0,0
BRDA:45,1,1,0
BRDA:58,2,0,2
BRDA:58,2,1,0
BRDA:75,3,0,0
BRDA:75,3,1,2
BRDA:108,4,0,0
BRDA:108,4,1,0
BRDA:122,5,0,0
BRDA:122,5,1,0
BRDA:141,6,0,0
BRDA:141,6,1,0
BRDA:155,7,0,0
BRDA:155,7,1,0
BRDA:171,8,0,0
BRDA:171,8,1,0
BRDA:186,9,0,0
BRDA:186,9,1,0
BRDA:200,10,0,1
BRDA:200,10,1,0
BRDA:228,11,0,0
BRDA:228,11,1,0
BRDA:240,12,0,0
BRDA:240,12,1,0
BRDA:254,13,0,0
BRDA:254,13,1,0
BRDA:282,14,0,0
BRDA:282,14,1,0
BRDA:293,15,0,0
BRDA:293,15,1,1
BRDA:305,16,0,0
BRDA:305,16,1,1
BRF:34
BRH:5
end_of_record
TN:
SF:module/secret.js
FNF:0
FNH:0
DA:8,1
DA:9,1
DA:11,1
DA:12,1
DA:14,1
DA:16,1
DA:32,1
DA:42,1
LF:8
LH:8
BRF:0
BRH:0
end_of_record
